2023-04-27 14:32:42.837 [main] WARN  o.s.b.f.a.AutowiredAnnotationBeanPostProcessor - Autowired annotation is not supported on static fields: private static com.gt.quartzService.GenerateDayPaper com.gt.quartzService.GenerateDayPaper.createChildTable
2023-04-27 14:32:42.842 [main] WARN  o.s.b.f.a.AutowiredAnnotationBeanPostProcessor - Autowired annotation is not supported on static fields: private static com.gt.quartzService.GenerateManhourAssess com.gt.quartzService.GenerateManhourAssess.createChildTable
2023-04-27 14:32:42.843 [main] WARN  o.s.b.f.a.AutowiredAnnotationBeanPostProcessor - Autowired annotation is not supported on static fields: private static com.gt.quartzService.GenerateMeritAssess com.gt.quartzService.GenerateMeritAssess.createChildTable
2023-04-27 14:32:42.844 [main] WARN  o.s.b.f.a.AutowiredAnnotationBeanPostProcessor - Autowired annotation is not supported on static fields: private static com.gt.quartzService.GenerateMonthPaper com.gt.quartzService.GenerateMonthPaper.createChildTable
2023-04-27 14:32:42.846 [main] WARN  o.s.b.f.a.AutowiredAnnotationBeanPostProcessor - Autowired annotation is not supported on static fields: private static com.gt.quartzService.GenerateProjectAssess com.gt.quartzService.GenerateProjectAssess.createChildTable
2023-04-27 14:32:42.847 [main] WARN  o.s.b.f.a.AutowiredAnnotationBeanPostProcessor - Autowired annotation is not supported on static fields: private static com.gt.quartzService.GenerateWeekPaper com.gt.quartzService.GenerateWeekPaper.createChildTable
2023-04-27 14:32:43.403 [main] WARN  o.s.b.a.o.j.JpaBaseConfiguration$JpaWebConfiguration$JpaWebMvcConfiguration - spring.jpa.open-in-view is enabled by default. Therefore, database queries may be performed during view rendering. Explicitly configure spring.jpa.open-in-view to disable this warning
2023-04-27 14:32:44.453 [main] WARN  o.s.b.a.freemarker.FreeMarkerAutoConfiguration - Cannot find template location(s): [classpath:/templates/] (please add some templates, check your FreeMarker configuration, or set spring.freemarker.checkTemplateLocation=false)
2023-04-27 14:33:05.657 [http-nio-8091-exec-2] WARN  org.hibernate.dialect.function.TemplateRenderer - HHH000174: Function template anticipated 4 arguments, but 1 arguments encountered
2023-04-27 14:33:18.774 [http-nio-8091-exec-6] WARN  org.hibernate.dialect.function.TemplateRenderer - HHH000174: Function template anticipated 4 arguments, but 1 arguments encountered
2023-04-27 14:40:04.234 [main] WARN  o.s.b.f.a.AutowiredAnnotationBeanPostProcessor - Autowired annotation is not supported on static fields: private static com.gt.quartzService.GenerateDayPaper com.gt.quartzService.GenerateDayPaper.createChildTable
2023-04-27 14:40:04.237 [main] WARN  o.s.b.f.a.AutowiredAnnotationBeanPostProcessor - Autowired annotation is not supported on static fields: private static com.gt.quartzService.GenerateManhourAssess com.gt.quartzService.GenerateManhourAssess.createChildTable
2023-04-27 14:40:04.240 [main] WARN  o.s.b.f.a.AutowiredAnnotationBeanPostProcessor - Autowired annotation is not supported on static fields: private static com.gt.quartzService.GenerateMeritAssess com.gt.quartzService.GenerateMeritAssess.createChildTable
2023-04-27 14:40:04.243 [main] WARN  o.s.b.f.a.AutowiredAnnotationBeanPostProcessor - Autowired annotation is not supported on static fields: private static com.gt.quartzService.GenerateMonthPaper com.gt.quartzService.GenerateMonthPaper.createChildTable
2023-04-27 14:40:04.246 [main] WARN  o.s.b.f.a.AutowiredAnnotationBeanPostProcessor - Autowired annotation is not supported on static fields: private static com.gt.quartzService.GenerateProjectAssess com.gt.quartzService.GenerateProjectAssess.createChildTable
2023-04-27 14:40:04.250 [main] WARN  o.s.b.f.a.AutowiredAnnotationBeanPostProcessor - Autowired annotation is not supported on static fields: private static com.gt.quartzService.GenerateWeekPaper com.gt.quartzService.GenerateWeekPaper.createChildTable
2023-04-27 14:40:05.113 [main] WARN  o.s.b.a.o.j.JpaBaseConfiguration$JpaWebConfiguration$JpaWebMvcConfiguration - spring.jpa.open-in-view is enabled by default. Therefore, database queries may be performed during view rendering. Explicitly configure spring.jpa.open-in-view to disable this warning
2023-04-27 14:40:05.964 [main] WARN  o.s.b.a.freemarker.FreeMarkerAutoConfiguration - Cannot find template location(s): [classpath:/templates/] (please add some templates, check your FreeMarker configuration, or set spring.freemarker.checkTemplateLocation=false)
2023-04-27 16:06:28.629 [main] WARN  o.s.b.f.a.AutowiredAnnotationBeanPostProcessor - Autowired annotation is not supported on static fields: private static com.gt.quartzService.GenerateDayPaper com.gt.quartzService.GenerateDayPaper.createChildTable
2023-04-27 16:06:28.631 [main] WARN  o.s.b.f.a.AutowiredAnnotationBeanPostProcessor - Autowired annotation is not supported on static fields: private static com.gt.quartzService.GenerateManhourAssess com.gt.quartzService.GenerateManhourAssess.createChildTable
2023-04-27 16:06:28.632 [main] WARN  o.s.b.f.a.AutowiredAnnotationBeanPostProcessor - Autowired annotation is not supported on static fields: private static com.gt.quartzService.GenerateMeritAssess com.gt.quartzService.GenerateMeritAssess.createChildTable
2023-04-27 16:06:28.633 [main] WARN  o.s.b.f.a.AutowiredAnnotationBeanPostProcessor - Autowired annotation is not supported on static fields: private static com.gt.quartzService.GenerateMonthPaper com.gt.quartzService.GenerateMonthPaper.createChildTable
2023-04-27 16:06:28.634 [main] WARN  o.s.b.f.a.AutowiredAnnotationBeanPostProcessor - Autowired annotation is not supported on static fields: private static com.gt.quartzService.GenerateProjectAssess com.gt.quartzService.GenerateProjectAssess.createChildTable
2023-04-27 16:06:28.636 [main] WARN  o.s.b.f.a.AutowiredAnnotationBeanPostProcessor - Autowired annotation is not supported on static fields: private static com.gt.quartzService.GenerateWeekPaper com.gt.quartzService.GenerateWeekPaper.createChildTable
2023-04-27 16:06:29.110 [main] WARN  o.s.b.a.o.j.JpaBaseConfiguration$JpaWebConfiguration$JpaWebMvcConfiguration - spring.jpa.open-in-view is enabled by default. Therefore, database queries may be performed during view rendering. Explicitly configure spring.jpa.open-in-view to disable this warning
2023-04-27 16:06:29.900 [main] WARN  o.s.b.a.freemarker.FreeMarkerAutoConfiguration - Cannot find template location(s): [classpath:/templates/] (please add some templates, check your FreeMarker configuration, or set spring.freemarker.checkTemplateLocation=false)
2023-04-27 16:06:36.124 [http-nio-8091-exec-3] WARN  org.hibernate.dialect.function.TemplateRenderer - HHH000174: Function template anticipated 4 arguments, but 1 arguments encountered
2023-04-27 16:07:31.139 [http-nio-8091-exec-3] WARN  org.hibernate.dialect.function.TemplateRenderer - HHH000174: Function template anticipated 4 arguments, but 1 arguments encountered
2023-04-27 16:16:19.727 [main] WARN  o.s.b.f.a.AutowiredAnnotationBeanPostProcessor - Autowired annotation is not supported on static fields: private static com.gt.quartzService.GenerateDayPaper com.gt.quartzService.GenerateDayPaper.createChildTable
2023-04-27 16:16:19.728 [main] WARN  o.s.b.f.a.AutowiredAnnotationBeanPostProcessor - Autowired annotation is not supported on static fields: private static com.gt.quartzService.GenerateManhourAssess com.gt.quartzService.GenerateManhourAssess.createChildTable
2023-04-27 16:16:19.729 [main] WARN  o.s.b.f.a.AutowiredAnnotationBeanPostProcessor - Autowired annotation is not supported on static fields: private static com.gt.quartzService.GenerateMeritAssess com.gt.quartzService.GenerateMeritAssess.createChildTable
2023-04-27 16:16:19.730 [main] WARN  o.s.b.f.a.AutowiredAnnotationBeanPostProcessor - Autowired annotation is not supported on static fields: private static com.gt.quartzService.GenerateMonthPaper com.gt.quartzService.GenerateMonthPaper.createChildTable
2023-04-27 16:16:19.731 [main] WARN  o.s.b.f.a.AutowiredAnnotationBeanPostProcessor - Autowired annotation is not supported on static fields: private static com.gt.quartzService.GenerateProjectAssess com.gt.quartzService.GenerateProjectAssess.createChildTable
2023-04-27 16:16:19.733 [main] WARN  o.s.b.f.a.AutowiredAnnotationBeanPostProcessor - Autowired annotation is not supported on static fields: private static com.gt.quartzService.GenerateWeekPaper com.gt.quartzService.GenerateWeekPaper.createChildTable
2023-04-27 16:16:20.159 [main] WARN  o.s.b.a.o.j.JpaBaseConfiguration$JpaWebConfiguration$JpaWebMvcConfiguration - spring.jpa.open-in-view is enabled by default. Therefore, database queries may be performed during view rendering. Explicitly configure spring.jpa.open-in-view to disable this warning
2023-04-27 16:16:20.873 [main] WARN  o.s.b.a.freemarker.FreeMarkerAutoConfiguration - Cannot find template location(s): [classpath:/templates/] (please add some templates, check your FreeMarker configuration, or set spring.freemarker.checkTemplateLocation=false)
2023-04-27 16:16:45.208 [http-nio-8091-exec-7] WARN  org.hibernate.dialect.function.TemplateRenderer - HHH000174: Function template anticipated 4 arguments, but 1 arguments encountered
2023-04-27 16:17:25.139 [main] WARN  o.s.b.f.a.AutowiredAnnotationBeanPostProcessor - Autowired annotation is not supported on static fields: private static com.gt.quartzService.GenerateDayPaper com.gt.quartzService.GenerateDayPaper.createChildTable
2023-04-27 16:17:25.140 [main] WARN  o.s.b.f.a.AutowiredAnnotationBeanPostProcessor - Autowired annotation is not supported on static fields: private static com.gt.quartzService.GenerateManhourAssess com.gt.quartzService.GenerateManhourAssess.createChildTable
2023-04-27 16:17:25.141 [main] WARN  o.s.b.f.a.AutowiredAnnotationBeanPostProcessor - Autowired annotation is not supported on static fields: private static com.gt.quartzService.GenerateMeritAssess com.gt.quartzService.GenerateMeritAssess.createChildTable
2023-04-27 16:17:25.142 [main] WARN  o.s.b.f.a.AutowiredAnnotationBeanPostProcessor - Autowired annotation is not supported on static fields: private static com.gt.quartzService.GenerateMonthPaper com.gt.quartzService.GenerateMonthPaper.createChildTable
2023-04-27 16:17:25.144 [main] WARN  o.s.b.f.a.AutowiredAnnotationBeanPostProcessor - Autowired annotation is not supported on static fields: private static com.gt.quartzService.GenerateProjectAssess com.gt.quartzService.GenerateProjectAssess.createChildTable
2023-04-27 16:17:25.145 [main] WARN  o.s.b.f.a.AutowiredAnnotationBeanPostProcessor - Autowired annotation is not supported on static fields: private static com.gt.quartzService.GenerateWeekPaper com.gt.quartzService.GenerateWeekPaper.createChildTable
2023-04-27 16:17:25.577 [main] WARN  o.s.b.a.o.j.JpaBaseConfiguration$JpaWebConfiguration$JpaWebMvcConfiguration - spring.jpa.open-in-view is enabled by default. Therefore, database queries may be performed during view rendering. Explicitly configure spring.jpa.open-in-view to disable this warning
2023-04-27 16:17:26.324 [main] WARN  o.s.b.a.freemarker.FreeMarkerAutoConfiguration - Cannot find template location(s): [classpath:/templates/] (please add some templates, check your FreeMarker configuration, or set spring.freemarker.checkTemplateLocation=false)
2023-04-27 16:17:55.709 [http-nio-8091-exec-4] WARN  org.hibernate.dialect.function.TemplateRenderer - HHH000174: Function template anticipated 4 arguments, but 1 arguments encountered
2023-04-27 16:24:00.739 [main] WARN  o.s.b.f.a.AutowiredAnnotationBeanPostProcessor - Autowired annotation is not supported on static fields: private static com.gt.quartzService.GenerateDayPaper com.gt.quartzService.GenerateDayPaper.createChildTable
2023-04-27 16:24:00.741 [main] WARN  o.s.b.f.a.AutowiredAnnotationBeanPostProcessor - Autowired annotation is not supported on static fields: private static com.gt.quartzService.GenerateManhourAssess com.gt.quartzService.GenerateManhourAssess.createChildTable
2023-04-27 16:24:00.742 [main] WARN  o.s.b.f.a.AutowiredAnnotationBeanPostProcessor - Autowired annotation is not supported on static fields: private static com.gt.quartzService.GenerateMeritAssess com.gt.quartzService.GenerateMeritAssess.createChildTable
2023-04-27 16:24:00.743 [main] WARN  o.s.b.f.a.AutowiredAnnotationBeanPostProcessor - Autowired annotation is not supported on static fields: private static com.gt.quartzService.GenerateMonthPaper com.gt.quartzService.GenerateMonthPaper.createChildTable
2023-04-27 16:24:00.746 [main] WARN  o.s.b.f.a.AutowiredAnnotationBeanPostProcessor - Autowired annotation is not supported on static fields: private static com.gt.quartzService.GenerateProjectAssess com.gt.quartzService.GenerateProjectAssess.createChildTable
2023-04-27 16:24:00.747 [main] WARN  o.s.b.f.a.AutowiredAnnotationBeanPostProcessor - Autowired annotation is not supported on static fields: private static com.gt.quartzService.GenerateWeekPaper com.gt.quartzService.GenerateWeekPaper.createChildTable
2023-04-27 16:24:01.194 [main] WARN  o.s.b.a.o.j.JpaBaseConfiguration$JpaWebConfiguration$JpaWebMvcConfiguration - spring.jpa.open-in-view is enabled by default. Therefore, database queries may be performed during view rendering. Explicitly configure spring.jpa.open-in-view to disable this warning
2023-04-27 16:24:01.967 [main] WARN  o.s.b.a.freemarker.FreeMarkerAutoConfiguration - Cannot find template location(s): [classpath:/templates/] (please add some templates, check your FreeMarker configuration, or set spring.freemarker.checkTemplateLocation=false)
2023-04-27 16:24:19.717 [http-nio-8091-exec-3] WARN  org.hibernate.dialect.function.TemplateRenderer - HHH000174: Function template anticipated 4 arguments, but 1 arguments encountered
2023-04-27 16:26:38.078 [main] WARN  o.s.b.f.a.AutowiredAnnotationBeanPostProcessor - Autowired annotation is not supported on static fields: private static com.gt.quartzService.GenerateDayPaper com.gt.quartzService.GenerateDayPaper.createChildTable
2023-04-27 16:26:38.079 [main] WARN  o.s.b.f.a.AutowiredAnnotationBeanPostProcessor - Autowired annotation is not supported on static fields: private static com.gt.quartzService.GenerateManhourAssess com.gt.quartzService.GenerateManhourAssess.createChildTable
2023-04-27 16:26:38.081 [main] WARN  o.s.b.f.a.AutowiredAnnotationBeanPostProcessor - Autowired annotation is not supported on static fields: private static com.gt.quartzService.GenerateMeritAssess com.gt.quartzService.GenerateMeritAssess.createChildTable
2023-04-27 16:26:38.082 [main] WARN  o.s.b.f.a.AutowiredAnnotationBeanPostProcessor - Autowired annotation is not supported on static fields: private static com.gt.quartzService.GenerateMonthPaper com.gt.quartzService.GenerateMonthPaper.createChildTable
2023-04-27 16:26:38.083 [main] WARN  o.s.b.f.a.AutowiredAnnotationBeanPostProcessor - Autowired annotation is not supported on static fields: private static com.gt.quartzService.GenerateProjectAssess com.gt.quartzService.GenerateProjectAssess.createChildTable
2023-04-27 16:26:38.085 [main] WARN  o.s.b.f.a.AutowiredAnnotationBeanPostProcessor - Autowired annotation is not supported on static fields: private static com.gt.quartzService.GenerateWeekPaper com.gt.quartzService.GenerateWeekPaper.createChildTable
2023-04-27 16:26:38.537 [main] WARN  o.s.b.a.o.j.JpaBaseConfiguration$JpaWebConfiguration$JpaWebMvcConfiguration - spring.jpa.open-in-view is enabled by default. Therefore, database queries may be performed during view rendering. Explicitly configure spring.jpa.open-in-view to disable this warning
2023-04-27 16:26:39.409 [main] WARN  o.s.b.a.freemarker.FreeMarkerAutoConfiguration - Cannot find template location(s): [classpath:/templates/] (please add some templates, check your FreeMarker configuration, or set spring.freemarker.checkTemplateLocation=false)
2023-04-27 16:26:45.403 [http-nio-8091-exec-9] WARN  org.hibernate.dialect.function.TemplateRenderer - HHH000174: Function template anticipated 4 arguments, but 1 arguments encountered
2023-04-27 16:28:04.744 [main] WARN  o.s.b.f.a.AutowiredAnnotationBeanPostProcessor - Autowired annotation is not supported on static fields: private static com.gt.quartzService.GenerateDayPaper com.gt.quartzService.GenerateDayPaper.createChildTable
2023-04-27 16:28:04.745 [main] WARN  o.s.b.f.a.AutowiredAnnotationBeanPostProcessor - Autowired annotation is not supported on static fields: private static com.gt.quartzService.GenerateManhourAssess com.gt.quartzService.GenerateManhourAssess.createChildTable
2023-04-27 16:28:04.747 [main] WARN  o.s.b.f.a.AutowiredAnnotationBeanPostProcessor - Autowired annotation is not supported on static fields: private static com.gt.quartzService.GenerateMeritAssess com.gt.quartzService.GenerateMeritAssess.createChildTable
2023-04-27 16:28:04.748 [main] WARN  o.s.b.f.a.AutowiredAnnotationBeanPostProcessor - Autowired annotation is not supported on static fields: private static com.gt.quartzService.GenerateMonthPaper com.gt.quartzService.GenerateMonthPaper.createChildTable
2023-04-27 16:28:04.749 [main] WARN  o.s.b.f.a.AutowiredAnnotationBeanPostProcessor - Autowired annotation is not supported on static fields: private static com.gt.quartzService.GenerateProjectAssess com.gt.quartzService.GenerateProjectAssess.createChildTable
2023-04-27 16:28:04.751 [main] WARN  o.s.b.f.a.AutowiredAnnotationBeanPostProcessor - Autowired annotation is not supported on static fields: private static com.gt.quartzService.GenerateWeekPaper com.gt.quartzService.GenerateWeekPaper.createChildTable
2023-04-27 16:28:05.222 [main] WARN  o.s.b.a.o.j.JpaBaseConfiguration$JpaWebConfiguration$JpaWebMvcConfiguration - spring.jpa.open-in-view is enabled by default. Therefore, database queries may be performed during view rendering. Explicitly configure spring.jpa.open-in-view to disable this warning
2023-04-27 16:28:06.037 [main] WARN  o.s.b.a.freemarker.FreeMarkerAutoConfiguration - Cannot find template location(s): [classpath:/templates/] (please add some templates, check your FreeMarker configuration, or set spring.freemarker.checkTemplateLocation=false)
2023-04-27 16:28:11.521 [http-nio-8091-exec-5] WARN  org.hibernate.dialect.function.TemplateRenderer - HHH000174: Function template anticipated 4 arguments, but 1 arguments encountered
2023-04-27 16:30:25.642 [main] WARN  o.s.b.f.a.AutowiredAnnotationBeanPostProcessor - Autowired annotation is not supported on static fields: private static com.gt.quartzService.GenerateDayPaper com.gt.quartzService.GenerateDayPaper.createChildTable
2023-04-27 16:30:25.643 [main] WARN  o.s.b.f.a.AutowiredAnnotationBeanPostProcessor - Autowired annotation is not supported on static fields: private static com.gt.quartzService.GenerateManhourAssess com.gt.quartzService.GenerateManhourAssess.createChildTable
2023-04-27 16:30:25.644 [main] WARN  o.s.b.f.a.AutowiredAnnotationBeanPostProcessor - Autowired annotation is not supported on static fields: private static com.gt.quartzService.GenerateMeritAssess com.gt.quartzService.GenerateMeritAssess.createChildTable
2023-04-27 16:30:25.646 [main] WARN  o.s.b.f.a.AutowiredAnnotationBeanPostProcessor - Autowired annotation is not supported on static fields: private static com.gt.quartzService.GenerateMonthPaper com.gt.quartzService.GenerateMonthPaper.createChildTable
2023-04-27 16:30:25.647 [main] WARN  o.s.b.f.a.AutowiredAnnotationBeanPostProcessor - Autowired annotation is not supported on static fields: private static com.gt.quartzService.GenerateProjectAssess com.gt.quartzService.GenerateProjectAssess.createChildTable
2023-04-27 16:30:25.648 [main] WARN  o.s.b.f.a.AutowiredAnnotationBeanPostProcessor - Autowired annotation is not supported on static fields: private static com.gt.quartzService.GenerateWeekPaper com.gt.quartzService.GenerateWeekPaper.createChildTable
2023-04-27 16:30:26.231 [main] WARN  o.s.b.a.o.j.JpaBaseConfiguration$JpaWebConfiguration$JpaWebMvcConfiguration - spring.jpa.open-in-view is enabled by default. Therefore, database queries may be performed during view rendering. Explicitly configure spring.jpa.open-in-view to disable this warning
2023-04-27 16:30:26.992 [main] WARN  o.s.b.a.freemarker.FreeMarkerAutoConfiguration - Cannot find template location(s): [classpath:/templates/] (please add some templates, check your FreeMarker configuration, or set spring.freemarker.checkTemplateLocation=false)
2023-04-27 16:30:37.481 [http-nio-8091-exec-4] WARN  org.hibernate.dialect.function.TemplateRenderer - HHH000174: Function template anticipated 4 arguments, but 1 arguments encountered
2023-04-27 16:42:34.106 [main] WARN  o.s.b.f.a.AutowiredAnnotationBeanPostProcessor - Autowired annotation is not supported on static fields: private static com.gt.quartzService.GenerateDayPaper com.gt.quartzService.GenerateDayPaper.createChildTable
2023-04-27 16:42:34.107 [main] WARN  o.s.b.f.a.AutowiredAnnotationBeanPostProcessor - Autowired annotation is not supported on static fields: private static com.gt.quartzService.GenerateManhourAssess com.gt.quartzService.GenerateManhourAssess.createChildTable
2023-04-27 16:42:34.108 [main] WARN  o.s.b.f.a.AutowiredAnnotationBeanPostProcessor - Autowired annotation is not supported on static fields: private static com.gt.quartzService.GenerateMeritAssess com.gt.quartzService.GenerateMeritAssess.createChildTable
2023-04-27 16:42:34.110 [main] WARN  o.s.b.f.a.AutowiredAnnotationBeanPostProcessor - Autowired annotation is not supported on static fields: private static com.gt.quartzService.GenerateMonthPaper com.gt.quartzService.GenerateMonthPaper.createChildTable
2023-04-27 16:42:34.111 [main] WARN  o.s.b.f.a.AutowiredAnnotationBeanPostProcessor - Autowired annotation is not supported on static fields: private static com.gt.quartzService.GenerateProjectAssess com.gt.quartzService.GenerateProjectAssess.createChildTable
2023-04-27 16:42:34.112 [main] WARN  o.s.b.f.a.AutowiredAnnotationBeanPostProcessor - Autowired annotation is not supported on static fields: private static com.gt.quartzService.GenerateWeekPaper com.gt.quartzService.GenerateWeekPaper.createChildTable
2023-04-27 16:42:34.522 [main] WARN  o.s.b.a.o.j.JpaBaseConfiguration$JpaWebConfiguration$JpaWebMvcConfiguration - spring.jpa.open-in-view is enabled by default. Therefore, database queries may be performed during view rendering. Explicitly configure spring.jpa.open-in-view to disable this warning
2023-04-27 16:42:35.318 [main] WARN  o.s.b.a.freemarker.FreeMarkerAutoConfiguration - Cannot find template location(s): [classpath:/templates/] (please add some templates, check your FreeMarker configuration, or set spring.freemarker.checkTemplateLocation=false)
2023-04-27 16:43:44.077 [http-nio-8091-exec-5] WARN  org.hibernate.dialect.function.TemplateRenderer - HHH000174: Function template anticipated 4 arguments, but 1 arguments encountered
2023-04-27 16:51:20.897 [main] WARN  o.s.b.f.a.AutowiredAnnotationBeanPostProcessor - Autowired annotation is not supported on static fields: private static com.gt.quartzService.GenerateDayPaper com.gt.quartzService.GenerateDayPaper.createChildTable
2023-04-27 16:51:20.898 [main] WARN  o.s.b.f.a.AutowiredAnnotationBeanPostProcessor - Autowired annotation is not supported on static fields: private static com.gt.quartzService.GenerateManhourAssess com.gt.quartzService.GenerateManhourAssess.createChildTable
2023-04-27 16:51:20.899 [main] WARN  o.s.b.f.a.AutowiredAnnotationBeanPostProcessor - Autowired annotation is not supported on static fields: private static com.gt.quartzService.GenerateMeritAssess com.gt.quartzService.GenerateMeritAssess.createChildTable
2023-04-27 16:51:20.901 [main] WARN  o.s.b.f.a.AutowiredAnnotationBeanPostProcessor - Autowired annotation is not supported on static fields: private static com.gt.quartzService.GenerateMonthPaper com.gt.quartzService.GenerateMonthPaper.createChildTable
2023-04-27 16:51:20.902 [main] WARN  o.s.b.f.a.AutowiredAnnotationBeanPostProcessor - Autowired annotation is not supported on static fields: private static com.gt.quartzService.GenerateProjectAssess com.gt.quartzService.GenerateProjectAssess.createChildTable
2023-04-27 16:51:20.903 [main] WARN  o.s.b.f.a.AutowiredAnnotationBeanPostProcessor - Autowired annotation is not supported on static fields: private static com.gt.quartzService.GenerateWeekPaper com.gt.quartzService.GenerateWeekPaper.createChildTable
2023-04-27 16:51:21.301 [main] WARN  o.s.b.a.o.j.JpaBaseConfiguration$JpaWebConfiguration$JpaWebMvcConfiguration - spring.jpa.open-in-view is enabled by default. Therefore, database queries may be performed during view rendering. Explicitly configure spring.jpa.open-in-view to disable this warning
2023-04-27 16:51:22.055 [main] WARN  o.s.b.a.freemarker.FreeMarkerAutoConfiguration - Cannot find template location(s): [classpath:/templates/] (please add some templates, check your FreeMarker configuration, or set spring.freemarker.checkTemplateLocation=false)
2023-04-27 16:53:53.890 [main] WARN  o.s.b.f.a.AutowiredAnnotationBeanPostProcessor - Autowired annotation is not supported on static fields: private static com.gt.quartzService.GenerateDayPaper com.gt.quartzService.GenerateDayPaper.createChildTable
2023-04-27 16:53:53.892 [main] WARN  o.s.b.f.a.AutowiredAnnotationBeanPostProcessor - Autowired annotation is not supported on static fields: private static com.gt.quartzService.GenerateManhourAssess com.gt.quartzService.GenerateManhourAssess.createChildTable
2023-04-27 16:53:53.895 [main] WARN  o.s.b.f.a.AutowiredAnnotationBeanPostProcessor - Autowired annotation is not supported on static fields: private static com.gt.quartzService.GenerateMeritAssess com.gt.quartzService.GenerateMeritAssess.createChildTable
2023-04-27 16:53:53.898 [main] WARN  o.s.b.f.a.AutowiredAnnotationBeanPostProcessor - Autowired annotation is not supported on static fields: private static com.gt.quartzService.GenerateMonthPaper com.gt.quartzService.GenerateMonthPaper.createChildTable
2023-04-27 16:53:53.907 [main] WARN  o.s.b.f.a.AutowiredAnnotationBeanPostProcessor - Autowired annotation is not supported on static fields: private static com.gt.quartzService.GenerateProjectAssess com.gt.quartzService.GenerateProjectAssess.createChildTable
2023-04-27 16:53:53.910 [main] WARN  o.s.b.f.a.AutowiredAnnotationBeanPostProcessor - Autowired annotation is not supported on static fields: private static com.gt.quartzService.GenerateWeekPaper com.gt.quartzService.GenerateWeekPaper.createChildTable
2023-04-27 16:53:55.085 [main] WARN  o.s.b.a.o.j.JpaBaseConfiguration$JpaWebConfiguration$JpaWebMvcConfiguration - spring.jpa.open-in-view is enabled by default. Therefore, database queries may be performed during view rendering. Explicitly configure spring.jpa.open-in-view to disable this warning
2023-04-27 16:53:55.960 [main] WARN  o.s.b.a.freemarker.FreeMarkerAutoConfiguration - Cannot find template location(s): [classpath:/templates/] (please add some templates, check your FreeMarker configuration, or set spring.freemarker.checkTemplateLocation=false)
2023-04-27 16:53:59.488 [http-nio-8091-exec-3] WARN  org.hibernate.dialect.function.TemplateRenderer - HHH000174: Function template anticipated 4 arguments, but 1 arguments encountered
2023-04-27 16:59:37.247 [main] WARN  o.s.b.f.a.AutowiredAnnotationBeanPostProcessor - Autowired annotation is not supported on static fields: private static com.gt.quartzService.GenerateDayPaper com.gt.quartzService.GenerateDayPaper.createChildTable
2023-04-27 16:59:37.248 [main] WARN  o.s.b.f.a.AutowiredAnnotationBeanPostProcessor - Autowired annotation is not supported on static fields: private static com.gt.quartzService.GenerateManhourAssess com.gt.quartzService.GenerateManhourAssess.createChildTable
2023-04-27 16:59:37.249 [main] WARN  o.s.b.f.a.AutowiredAnnotationBeanPostProcessor - Autowired annotation is not supported on static fields: private static com.gt.quartzService.GenerateMeritAssess com.gt.quartzService.GenerateMeritAssess.createChildTable
2023-04-27 16:59:37.250 [main] WARN  o.s.b.f.a.AutowiredAnnotationBeanPostProcessor - Autowired annotation is not supported on static fields: private static com.gt.quartzService.GenerateMonthPaper com.gt.quartzService.GenerateMonthPaper.createChildTable
2023-04-27 16:59:37.252 [main] WARN  o.s.b.f.a.AutowiredAnnotationBeanPostProcessor - Autowired annotation is not supported on static fields: private static com.gt.quartzService.GenerateProjectAssess com.gt.quartzService.GenerateProjectAssess.createChildTable
2023-04-27 16:59:37.253 [main] WARN  o.s.b.f.a.AutowiredAnnotationBeanPostProcessor - Autowired annotation is not supported on static fields: private static com.gt.quartzService.GenerateWeekPaper com.gt.quartzService.GenerateWeekPaper.createChildTable
2023-04-27 16:59:37.673 [main] WARN  o.s.b.a.o.j.JpaBaseConfiguration$JpaWebConfiguration$JpaWebMvcConfiguration - spring.jpa.open-in-view is enabled by default. Therefore, database queries may be performed during view rendering. Explicitly configure spring.jpa.open-in-view to disable this warning
2023-04-27 16:59:38.398 [main] WARN  o.s.b.a.freemarker.FreeMarkerAutoConfiguration - Cannot find template location(s): [classpath:/templates/] (please add some templates, check your FreeMarker configuration, or set spring.freemarker.checkTemplateLocation=false)
2023-04-27 16:59:42.492 [http-nio-8091-exec-3] WARN  org.hibernate.dialect.function.TemplateRenderer - HHH000174: Function template anticipated 4 arguments, but 1 arguments encountered
2023-04-27 17:02:50.122 [http-nio-8091-exec-5] WARN  org.hibernate.dialect.function.TemplateRenderer - HHH000174: Function template anticipated 4 arguments, but 1 arguments encountered
2023-04-27 17:14:22.153 [main] WARN  o.s.b.f.a.AutowiredAnnotationBeanPostProcessor - Autowired annotation is not supported on static fields: private static com.gt.quartzService.GenerateDayPaper com.gt.quartzService.GenerateDayPaper.createChildTable
2023-04-27 17:14:22.155 [main] WARN  o.s.b.f.a.AutowiredAnnotationBeanPostProcessor - Autowired annotation is not supported on static fields: private static com.gt.quartzService.GenerateManhourAssess com.gt.quartzService.GenerateManhourAssess.createChildTable
2023-04-27 17:14:22.156 [main] WARN  o.s.b.f.a.AutowiredAnnotationBeanPostProcessor - Autowired annotation is not supported on static fields: private static com.gt.quartzService.GenerateMeritAssess com.gt.quartzService.GenerateMeritAssess.createChildTable
2023-04-27 17:14:22.158 [main] WARN  o.s.b.f.a.AutowiredAnnotationBeanPostProcessor - Autowired annotation is not supported on static fields: private static com.gt.quartzService.GenerateMonthPaper com.gt.quartzService.GenerateMonthPaper.createChildTable
2023-04-27 17:14:22.160 [main] WARN  o.s.b.f.a.AutowiredAnnotationBeanPostProcessor - Autowired annotation is not supported on static fields: private static com.gt.quartzService.GenerateProjectAssess com.gt.quartzService.GenerateProjectAssess.createChildTable
2023-04-27 17:14:22.162 [main] WARN  o.s.b.f.a.AutowiredAnnotationBeanPostProcessor - Autowired annotation is not supported on static fields: private static com.gt.quartzService.GenerateWeekPaper com.gt.quartzService.GenerateWeekPaper.createChildTable
2023-04-27 17:14:22.627 [main] WARN  o.s.b.a.o.j.JpaBaseConfiguration$JpaWebConfiguration$JpaWebMvcConfiguration - spring.jpa.open-in-view is enabled by default. Therefore, database queries may be performed during view rendering. Explicitly configure spring.jpa.open-in-view to disable this warning
2023-04-27 17:14:23.428 [main] WARN  o.s.b.a.freemarker.FreeMarkerAutoConfiguration - Cannot find template location(s): [classpath:/templates/] (please add some templates, check your FreeMarker configuration, or set spring.freemarker.checkTemplateLocation=false)
2023-04-27 17:14:31.341 [http-nio-8091-exec-3] WARN  org.hibernate.dialect.function.TemplateRenderer - HHH000174: Function template anticipated 4 arguments, but 1 arguments encountered
2023-04-27 17:15:01.333 [main] WARN  o.s.b.f.a.AutowiredAnnotationBeanPostProcessor - Autowired annotation is not supported on static fields: private static com.gt.quartzService.GenerateDayPaper com.gt.quartzService.GenerateDayPaper.createChildTable
2023-04-27 17:15:01.335 [main] WARN  o.s.b.f.a.AutowiredAnnotationBeanPostProcessor - Autowired annotation is not supported on static fields: private static com.gt.quartzService.GenerateManhourAssess com.gt.quartzService.GenerateManhourAssess.createChildTable
2023-04-27 17:15:01.337 [main] WARN  o.s.b.f.a.AutowiredAnnotationBeanPostProcessor - Autowired annotation is not supported on static fields: private static com.gt.quartzService.GenerateMeritAssess com.gt.quartzService.GenerateMeritAssess.createChildTable
2023-04-27 17:15:01.339 [main] WARN  o.s.b.f.a.AutowiredAnnotationBeanPostProcessor - Autowired annotation is not supported on static fields: private static com.gt.quartzService.GenerateMonthPaper com.gt.quartzService.GenerateMonthPaper.createChildTable
2023-04-27 17:15:01.342 [main] WARN  o.s.b.f.a.AutowiredAnnotationBeanPostProcessor - Autowired annotation is not supported on static fields: private static com.gt.quartzService.GenerateProjectAssess com.gt.quartzService.GenerateProjectAssess.createChildTable
2023-04-27 17:15:01.344 [main] WARN  o.s.b.f.a.AutowiredAnnotationBeanPostProcessor - Autowired annotation is not supported on static fields: private static com.gt.quartzService.GenerateWeekPaper com.gt.quartzService.GenerateWeekPaper.createChildTable
2023-04-27 17:15:01.952 [main] WARN  o.s.b.a.o.j.JpaBaseConfiguration$JpaWebConfiguration$JpaWebMvcConfiguration - spring.jpa.open-in-view is enabled by default. Therefore, database queries may be performed during view rendering. Explicitly configure spring.jpa.open-in-view to disable this warning
2023-04-27 17:15:02.855 [main] WARN  o.s.b.a.freemarker.FreeMarkerAutoConfiguration - Cannot find template location(s): [classpath:/templates/] (please add some templates, check your FreeMarker configuration, or set spring.freemarker.checkTemplateLocation=false)
2023-04-27 17:15:15.444 [http-nio-8091-exec-3] WARN  org.hibernate.dialect.function.TemplateRenderer - HHH000174: Function template anticipated 4 arguments, but 1 arguments encountered
2023-04-27 17:15:29.046 [http-nio-8091-exec-9] WARN  org.hibernate.dialect.function.TemplateRenderer - HHH000174: Function template anticipated 4 arguments, but 1 arguments encountered
2023-04-27 17:15:54.764 [main] WARN  o.s.b.f.a.AutowiredAnnotationBeanPostProcessor - Autowired annotation is not supported on static fields: private static com.gt.quartzService.GenerateDayPaper com.gt.quartzService.GenerateDayPaper.createChildTable
2023-04-27 17:15:54.767 [main] WARN  o.s.b.f.a.AutowiredAnnotationBeanPostProcessor - Autowired annotation is not supported on static fields: private static com.gt.quartzService.GenerateManhourAssess com.gt.quartzService.GenerateManhourAssess.createChildTable
2023-04-27 17:15:54.768 [main] WARN  o.s.b.f.a.AutowiredAnnotationBeanPostProcessor - Autowired annotation is not supported on static fields: private static com.gt.quartzService.GenerateMeritAssess com.gt.quartzService.GenerateMeritAssess.createChildTable
2023-04-27 17:15:54.770 [main] WARN  o.s.b.f.a.AutowiredAnnotationBeanPostProcessor - Autowired annotation is not supported on static fields: private static com.gt.quartzService.GenerateMonthPaper com.gt.quartzService.GenerateMonthPaper.createChildTable
2023-04-27 17:15:54.772 [main] WARN  o.s.b.f.a.AutowiredAnnotationBeanPostProcessor - Autowired annotation is not supported on static fields: private static com.gt.quartzService.GenerateProjectAssess com.gt.quartzService.GenerateProjectAssess.createChildTable
2023-04-27 17:15:54.774 [main] WARN  o.s.b.f.a.AutowiredAnnotationBeanPostProcessor - Autowired annotation is not supported on static fields: private static com.gt.quartzService.GenerateWeekPaper com.gt.quartzService.GenerateWeekPaper.createChildTable
2023-04-27 17:15:55.411 [main] WARN  o.s.b.a.o.j.JpaBaseConfiguration$JpaWebConfiguration$JpaWebMvcConfiguration - spring.jpa.open-in-view is enabled by default. Therefore, database queries may be performed during view rendering. Explicitly configure spring.jpa.open-in-view to disable this warning
2023-04-27 17:15:56.614 [main] WARN  o.s.b.a.freemarker.FreeMarkerAutoConfiguration - Cannot find template location(s): [classpath:/templates/] (please add some templates, check your FreeMarker configuration, or set spring.freemarker.checkTemplateLocation=false)
2023-04-27 17:15:59.506 [http-nio-8091-exec-3] WARN  org.hibernate.dialect.function.TemplateRenderer - HHH000174: Function template anticipated 4 arguments, but 1 arguments encountered
2023-04-27 17:25:16.076 [main] WARN  o.s.b.f.a.AutowiredAnnotationBeanPostProcessor - Autowired annotation is not supported on static fields: private static com.gt.quartzService.GenerateDayPaper com.gt.quartzService.GenerateDayPaper.createChildTable
2023-04-27 17:25:16.078 [main] WARN  o.s.b.f.a.AutowiredAnnotationBeanPostProcessor - Autowired annotation is not supported on static fields: private static com.gt.quartzService.GenerateManhourAssess com.gt.quartzService.GenerateManhourAssess.createChildTable
2023-04-27 17:25:16.079 [main] WARN  o.s.b.f.a.AutowiredAnnotationBeanPostProcessor - Autowired annotation is not supported on static fields: private static com.gt.quartzService.GenerateMeritAssess com.gt.quartzService.GenerateMeritAssess.createChildTable
2023-04-27 17:25:16.080 [main] WARN  o.s.b.f.a.AutowiredAnnotationBeanPostProcessor - Autowired annotation is not supported on static fields: private static com.gt.quartzService.GenerateMonthPaper com.gt.quartzService.GenerateMonthPaper.createChildTable
2023-04-27 17:25:16.081 [main] WARN  o.s.b.f.a.AutowiredAnnotationBeanPostProcessor - Autowired annotation is not supported on static fields: private static com.gt.quartzService.GenerateProjectAssess com.gt.quartzService.GenerateProjectAssess.createChildTable
2023-04-27 17:25:16.083 [main] WARN  o.s.b.f.a.AutowiredAnnotationBeanPostProcessor - Autowired annotation is not supported on static fields: private static com.gt.quartzService.GenerateWeekPaper com.gt.quartzService.GenerateWeekPaper.createChildTable
2023-04-27 17:25:16.507 [main] WARN  o.s.b.a.o.j.JpaBaseConfiguration$JpaWebConfiguration$JpaWebMvcConfiguration - spring.jpa.open-in-view is enabled by default. Therefore, database queries may be performed during view rendering. Explicitly configure spring.jpa.open-in-view to disable this warning
2023-04-27 17:25:17.218 [main] WARN  o.s.b.a.freemarker.FreeMarkerAutoConfiguration - Cannot find template location(s): [classpath:/templates/] (please add some templates, check your FreeMarker configuration, or set spring.freemarker.checkTemplateLocation=false)
2023-04-27 17:25:23.251 [http-nio-8091-exec-3] WARN  org.hibernate.dialect.function.TemplateRenderer - HHH000174: Function template anticipated 4 arguments, but 1 arguments encountered
2023-04-27 17:25:34.789 [http-nio-8091-exec-9] WARN  org.hibernate.dialect.function.TemplateRenderer - HHH000174: Function template anticipated 4 arguments, but 1 arguments encountered
2023-04-27 17:49:22.287 [main] WARN  o.s.b.f.a.AutowiredAnnotationBeanPostProcessor - Autowired annotation is not supported on static fields: private static com.gt.quartzService.GenerateDayPaper com.gt.quartzService.GenerateDayPaper.createChildTable
2023-04-27 17:49:22.289 [main] WARN  o.s.b.f.a.AutowiredAnnotationBeanPostProcessor - Autowired annotation is not supported on static fields: private static com.gt.quartzService.GenerateManhourAssess com.gt.quartzService.GenerateManhourAssess.createChildTable
2023-04-27 17:49:22.290 [main] WARN  o.s.b.f.a.AutowiredAnnotationBeanPostProcessor - Autowired annotation is not supported on static fields: private static com.gt.quartzService.GenerateMeritAssess com.gt.quartzService.GenerateMeritAssess.createChildTable
2023-04-27 17:49:22.291 [main] WARN  o.s.b.f.a.AutowiredAnnotationBeanPostProcessor - Autowired annotation is not supported on static fields: private static com.gt.quartzService.GenerateMonthPaper com.gt.quartzService.GenerateMonthPaper.createChildTable
2023-04-27 17:49:22.293 [main] WARN  o.s.b.f.a.AutowiredAnnotationBeanPostProcessor - Autowired annotation is not supported on static fields: private static com.gt.quartzService.GenerateProjectAssess com.gt.quartzService.GenerateProjectAssess.createChildTable
2023-04-27 17:49:22.294 [main] WARN  o.s.b.f.a.AutowiredAnnotationBeanPostProcessor - Autowired annotation is not supported on static fields: private static com.gt.quartzService.GenerateWeekPaper com.gt.quartzService.GenerateWeekPaper.createChildTable
2023-04-27 17:49:22.768 [main] WARN  o.s.b.a.o.j.JpaBaseConfiguration$JpaWebConfiguration$JpaWebMvcConfiguration - spring.jpa.open-in-view is enabled by default. Therefore, database queries may be performed during view rendering. Explicitly configure spring.jpa.open-in-view to disable this warning
2023-04-27 17:49:23.683 [main] WARN  o.s.b.a.freemarker.FreeMarkerAutoConfiguration - Cannot find template location(s): [classpath:/templates/] (please add some templates, check your FreeMarker configuration, or set spring.freemarker.checkTemplateLocation=false)
2023-04-27 17:49:29.415 [http-nio-8091-exec-3] WARN  org.hibernate.dialect.function.TemplateRenderer - HHH000174: Function template anticipated 4 arguments, but 1 arguments encountered
2023-04-27 17:49:50.769 [http-nio-8091-exec-10] WARN  org.hibernate.dialect.function.TemplateRenderer - HHH000174: Function template anticipated 4 arguments, but 1 arguments encountered
2023-04-27 17:50:22.182 [main] WARN  o.s.b.f.a.AutowiredAnnotationBeanPostProcessor - Autowired annotation is not supported on static fields: private static com.gt.quartzService.GenerateDayPaper com.gt.quartzService.GenerateDayPaper.createChildTable
2023-04-27 17:50:22.183 [main] WARN  o.s.b.f.a.AutowiredAnnotationBeanPostProcessor - Autowired annotation is not supported on static fields: private static com.gt.quartzService.GenerateManhourAssess com.gt.quartzService.GenerateManhourAssess.createChildTable
2023-04-27 17:50:22.184 [main] WARN  o.s.b.f.a.AutowiredAnnotationBeanPostProcessor - Autowired annotation is not supported on static fields: private static com.gt.quartzService.GenerateMeritAssess com.gt.quartzService.GenerateMeritAssess.createChildTable
2023-04-27 17:50:22.186 [main] WARN  o.s.b.f.a.AutowiredAnnotationBeanPostProcessor - Autowired annotation is not supported on static fields: private static com.gt.quartzService.GenerateMonthPaper com.gt.quartzService.GenerateMonthPaper.createChildTable
2023-04-27 17:50:22.187 [main] WARN  o.s.b.f.a.AutowiredAnnotationBeanPostProcessor - Autowired annotation is not supported on static fields: private static com.gt.quartzService.GenerateProjectAssess com.gt.quartzService.GenerateProjectAssess.createChildTable
2023-04-27 17:50:22.189 [main] WARN  o.s.b.f.a.AutowiredAnnotationBeanPostProcessor - Autowired annotation is not supported on static fields: private static com.gt.quartzService.GenerateWeekPaper com.gt.quartzService.GenerateWeekPaper.createChildTable
2023-04-27 17:50:22.662 [main] WARN  o.s.b.a.o.j.JpaBaseConfiguration$JpaWebConfiguration$JpaWebMvcConfiguration - spring.jpa.open-in-view is enabled by default. Therefore, database queries may be performed during view rendering. Explicitly configure spring.jpa.open-in-view to disable this warning
2023-04-27 17:50:23.559 [main] WARN  o.s.b.a.freemarker.FreeMarkerAutoConfiguration - Cannot find template location(s): [classpath:/templates/] (please add some templates, check your FreeMarker configuration, or set spring.freemarker.checkTemplateLocation=false)
2023-04-27 17:50:27.309 [http-nio-8091-exec-3] WARN  org.hibernate.dialect.function.TemplateRenderer - HHH000174: Function template anticipated 4 arguments, but 1 arguments encountered
2023-04-27 17:50:49.688 [http-nio-8091-exec-4] WARN  org.hibernate.dialect.function.TemplateRenderer - HHH000174: Function template anticipated 4 arguments, but 1 arguments encountered
2023-04-27 17:51:58.083 [main] WARN  o.s.b.f.a.AutowiredAnnotationBeanPostProcessor - Autowired annotation is not supported on static fields: private static com.gt.quartzService.GenerateDayPaper com.gt.quartzService.GenerateDayPaper.createChildTable
2023-04-27 17:51:58.084 [main] WARN  o.s.b.f.a.AutowiredAnnotationBeanPostProcessor - Autowired annotation is not supported on static fields: private static com.gt.quartzService.GenerateManhourAssess com.gt.quartzService.GenerateManhourAssess.createChildTable
2023-04-27 17:51:58.085 [main] WARN  o.s.b.f.a.AutowiredAnnotationBeanPostProcessor - Autowired annotation is not supported on static fields: private static com.gt.quartzService.GenerateMeritAssess com.gt.quartzService.GenerateMeritAssess.createChildTable
2023-04-27 17:51:58.087 [main] WARN  o.s.b.f.a.AutowiredAnnotationBeanPostProcessor - Autowired annotation is not supported on static fields: private static com.gt.quartzService.GenerateMonthPaper com.gt.quartzService.GenerateMonthPaper.createChildTable
2023-04-27 17:51:58.089 [main] WARN  o.s.b.f.a.AutowiredAnnotationBeanPostProcessor - Autowired annotation is not supported on static fields: private static com.gt.quartzService.GenerateProjectAssess com.gt.quartzService.GenerateProjectAssess.createChildTable
2023-04-27 17:51:58.090 [main] WARN  o.s.b.f.a.AutowiredAnnotationBeanPostProcessor - Autowired annotation is not supported on static fields: private static com.gt.quartzService.GenerateWeekPaper com.gt.quartzService.GenerateWeekPaper.createChildTable
2023-04-27 17:51:58.531 [main] WARN  o.s.b.a.o.j.JpaBaseConfiguration$JpaWebConfiguration$JpaWebMvcConfiguration - spring.jpa.open-in-view is enabled by default. Therefore, database queries may be performed during view rendering. Explicitly configure spring.jpa.open-in-view to disable this warning
2023-04-27 17:51:59.538 [main] WARN  o.s.b.a.freemarker.FreeMarkerAutoConfiguration - Cannot find template location(s): [classpath:/templates/] (please add some templates, check your FreeMarker configuration, or set spring.freemarker.checkTemplateLocation=false)
2023-04-27 17:52:05.726 [http-nio-8091-exec-3] WARN  org.hibernate.dialect.function.TemplateRenderer - HHH000174: Function template anticipated 4 arguments, but 1 arguments encountered
2023-04-27 17:52:41.986 [http-nio-8091-exec-1] WARN  org.hibernate.dialect.function.TemplateRenderer - HHH000174: Function template anticipated 4 arguments, but 1 arguments encountered
2023-04-27 18:05:39.467 [main] WARN  o.s.b.f.a.AutowiredAnnotationBeanPostProcessor - Autowired annotation is not supported on static fields: private static com.gt.quartzService.GenerateDayPaper com.gt.quartzService.GenerateDayPaper.createChildTable
2023-04-27 18:05:39.468 [main] WARN  o.s.b.f.a.AutowiredAnnotationBeanPostProcessor - Autowired annotation is not supported on static fields: private static com.gt.quartzService.GenerateManhourAssess com.gt.quartzService.GenerateManhourAssess.createChildTable
2023-04-27 18:05:39.469 [main] WARN  o.s.b.f.a.AutowiredAnnotationBeanPostProcessor - Autowired annotation is not supported on static fields: private static com.gt.quartzService.GenerateMeritAssess com.gt.quartzService.GenerateMeritAssess.createChildTable
2023-04-27 18:05:39.470 [main] WARN  o.s.b.f.a.AutowiredAnnotationBeanPostProcessor - Autowired annotation is not supported on static fields: private static com.gt.quartzService.GenerateMonthPaper com.gt.quartzService.GenerateMonthPaper.createChildTable
2023-04-27 18:05:39.472 [main] WARN  o.s.b.f.a.AutowiredAnnotationBeanPostProcessor - Autowired annotation is not supported on static fields: private static com.gt.quartzService.GenerateProjectAssess com.gt.quartzService.GenerateProjectAssess.createChildTable
2023-04-27 18:05:39.473 [main] WARN  o.s.b.f.a.AutowiredAnnotationBeanPostProcessor - Autowired annotation is not supported on static fields: private static com.gt.quartzService.GenerateWeekPaper com.gt.quartzService.GenerateWeekPaper.createChildTable
2023-04-27 18:05:39.907 [main] WARN  o.s.b.a.o.j.JpaBaseConfiguration$JpaWebConfiguration$JpaWebMvcConfiguration - spring.jpa.open-in-view is enabled by default. Therefore, database queries may be performed during view rendering. Explicitly configure spring.jpa.open-in-view to disable this warning
2023-04-27 18:05:40.718 [main] WARN  o.s.b.a.freemarker.FreeMarkerAutoConfiguration - Cannot find template location(s): [classpath:/templates/] (please add some templates, check your FreeMarker configuration, or set spring.freemarker.checkTemplateLocation=false)
