2023-04-24 00:03:03.603 [main] WARN  o.s.b.f.a.AutowiredAnnotationBeanPostProcessor - Autowired annotation is not supported on static fields: private static com.gt.quartzService.GenerateDayPaper com.gt.quartzService.GenerateDayPaper.createChildTable
2023-04-24 00:03:03.607 [main] WARN  o.s.b.f.a.AutowiredAnnotationBeanPostProcessor - Autowired annotation is not supported on static fields: private static com.gt.quartzService.GenerateManhourAssess com.gt.quartzService.GenerateManhourAssess.createChildTable
2023-04-24 00:03:03.609 [main] WARN  o.s.b.f.a.AutowiredAnnotationBeanPostProcessor - Autowired annotation is not supported on static fields: private static com.gt.quartzService.GenerateMeritAssess com.gt.quartzService.GenerateMeritAssess.createChildTable
2023-04-24 00:03:03.611 [main] WARN  o.s.b.f.a.AutowiredAnnotationBeanPostProcessor - Autowired annotation is not supported on static fields: private static com.gt.quartzService.GenerateMonthPaper com.gt.quartzService.GenerateMonthPaper.createChildTable
2023-04-24 00:03:03.612 [main] WARN  o.s.b.f.a.AutowiredAnnotationBeanPostProcessor - Autowired annotation is not supported on static fields: private static com.gt.quartzService.GenerateProjectAssess com.gt.quartzService.GenerateProjectAssess.createChildTable
2023-04-24 00:03:03.614 [main] WARN  o.s.b.f.a.AutowiredAnnotationBeanPostProcessor - Autowired annotation is not supported on static fields: private static com.gt.quartzService.GenerateWeekPaper com.gt.quartzService.GenerateWeekPaper.createChildTable
2023-04-24 00:03:04.202 [main] WARN  o.s.b.a.o.j.JpaBaseConfiguration$JpaWebConfiguration$JpaWebMvcConfiguration - spring.jpa.open-in-view is enabled by default. Therefore, database queries may be performed during view rendering. Explicitly configure spring.jpa.open-in-view to disable this warning
2023-04-24 00:03:05.233 [main] WARN  o.s.b.a.freemarker.FreeMarkerAutoConfiguration - Cannot find template location(s): [classpath:/templates/] (please add some templates, check your FreeMarker configuration, or set spring.freemarker.checkTemplateLocation=false)
2023-04-24 00:03:06.763 [http-nio-8091-exec-2] WARN  org.hibernate.dialect.function.TemplateRenderer - HHH000174: Function template anticipated 4 arguments, but 1 arguments encountered
2023-04-24 00:03:31.092 [http-nio-8091-exec-7] WARN  org.hibernate.dialect.function.TemplateRenderer - HHH000174: Function template anticipated 4 arguments, but 1 arguments encountered
2023-04-24 00:04:13.713 [main] WARN  o.s.b.f.a.AutowiredAnnotationBeanPostProcessor - Autowired annotation is not supported on static fields: private static com.gt.quartzService.GenerateDayPaper com.gt.quartzService.GenerateDayPaper.createChildTable
2023-04-24 00:04:13.715 [main] WARN  o.s.b.f.a.AutowiredAnnotationBeanPostProcessor - Autowired annotation is not supported on static fields: private static com.gt.quartzService.GenerateManhourAssess com.gt.quartzService.GenerateManhourAssess.createChildTable
2023-04-24 00:04:13.717 [main] WARN  o.s.b.f.a.AutowiredAnnotationBeanPostProcessor - Autowired annotation is not supported on static fields: private static com.gt.quartzService.GenerateMeritAssess com.gt.quartzService.GenerateMeritAssess.createChildTable
2023-04-24 00:04:13.719 [main] WARN  o.s.b.f.a.AutowiredAnnotationBeanPostProcessor - Autowired annotation is not supported on static fields: private static com.gt.quartzService.GenerateMonthPaper com.gt.quartzService.GenerateMonthPaper.createChildTable
2023-04-24 00:04:13.720 [main] WARN  o.s.b.f.a.AutowiredAnnotationBeanPostProcessor - Autowired annotation is not supported on static fields: private static com.gt.quartzService.GenerateProjectAssess com.gt.quartzService.GenerateProjectAssess.createChildTable
2023-04-24 00:04:13.723 [main] WARN  o.s.b.f.a.AutowiredAnnotationBeanPostProcessor - Autowired annotation is not supported on static fields: private static com.gt.quartzService.GenerateWeekPaper com.gt.quartzService.GenerateWeekPaper.createChildTable
2023-04-24 00:04:14.271 [main] WARN  o.s.b.a.o.j.JpaBaseConfiguration$JpaWebConfiguration$JpaWebMvcConfiguration - spring.jpa.open-in-view is enabled by default. Therefore, database queries may be performed during view rendering. Explicitly configure spring.jpa.open-in-view to disable this warning
2023-04-24 00:04:15.257 [main] WARN  o.s.b.a.freemarker.FreeMarkerAutoConfiguration - Cannot find template location(s): [classpath:/templates/] (please add some templates, check your FreeMarker configuration, or set spring.freemarker.checkTemplateLocation=false)
2023-04-24 00:04:49.335 [http-nio-8091-exec-4] WARN  org.hibernate.dialect.function.TemplateRenderer - HHH000174: Function template anticipated 4 arguments, but 1 arguments encountered
2023-04-24 00:05:11.572 [http-nio-8091-exec-2] WARN  org.hibernate.engine.jdbc.spi.SqlExceptionHelper - SQL Error: 1048, SQLState: 23000
2023-04-24 00:05:11.587 [http-nio-8091-exec-2] WARN  org.hibernate.dialect.function.TemplateRenderer - HHH000174: Function template anticipated 4 arguments, but 1 arguments encountered
2023-04-24 00:05:28.577 [http-nio-8091-exec-6] WARN  org.hibernate.engine.jdbc.spi.SqlExceptionHelper - SQL Error: 1048, SQLState: 23000
2023-04-24 00:05:36.103 [http-nio-8091-exec-9] WARN  org.hibernate.engine.jdbc.spi.SqlExceptionHelper - SQL Error: 1048, SQLState: 23000
2023-04-24 00:05:43.492 [http-nio-8091-exec-10] WARN  org.hibernate.engine.jdbc.spi.SqlExceptionHelper - SQL Error: 1048, SQLState: 23000
2023-04-24 00:11:14.660 [main] WARN  o.s.b.f.a.AutowiredAnnotationBeanPostProcessor - Autowired annotation is not supported on static fields: private static com.gt.quartzService.GenerateDayPaper com.gt.quartzService.GenerateDayPaper.createChildTable
2023-04-24 00:11:14.662 [main] WARN  o.s.b.f.a.AutowiredAnnotationBeanPostProcessor - Autowired annotation is not supported on static fields: private static com.gt.quartzService.GenerateManhourAssess com.gt.quartzService.GenerateManhourAssess.createChildTable
2023-04-24 00:11:14.664 [main] WARN  o.s.b.f.a.AutowiredAnnotationBeanPostProcessor - Autowired annotation is not supported on static fields: private static com.gt.quartzService.GenerateMeritAssess com.gt.quartzService.GenerateMeritAssess.createChildTable
2023-04-24 00:11:14.665 [main] WARN  o.s.b.f.a.AutowiredAnnotationBeanPostProcessor - Autowired annotation is not supported on static fields: private static com.gt.quartzService.GenerateMonthPaper com.gt.quartzService.GenerateMonthPaper.createChildTable
2023-04-24 00:11:14.667 [main] WARN  o.s.b.f.a.AutowiredAnnotationBeanPostProcessor - Autowired annotation is not supported on static fields: private static com.gt.quartzService.GenerateProjectAssess com.gt.quartzService.GenerateProjectAssess.createChildTable
2023-04-24 00:11:14.668 [main] WARN  o.s.b.f.a.AutowiredAnnotationBeanPostProcessor - Autowired annotation is not supported on static fields: private static com.gt.quartzService.GenerateWeekPaper com.gt.quartzService.GenerateWeekPaper.createChildTable
2023-04-24 00:11:15.189 [main] WARN  o.s.b.a.o.j.JpaBaseConfiguration$JpaWebConfiguration$JpaWebMvcConfiguration - spring.jpa.open-in-view is enabled by default. Therefore, database queries may be performed during view rendering. Explicitly configure spring.jpa.open-in-view to disable this warning
2023-04-24 00:11:16.193 [main] WARN  o.s.b.a.freemarker.FreeMarkerAutoConfiguration - Cannot find template location(s): [classpath:/templates/] (please add some templates, check your FreeMarker configuration, or set spring.freemarker.checkTemplateLocation=false)
2023-04-24 00:11:44.691 [http-nio-8091-exec-3] WARN  org.hibernate.dialect.function.TemplateRenderer - HHH000174: Function template anticipated 4 arguments, but 1 arguments encountered
2023-04-24 00:12:10.121 [http-nio-8091-exec-2] WARN  org.hibernate.engine.jdbc.spi.SqlExceptionHelper - SQL Error: 1048, SQLState: 23000
2023-04-24 00:12:10.132 [http-nio-8091-exec-2] WARN  org.hibernate.dialect.function.TemplateRenderer - HHH000174: Function template anticipated 4 arguments, but 1 arguments encountered
2023-04-24 00:15:37.486 [http-nio-8091-exec-8] WARN  org.hibernate.engine.jdbc.spi.SqlExceptionHelper - SQL Error: 1048, SQLState: 23000
2023-04-24 00:19:17.654 [main] WARN  o.s.b.f.a.AutowiredAnnotationBeanPostProcessor - Autowired annotation is not supported on static fields: private static com.gt.quartzService.GenerateDayPaper com.gt.quartzService.GenerateDayPaper.createChildTable
2023-04-24 00:19:17.656 [main] WARN  o.s.b.f.a.AutowiredAnnotationBeanPostProcessor - Autowired annotation is not supported on static fields: private static com.gt.quartzService.GenerateManhourAssess com.gt.quartzService.GenerateManhourAssess.createChildTable
2023-04-24 00:19:17.657 [main] WARN  o.s.b.f.a.AutowiredAnnotationBeanPostProcessor - Autowired annotation is not supported on static fields: private static com.gt.quartzService.GenerateMeritAssess com.gt.quartzService.GenerateMeritAssess.createChildTable
2023-04-24 00:19:17.658 [main] WARN  o.s.b.f.a.AutowiredAnnotationBeanPostProcessor - Autowired annotation is not supported on static fields: private static com.gt.quartzService.GenerateMonthPaper com.gt.quartzService.GenerateMonthPaper.createChildTable
2023-04-24 00:19:17.660 [main] WARN  o.s.b.f.a.AutowiredAnnotationBeanPostProcessor - Autowired annotation is not supported on static fields: private static com.gt.quartzService.GenerateProjectAssess com.gt.quartzService.GenerateProjectAssess.createChildTable
2023-04-24 00:19:17.662 [main] WARN  o.s.b.f.a.AutowiredAnnotationBeanPostProcessor - Autowired annotation is not supported on static fields: private static com.gt.quartzService.GenerateWeekPaper com.gt.quartzService.GenerateWeekPaper.createChildTable
2023-04-24 00:19:18.226 [main] WARN  o.s.b.a.o.j.JpaBaseConfiguration$JpaWebConfiguration$JpaWebMvcConfiguration - spring.jpa.open-in-view is enabled by default. Therefore, database queries may be performed during view rendering. Explicitly configure spring.jpa.open-in-view to disable this warning
2023-04-24 00:19:19.131 [main] WARN  o.s.b.a.freemarker.FreeMarkerAutoConfiguration - Cannot find template location(s): [classpath:/templates/] (please add some templates, check your FreeMarker configuration, or set spring.freemarker.checkTemplateLocation=false)
2023-04-24 00:19:23.742 [http-nio-8091-exec-3] WARN  org.hibernate.dialect.function.TemplateRenderer - HHH000174: Function template anticipated 4 arguments, but 1 arguments encountered
2023-04-24 00:19:44.114 [http-nio-8091-exec-4] WARN  org.hibernate.dialect.function.TemplateRenderer - HHH000174: Function template anticipated 4 arguments, but 1 arguments encountered
2023-04-24 08:49:30.521 [main] WARN  o.s.b.f.a.AutowiredAnnotationBeanPostProcessor - Autowired annotation is not supported on static fields: private static com.gt.quartzService.GenerateDayPaper com.gt.quartzService.GenerateDayPaper.createChildTable
2023-04-24 08:49:30.523 [main] WARN  o.s.b.f.a.AutowiredAnnotationBeanPostProcessor - Autowired annotation is not supported on static fields: private static com.gt.quartzService.GenerateManhourAssess com.gt.quartzService.GenerateManhourAssess.createChildTable
2023-04-24 08:49:30.525 [main] WARN  o.s.b.f.a.AutowiredAnnotationBeanPostProcessor - Autowired annotation is not supported on static fields: private static com.gt.quartzService.GenerateMeritAssess com.gt.quartzService.GenerateMeritAssess.createChildTable
2023-04-24 08:49:30.527 [main] WARN  o.s.b.f.a.AutowiredAnnotationBeanPostProcessor - Autowired annotation is not supported on static fields: private static com.gt.quartzService.GenerateMonthPaper com.gt.quartzService.GenerateMonthPaper.createChildTable
2023-04-24 08:49:30.529 [main] WARN  o.s.b.f.a.AutowiredAnnotationBeanPostProcessor - Autowired annotation is not supported on static fields: private static com.gt.quartzService.GenerateProjectAssess com.gt.quartzService.GenerateProjectAssess.createChildTable
2023-04-24 08:49:30.531 [main] WARN  o.s.b.f.a.AutowiredAnnotationBeanPostProcessor - Autowired annotation is not supported on static fields: private static com.gt.quartzService.GenerateWeekPaper com.gt.quartzService.GenerateWeekPaper.createChildTable
2023-04-24 08:49:31.083 [main] WARN  o.s.b.a.o.j.JpaBaseConfiguration$JpaWebConfiguration$JpaWebMvcConfiguration - spring.jpa.open-in-view is enabled by default. Therefore, database queries may be performed during view rendering. Explicitly configure spring.jpa.open-in-view to disable this warning
2023-04-24 08:49:32.012 [main] WARN  o.s.b.a.freemarker.FreeMarkerAutoConfiguration - Cannot find template location(s): [classpath:/templates/] (please add some templates, check your FreeMarker configuration, or set spring.freemarker.checkTemplateLocation=false)
2023-04-24 09:08:15.529 [main] WARN  o.s.b.f.a.AutowiredAnnotationBeanPostProcessor - Autowired annotation is not supported on static fields: private static com.gt.quartzService.GenerateDayPaper com.gt.quartzService.GenerateDayPaper.createChildTable
2023-04-24 09:08:15.531 [main] WARN  o.s.b.f.a.AutowiredAnnotationBeanPostProcessor - Autowired annotation is not supported on static fields: private static com.gt.quartzService.GenerateManhourAssess com.gt.quartzService.GenerateManhourAssess.createChildTable
2023-04-24 09:08:15.532 [main] WARN  o.s.b.f.a.AutowiredAnnotationBeanPostProcessor - Autowired annotation is not supported on static fields: private static com.gt.quartzService.GenerateMeritAssess com.gt.quartzService.GenerateMeritAssess.createChildTable
2023-04-24 09:08:15.534 [main] WARN  o.s.b.f.a.AutowiredAnnotationBeanPostProcessor - Autowired annotation is not supported on static fields: private static com.gt.quartzService.GenerateMonthPaper com.gt.quartzService.GenerateMonthPaper.createChildTable
2023-04-24 09:08:15.535 [main] WARN  o.s.b.f.a.AutowiredAnnotationBeanPostProcessor - Autowired annotation is not supported on static fields: private static com.gt.quartzService.GenerateProjectAssess com.gt.quartzService.GenerateProjectAssess.createChildTable
2023-04-24 09:08:15.536 [main] WARN  o.s.b.f.a.AutowiredAnnotationBeanPostProcessor - Autowired annotation is not supported on static fields: private static com.gt.quartzService.GenerateWeekPaper com.gt.quartzService.GenerateWeekPaper.createChildTable
2023-04-24 09:08:15.976 [main] WARN  o.s.b.a.o.j.JpaBaseConfiguration$JpaWebConfiguration$JpaWebMvcConfiguration - spring.jpa.open-in-view is enabled by default. Therefore, database queries may be performed during view rendering. Explicitly configure spring.jpa.open-in-view to disable this warning
2023-04-24 09:08:16.711 [main] WARN  o.s.b.a.freemarker.FreeMarkerAutoConfiguration - Cannot find template location(s): [classpath:/templates/] (please add some templates, check your FreeMarker configuration, or set spring.freemarker.checkTemplateLocation=false)
2023-04-24 09:08:29.436 [http-nio-8091-exec-6] WARN  org.hibernate.dialect.function.TemplateRenderer - HHH000174: Function template anticipated 4 arguments, but 1 arguments encountered
2023-04-24 09:11:27.538 [main] WARN  o.s.b.f.a.AutowiredAnnotationBeanPostProcessor - Autowired annotation is not supported on static fields: private static com.gt.quartzService.GenerateDayPaper com.gt.quartzService.GenerateDayPaper.createChildTable
2023-04-24 09:11:27.540 [main] WARN  o.s.b.f.a.AutowiredAnnotationBeanPostProcessor - Autowired annotation is not supported on static fields: private static com.gt.quartzService.GenerateManhourAssess com.gt.quartzService.GenerateManhourAssess.createChildTable
2023-04-24 09:11:27.542 [main] WARN  o.s.b.f.a.AutowiredAnnotationBeanPostProcessor - Autowired annotation is not supported on static fields: private static com.gt.quartzService.GenerateMeritAssess com.gt.quartzService.GenerateMeritAssess.createChildTable
2023-04-24 09:11:27.544 [main] WARN  o.s.b.f.a.AutowiredAnnotationBeanPostProcessor - Autowired annotation is not supported on static fields: private static com.gt.quartzService.GenerateMonthPaper com.gt.quartzService.GenerateMonthPaper.createChildTable
2023-04-24 09:11:27.545 [main] WARN  o.s.b.f.a.AutowiredAnnotationBeanPostProcessor - Autowired annotation is not supported on static fields: private static com.gt.quartzService.GenerateProjectAssess com.gt.quartzService.GenerateProjectAssess.createChildTable
2023-04-24 09:11:27.547 [main] WARN  o.s.b.f.a.AutowiredAnnotationBeanPostProcessor - Autowired annotation is not supported on static fields: private static com.gt.quartzService.GenerateWeekPaper com.gt.quartzService.GenerateWeekPaper.createChildTable
2023-04-24 09:11:27.975 [main] WARN  o.s.b.a.o.j.JpaBaseConfiguration$JpaWebConfiguration$JpaWebMvcConfiguration - spring.jpa.open-in-view is enabled by default. Therefore, database queries may be performed during view rendering. Explicitly configure spring.jpa.open-in-view to disable this warning
2023-04-24 09:11:28.838 [main] WARN  o.s.b.a.freemarker.FreeMarkerAutoConfiguration - Cannot find template location(s): [classpath:/templates/] (please add some templates, check your FreeMarker configuration, or set spring.freemarker.checkTemplateLocation=false)
2023-04-24 09:11:43.147 [http-nio-8091-exec-3] WARN  org.hibernate.dialect.function.TemplateRenderer - HHH000174: Function template anticipated 4 arguments, but 1 arguments encountered
2023-04-24 09:12:02.537 [http-nio-8091-exec-8] WARN  org.hibernate.dialect.function.TemplateRenderer - HHH000174: Function template anticipated 4 arguments, but 1 arguments encountered
2023-04-24 09:13:26.386 [main] WARN  o.s.b.f.a.AutowiredAnnotationBeanPostProcessor - Autowired annotation is not supported on static fields: private static com.gt.quartzService.GenerateDayPaper com.gt.quartzService.GenerateDayPaper.createChildTable
2023-04-24 09:13:26.388 [main] WARN  o.s.b.f.a.AutowiredAnnotationBeanPostProcessor - Autowired annotation is not supported on static fields: private static com.gt.quartzService.GenerateManhourAssess com.gt.quartzService.GenerateManhourAssess.createChildTable
2023-04-24 09:13:26.390 [main] WARN  o.s.b.f.a.AutowiredAnnotationBeanPostProcessor - Autowired annotation is not supported on static fields: private static com.gt.quartzService.GenerateMeritAssess com.gt.quartzService.GenerateMeritAssess.createChildTable
2023-04-24 09:13:26.393 [main] WARN  o.s.b.f.a.AutowiredAnnotationBeanPostProcessor - Autowired annotation is not supported on static fields: private static com.gt.quartzService.GenerateMonthPaper com.gt.quartzService.GenerateMonthPaper.createChildTable
2023-04-24 09:13:26.396 [main] WARN  o.s.b.f.a.AutowiredAnnotationBeanPostProcessor - Autowired annotation is not supported on static fields: private static com.gt.quartzService.GenerateProjectAssess com.gt.quartzService.GenerateProjectAssess.createChildTable
2023-04-24 09:13:26.399 [main] WARN  o.s.b.f.a.AutowiredAnnotationBeanPostProcessor - Autowired annotation is not supported on static fields: private static com.gt.quartzService.GenerateWeekPaper com.gt.quartzService.GenerateWeekPaper.createChildTable
2023-04-24 09:13:27.655 [main] WARN  o.s.b.a.o.j.JpaBaseConfiguration$JpaWebConfiguration$JpaWebMvcConfiguration - spring.jpa.open-in-view is enabled by default. Therefore, database queries may be performed during view rendering. Explicitly configure spring.jpa.open-in-view to disable this warning
2023-04-24 09:13:28.835 [main] WARN  o.s.b.a.freemarker.FreeMarkerAutoConfiguration - Cannot find template location(s): [classpath:/templates/] (please add some templates, check your FreeMarker configuration, or set spring.freemarker.checkTemplateLocation=false)
2023-04-24 09:13:33.540 [http-nio-8091-exec-3] WARN  org.hibernate.dialect.function.TemplateRenderer - HHH000174: Function template anticipated 4 arguments, but 1 arguments encountered
2023-04-24 09:15:53.869 [main] WARN  o.s.b.f.a.AutowiredAnnotationBeanPostProcessor - Autowired annotation is not supported on static fields: private static com.gt.quartzService.GenerateDayPaper com.gt.quartzService.GenerateDayPaper.createChildTable
2023-04-24 09:15:53.871 [main] WARN  o.s.b.f.a.AutowiredAnnotationBeanPostProcessor - Autowired annotation is not supported on static fields: private static com.gt.quartzService.GenerateManhourAssess com.gt.quartzService.GenerateManhourAssess.createChildTable
2023-04-24 09:15:53.873 [main] WARN  o.s.b.f.a.AutowiredAnnotationBeanPostProcessor - Autowired annotation is not supported on static fields: private static com.gt.quartzService.GenerateMeritAssess com.gt.quartzService.GenerateMeritAssess.createChildTable
2023-04-24 09:15:53.874 [main] WARN  o.s.b.f.a.AutowiredAnnotationBeanPostProcessor - Autowired annotation is not supported on static fields: private static com.gt.quartzService.GenerateMonthPaper com.gt.quartzService.GenerateMonthPaper.createChildTable
2023-04-24 09:15:53.876 [main] WARN  o.s.b.f.a.AutowiredAnnotationBeanPostProcessor - Autowired annotation is not supported on static fields: private static com.gt.quartzService.GenerateProjectAssess com.gt.quartzService.GenerateProjectAssess.createChildTable
2023-04-24 09:15:53.878 [main] WARN  o.s.b.f.a.AutowiredAnnotationBeanPostProcessor - Autowired annotation is not supported on static fields: private static com.gt.quartzService.GenerateWeekPaper com.gt.quartzService.GenerateWeekPaper.createChildTable
2023-04-24 09:15:54.450 [main] WARN  o.s.b.a.o.j.JpaBaseConfiguration$JpaWebConfiguration$JpaWebMvcConfiguration - spring.jpa.open-in-view is enabled by default. Therefore, database queries may be performed during view rendering. Explicitly configure spring.jpa.open-in-view to disable this warning
2023-04-24 09:15:55.708 [main] WARN  o.s.b.a.freemarker.FreeMarkerAutoConfiguration - Cannot find template location(s): [classpath:/templates/] (please add some templates, check your FreeMarker configuration, or set spring.freemarker.checkTemplateLocation=false)
2023-04-24 09:16:02.205 [http-nio-8091-exec-3] WARN  org.hibernate.dialect.function.TemplateRenderer - HHH000174: Function template anticipated 4 arguments, but 1 arguments encountered
2023-04-24 09:17:32.188 [main] WARN  o.s.b.f.a.AutowiredAnnotationBeanPostProcessor - Autowired annotation is not supported on static fields: private static com.gt.quartzService.GenerateDayPaper com.gt.quartzService.GenerateDayPaper.createChildTable
2023-04-24 09:17:32.191 [main] WARN  o.s.b.f.a.AutowiredAnnotationBeanPostProcessor - Autowired annotation is not supported on static fields: private static com.gt.quartzService.GenerateManhourAssess com.gt.quartzService.GenerateManhourAssess.createChildTable
2023-04-24 09:17:32.193 [main] WARN  o.s.b.f.a.AutowiredAnnotationBeanPostProcessor - Autowired annotation is not supported on static fields: private static com.gt.quartzService.GenerateMeritAssess com.gt.quartzService.GenerateMeritAssess.createChildTable
2023-04-24 09:17:32.195 [main] WARN  o.s.b.f.a.AutowiredAnnotationBeanPostProcessor - Autowired annotation is not supported on static fields: private static com.gt.quartzService.GenerateMonthPaper com.gt.quartzService.GenerateMonthPaper.createChildTable
2023-04-24 09:17:32.199 [main] WARN  o.s.b.f.a.AutowiredAnnotationBeanPostProcessor - Autowired annotation is not supported on static fields: private static com.gt.quartzService.GenerateProjectAssess com.gt.quartzService.GenerateProjectAssess.createChildTable
2023-04-24 09:17:32.201 [main] WARN  o.s.b.f.a.AutowiredAnnotationBeanPostProcessor - Autowired annotation is not supported on static fields: private static com.gt.quartzService.GenerateWeekPaper com.gt.quartzService.GenerateWeekPaper.createChildTable
2023-04-24 09:17:33.129 [main] WARN  o.s.b.a.o.j.JpaBaseConfiguration$JpaWebConfiguration$JpaWebMvcConfiguration - spring.jpa.open-in-view is enabled by default. Therefore, database queries may be performed during view rendering. Explicitly configure spring.jpa.open-in-view to disable this warning
2023-04-24 09:17:34.319 [main] WARN  o.s.b.a.freemarker.FreeMarkerAutoConfiguration - Cannot find template location(s): [classpath:/templates/] (please add some templates, check your FreeMarker configuration, or set spring.freemarker.checkTemplateLocation=false)
2023-04-24 09:18:02.815 [http-nio-8091-exec-3] WARN  org.hibernate.dialect.function.TemplateRenderer - HHH000174: Function template anticipated 4 arguments, but 1 arguments encountered
2023-04-24 09:20:33.008 [HikariPool-1 housekeeper] WARN  com.zaxxer.hikari.pool.HikariPool - HikariPool-1 - Thread starvation or clock leap detected (housekeeper delta=59s550ms194µs900ns).
2023-04-24 09:22:03.102 [HikariPool-1 housekeeper] WARN  com.zaxxer.hikari.pool.HikariPool - HikariPool-1 - Thread starvation or clock leap detected (housekeeper delta=1m32s826ms815µs600ns).
2023-04-24 09:23:07.992 [HikariPool-1 housekeeper] WARN  com.zaxxer.hikari.pool.HikariPool - HikariPool-1 - Thread starvation or clock leap detected (housekeeper delta=1m4s889ms663µs300ns).
2023-04-24 09:24:05.484 [http-nio-8091-exec-3] WARN  org.hibernate.dialect.function.TemplateRenderer - HHH000174: Function template anticipated 4 arguments, but 1 arguments encountered
2023-04-24 09:24:24.092 [main] WARN  o.s.b.f.a.AutowiredAnnotationBeanPostProcessor - Autowired annotation is not supported on static fields: private static com.gt.quartzService.GenerateDayPaper com.gt.quartzService.GenerateDayPaper.createChildTable
2023-04-24 09:24:24.094 [main] WARN  o.s.b.f.a.AutowiredAnnotationBeanPostProcessor - Autowired annotation is not supported on static fields: private static com.gt.quartzService.GenerateManhourAssess com.gt.quartzService.GenerateManhourAssess.createChildTable
2023-04-24 09:24:24.095 [main] WARN  o.s.b.f.a.AutowiredAnnotationBeanPostProcessor - Autowired annotation is not supported on static fields: private static com.gt.quartzService.GenerateMeritAssess com.gt.quartzService.GenerateMeritAssess.createChildTable
2023-04-24 09:24:24.098 [main] WARN  o.s.b.f.a.AutowiredAnnotationBeanPostProcessor - Autowired annotation is not supported on static fields: private static com.gt.quartzService.GenerateMonthPaper com.gt.quartzService.GenerateMonthPaper.createChildTable
2023-04-24 09:24:24.100 [main] WARN  o.s.b.f.a.AutowiredAnnotationBeanPostProcessor - Autowired annotation is not supported on static fields: private static com.gt.quartzService.GenerateProjectAssess com.gt.quartzService.GenerateProjectAssess.createChildTable
2023-04-24 09:24:24.102 [main] WARN  o.s.b.f.a.AutowiredAnnotationBeanPostProcessor - Autowired annotation is not supported on static fields: private static com.gt.quartzService.GenerateWeekPaper com.gt.quartzService.GenerateWeekPaper.createChildTable
2023-04-24 09:24:24.573 [main] WARN  o.s.b.a.o.j.JpaBaseConfiguration$JpaWebConfiguration$JpaWebMvcConfiguration - spring.jpa.open-in-view is enabled by default. Therefore, database queries may be performed during view rendering. Explicitly configure spring.jpa.open-in-view to disable this warning
2023-04-24 09:24:25.306 [main] WARN  o.s.b.a.freemarker.FreeMarkerAutoConfiguration - Cannot find template location(s): [classpath:/templates/] (please add some templates, check your FreeMarker configuration, or set spring.freemarker.checkTemplateLocation=false)
2023-04-24 09:25:07.377 [http-nio-8091-exec-3] WARN  org.hibernate.dialect.function.TemplateRenderer - HHH000174: Function template anticipated 4 arguments, but 1 arguments encountered
2023-04-24 09:26:08.534 [http-nio-8091-exec-10] WARN  org.hibernate.dialect.function.TemplateRenderer - HHH000174: Function template anticipated 4 arguments, but 1 arguments encountered
2023-04-24 09:29:56.794 [main] WARN  o.s.b.f.a.AutowiredAnnotationBeanPostProcessor - Autowired annotation is not supported on static fields: private static com.gt.quartzService.GenerateDayPaper com.gt.quartzService.GenerateDayPaper.createChildTable
2023-04-24 09:29:56.796 [main] WARN  o.s.b.f.a.AutowiredAnnotationBeanPostProcessor - Autowired annotation is not supported on static fields: private static com.gt.quartzService.GenerateManhourAssess com.gt.quartzService.GenerateManhourAssess.createChildTable
2023-04-24 09:29:56.798 [main] WARN  o.s.b.f.a.AutowiredAnnotationBeanPostProcessor - Autowired annotation is not supported on static fields: private static com.gt.quartzService.GenerateMeritAssess com.gt.quartzService.GenerateMeritAssess.createChildTable
2023-04-24 09:29:56.800 [main] WARN  o.s.b.f.a.AutowiredAnnotationBeanPostProcessor - Autowired annotation is not supported on static fields: private static com.gt.quartzService.GenerateMonthPaper com.gt.quartzService.GenerateMonthPaper.createChildTable
2023-04-24 09:29:56.802 [main] WARN  o.s.b.f.a.AutowiredAnnotationBeanPostProcessor - Autowired annotation is not supported on static fields: private static com.gt.quartzService.GenerateProjectAssess com.gt.quartzService.GenerateProjectAssess.createChildTable
2023-04-24 09:29:56.804 [main] WARN  o.s.b.f.a.AutowiredAnnotationBeanPostProcessor - Autowired annotation is not supported on static fields: private static com.gt.quartzService.GenerateWeekPaper com.gt.quartzService.GenerateWeekPaper.createChildTable
2023-04-24 09:29:57.329 [main] WARN  o.s.b.a.o.j.JpaBaseConfiguration$JpaWebConfiguration$JpaWebMvcConfiguration - spring.jpa.open-in-view is enabled by default. Therefore, database queries may be performed during view rendering. Explicitly configure spring.jpa.open-in-view to disable this warning
2023-04-24 09:29:58.210 [main] WARN  o.s.b.a.freemarker.FreeMarkerAutoConfiguration - Cannot find template location(s): [classpath:/templates/] (please add some templates, check your FreeMarker configuration, or set spring.freemarker.checkTemplateLocation=false)
2023-04-24 09:30:06.699 [http-nio-8091-exec-3] WARN  org.hibernate.dialect.function.TemplateRenderer - HHH000174: Function template anticipated 4 arguments, but 1 arguments encountered
2023-04-24 09:31:39.984 [http-nio-8091-exec-2] WARN  org.hibernate.dialect.function.TemplateRenderer - HHH000174: Function template anticipated 4 arguments, but 1 arguments encountered
2023-04-24 10:41:18.449 [main] WARN  o.s.b.f.a.AutowiredAnnotationBeanPostProcessor - Autowired annotation is not supported on static fields: private static com.gt.quartzService.GenerateDayPaper com.gt.quartzService.GenerateDayPaper.createChildTable
2023-04-24 10:41:18.451 [main] WARN  o.s.b.f.a.AutowiredAnnotationBeanPostProcessor - Autowired annotation is not supported on static fields: private static com.gt.quartzService.GenerateManhourAssess com.gt.quartzService.GenerateManhourAssess.createChildTable
2023-04-24 10:41:18.453 [main] WARN  o.s.b.f.a.AutowiredAnnotationBeanPostProcessor - Autowired annotation is not supported on static fields: private static com.gt.quartzService.GenerateMeritAssess com.gt.quartzService.GenerateMeritAssess.createChildTable
2023-04-24 10:41:18.454 [main] WARN  o.s.b.f.a.AutowiredAnnotationBeanPostProcessor - Autowired annotation is not supported on static fields: private static com.gt.quartzService.GenerateMonthPaper com.gt.quartzService.GenerateMonthPaper.createChildTable
2023-04-24 10:41:18.456 [main] WARN  o.s.b.f.a.AutowiredAnnotationBeanPostProcessor - Autowired annotation is not supported on static fields: private static com.gt.quartzService.GenerateProjectAssess com.gt.quartzService.GenerateProjectAssess.createChildTable
2023-04-24 10:41:18.458 [main] WARN  o.s.b.f.a.AutowiredAnnotationBeanPostProcessor - Autowired annotation is not supported on static fields: private static com.gt.quartzService.GenerateWeekPaper com.gt.quartzService.GenerateWeekPaper.createChildTable
2023-04-24 10:41:19.008 [main] WARN  o.s.b.a.o.j.JpaBaseConfiguration$JpaWebConfiguration$JpaWebMvcConfiguration - spring.jpa.open-in-view is enabled by default. Therefore, database queries may be performed during view rendering. Explicitly configure spring.jpa.open-in-view to disable this warning
2023-04-24 10:41:20.624 [main] WARN  o.s.b.a.freemarker.FreeMarkerAutoConfiguration - Cannot find template location(s): [classpath:/templates/] (please add some templates, check your FreeMarker configuration, or set spring.freemarker.checkTemplateLocation=false)
2023-04-24 10:41:43.393 [http-nio-8091-exec-6] WARN  org.hibernate.dialect.function.TemplateRenderer - HHH000174: Function template anticipated 4 arguments, but 1 arguments encountered
2023-04-24 10:43:15.917 [http-nio-8091-exec-6] WARN  org.hibernate.dialect.function.TemplateRenderer - HHH000174: Function template anticipated 4 arguments, but 1 arguments encountered
2023-04-24 15:06:15.932 [main] WARN  o.s.b.f.a.AutowiredAnnotationBeanPostProcessor - Autowired annotation is not supported on static fields: private static com.gt.quartzService.GenerateDayPaper com.gt.quartzService.GenerateDayPaper.createChildTable
2023-04-24 15:06:15.935 [main] WARN  o.s.b.f.a.AutowiredAnnotationBeanPostProcessor - Autowired annotation is not supported on static fields: private static com.gt.quartzService.GenerateManhourAssess com.gt.quartzService.GenerateManhourAssess.createChildTable
2023-04-24 15:06:15.937 [main] WARN  o.s.b.f.a.AutowiredAnnotationBeanPostProcessor - Autowired annotation is not supported on static fields: private static com.gt.quartzService.GenerateMeritAssess com.gt.quartzService.GenerateMeritAssess.createChildTable
2023-04-24 15:06:15.938 [main] WARN  o.s.b.f.a.AutowiredAnnotationBeanPostProcessor - Autowired annotation is not supported on static fields: private static com.gt.quartzService.GenerateMonthPaper com.gt.quartzService.GenerateMonthPaper.createChildTable
2023-04-24 15:06:15.940 [main] WARN  o.s.b.f.a.AutowiredAnnotationBeanPostProcessor - Autowired annotation is not supported on static fields: private static com.gt.quartzService.GenerateProjectAssess com.gt.quartzService.GenerateProjectAssess.createChildTable
2023-04-24 15:06:15.942 [main] WARN  o.s.b.f.a.AutowiredAnnotationBeanPostProcessor - Autowired annotation is not supported on static fields: private static com.gt.quartzService.GenerateWeekPaper com.gt.quartzService.GenerateWeekPaper.createChildTable
2023-04-24 15:06:16.430 [main] WARN  o.s.b.a.o.j.JpaBaseConfiguration$JpaWebConfiguration$JpaWebMvcConfiguration - spring.jpa.open-in-view is enabled by default. Therefore, database queries may be performed during view rendering. Explicitly configure spring.jpa.open-in-view to disable this warning
2023-04-24 15:06:17.268 [main] WARN  o.s.b.a.freemarker.FreeMarkerAutoConfiguration - Cannot find template location(s): [classpath:/templates/] (please add some templates, check your FreeMarker configuration, or set spring.freemarker.checkTemplateLocation=false)
2023-04-24 15:06:22.935 [http-nio-8091-exec-3] WARN  org.hibernate.dialect.function.TemplateRenderer - HHH000174: Function template anticipated 4 arguments, but 1 arguments encountered
2023-04-24 15:13:27.045 [main] WARN  o.s.b.f.a.AutowiredAnnotationBeanPostProcessor - Autowired annotation is not supported on static fields: private static com.gt.quartzService.GenerateDayPaper com.gt.quartzService.GenerateDayPaper.createChildTable
2023-04-24 15:13:27.046 [main] WARN  o.s.b.f.a.AutowiredAnnotationBeanPostProcessor - Autowired annotation is not supported on static fields: private static com.gt.quartzService.GenerateManhourAssess com.gt.quartzService.GenerateManhourAssess.createChildTable
2023-04-24 15:13:27.047 [main] WARN  o.s.b.f.a.AutowiredAnnotationBeanPostProcessor - Autowired annotation is not supported on static fields: private static com.gt.quartzService.GenerateMeritAssess com.gt.quartzService.GenerateMeritAssess.createChildTable
2023-04-24 15:13:27.049 [main] WARN  o.s.b.f.a.AutowiredAnnotationBeanPostProcessor - Autowired annotation is not supported on static fields: private static com.gt.quartzService.GenerateMonthPaper com.gt.quartzService.GenerateMonthPaper.createChildTable
2023-04-24 15:13:27.050 [main] WARN  o.s.b.f.a.AutowiredAnnotationBeanPostProcessor - Autowired annotation is not supported on static fields: private static com.gt.quartzService.GenerateProjectAssess com.gt.quartzService.GenerateProjectAssess.createChildTable
2023-04-24 15:13:27.052 [main] WARN  o.s.b.f.a.AutowiredAnnotationBeanPostProcessor - Autowired annotation is not supported on static fields: private static com.gt.quartzService.GenerateWeekPaper com.gt.quartzService.GenerateWeekPaper.createChildTable
2023-04-24 15:13:27.525 [main] WARN  o.s.b.a.o.j.JpaBaseConfiguration$JpaWebConfiguration$JpaWebMvcConfiguration - spring.jpa.open-in-view is enabled by default. Therefore, database queries may be performed during view rendering. Explicitly configure spring.jpa.open-in-view to disable this warning
2023-04-24 15:13:28.416 [main] WARN  o.s.b.a.freemarker.FreeMarkerAutoConfiguration - Cannot find template location(s): [classpath:/templates/] (please add some templates, check your FreeMarker configuration, or set spring.freemarker.checkTemplateLocation=false)
2023-04-24 15:13:37.950 [http-nio-8091-exec-4] WARN  org.hibernate.dialect.function.TemplateRenderer - HHH000174: Function template anticipated 4 arguments, but 1 arguments encountered
2023-04-24 15:46:29.890 [main] WARN  o.s.b.f.a.AutowiredAnnotationBeanPostProcessor - Autowired annotation is not supported on static fields: private static com.gt.quartzService.GenerateDayPaper com.gt.quartzService.GenerateDayPaper.createChildTable
2023-04-24 15:46:29.892 [main] WARN  o.s.b.f.a.AutowiredAnnotationBeanPostProcessor - Autowired annotation is not supported on static fields: private static com.gt.quartzService.GenerateManhourAssess com.gt.quartzService.GenerateManhourAssess.createChildTable
2023-04-24 15:46:29.894 [main] WARN  o.s.b.f.a.AutowiredAnnotationBeanPostProcessor - Autowired annotation is not supported on static fields: private static com.gt.quartzService.GenerateMeritAssess com.gt.quartzService.GenerateMeritAssess.createChildTable
2023-04-24 15:46:29.895 [main] WARN  o.s.b.f.a.AutowiredAnnotationBeanPostProcessor - Autowired annotation is not supported on static fields: private static com.gt.quartzService.GenerateMonthPaper com.gt.quartzService.GenerateMonthPaper.createChildTable
2023-04-24 15:46:29.896 [main] WARN  o.s.b.f.a.AutowiredAnnotationBeanPostProcessor - Autowired annotation is not supported on static fields: private static com.gt.quartzService.GenerateProjectAssess com.gt.quartzService.GenerateProjectAssess.createChildTable
2023-04-24 15:46:29.898 [main] WARN  o.s.b.f.a.AutowiredAnnotationBeanPostProcessor - Autowired annotation is not supported on static fields: private static com.gt.quartzService.GenerateWeekPaper com.gt.quartzService.GenerateWeekPaper.createChildTable
2023-04-24 15:46:30.331 [main] WARN  o.s.b.a.o.j.JpaBaseConfiguration$JpaWebConfiguration$JpaWebMvcConfiguration - spring.jpa.open-in-view is enabled by default. Therefore, database queries may be performed during view rendering. Explicitly configure spring.jpa.open-in-view to disable this warning
2023-04-24 15:46:31.079 [main] WARN  o.s.b.a.freemarker.FreeMarkerAutoConfiguration - Cannot find template location(s): [classpath:/templates/] (please add some templates, check your FreeMarker configuration, or set spring.freemarker.checkTemplateLocation=false)
2023-04-24 15:46:36.739 [http-nio-8091-exec-3] WARN  org.hibernate.dialect.function.TemplateRenderer - HHH000174: Function template anticipated 4 arguments, but 1 arguments encountered
2023-04-24 15:47:56.831 [http-nio-8091-exec-8] WARN  org.hibernate.engine.jdbc.spi.SqlExceptionHelper - SQL Error: 1054, SQLState: 42S22
2023-04-24 15:50:03.725 [main] WARN  o.s.b.f.a.AutowiredAnnotationBeanPostProcessor - Autowired annotation is not supported on static fields: private static com.gt.quartzService.GenerateDayPaper com.gt.quartzService.GenerateDayPaper.createChildTable
2023-04-24 15:50:03.727 [main] WARN  o.s.b.f.a.AutowiredAnnotationBeanPostProcessor - Autowired annotation is not supported on static fields: private static com.gt.quartzService.GenerateManhourAssess com.gt.quartzService.GenerateManhourAssess.createChildTable
2023-04-24 15:50:03.727 [main] WARN  o.s.b.f.a.AutowiredAnnotationBeanPostProcessor - Autowired annotation is not supported on static fields: private static com.gt.quartzService.GenerateMeritAssess com.gt.quartzService.GenerateMeritAssess.createChildTable
2023-04-24 15:50:03.729 [main] WARN  o.s.b.f.a.AutowiredAnnotationBeanPostProcessor - Autowired annotation is not supported on static fields: private static com.gt.quartzService.GenerateMonthPaper com.gt.quartzService.GenerateMonthPaper.createChildTable
2023-04-24 15:50:03.729 [main] WARN  o.s.b.f.a.AutowiredAnnotationBeanPostProcessor - Autowired annotation is not supported on static fields: private static com.gt.quartzService.GenerateProjectAssess com.gt.quartzService.GenerateProjectAssess.createChildTable
2023-04-24 15:50:03.731 [main] WARN  o.s.b.f.a.AutowiredAnnotationBeanPostProcessor - Autowired annotation is not supported on static fields: private static com.gt.quartzService.GenerateWeekPaper com.gt.quartzService.GenerateWeekPaper.createChildTable
2023-04-24 15:50:04.134 [main] WARN  o.s.b.a.o.j.JpaBaseConfiguration$JpaWebConfiguration$JpaWebMvcConfiguration - spring.jpa.open-in-view is enabled by default. Therefore, database queries may be performed during view rendering. Explicitly configure spring.jpa.open-in-view to disable this warning
2023-04-24 15:50:04.972 [main] WARN  o.s.b.a.freemarker.FreeMarkerAutoConfiguration - Cannot find template location(s): [classpath:/templates/] (please add some templates, check your FreeMarker configuration, or set spring.freemarker.checkTemplateLocation=false)
2023-04-24 15:50:23.027 [http-nio-8091-exec-3] WARN  org.hibernate.dialect.function.TemplateRenderer - HHH000174: Function template anticipated 4 arguments, but 1 arguments encountered
2023-04-24 15:50:55.203 [http-nio-8091-exec-5] WARN  org.hibernate.engine.jdbc.spi.SqlExceptionHelper - SQL Error: 1054, SQLState: 42S22
2023-04-24 15:51:06.790 [http-nio-8091-exec-4] WARN  org.hibernate.engine.jdbc.spi.SqlExceptionHelper - SQL Error: 1054, SQLState: 42S22
2023-04-24 15:52:07.622 [main] WARN  o.s.b.f.a.AutowiredAnnotationBeanPostProcessor - Autowired annotation is not supported on static fields: private static com.gt.quartzService.GenerateDayPaper com.gt.quartzService.GenerateDayPaper.createChildTable
2023-04-24 15:52:07.623 [main] WARN  o.s.b.f.a.AutowiredAnnotationBeanPostProcessor - Autowired annotation is not supported on static fields: private static com.gt.quartzService.GenerateManhourAssess com.gt.quartzService.GenerateManhourAssess.createChildTable
2023-04-24 15:52:07.624 [main] WARN  o.s.b.f.a.AutowiredAnnotationBeanPostProcessor - Autowired annotation is not supported on static fields: private static com.gt.quartzService.GenerateMeritAssess com.gt.quartzService.GenerateMeritAssess.createChildTable
2023-04-24 15:52:07.625 [main] WARN  o.s.b.f.a.AutowiredAnnotationBeanPostProcessor - Autowired annotation is not supported on static fields: private static com.gt.quartzService.GenerateMonthPaper com.gt.quartzService.GenerateMonthPaper.createChildTable
2023-04-24 15:52:07.628 [main] WARN  o.s.b.f.a.AutowiredAnnotationBeanPostProcessor - Autowired annotation is not supported on static fields: private static com.gt.quartzService.GenerateProjectAssess com.gt.quartzService.GenerateProjectAssess.createChildTable
2023-04-24 15:52:07.628 [main] WARN  o.s.b.f.a.AutowiredAnnotationBeanPostProcessor - Autowired annotation is not supported on static fields: private static com.gt.quartzService.GenerateWeekPaper com.gt.quartzService.GenerateWeekPaper.createChildTable
2023-04-24 15:52:08.056 [main] WARN  o.s.b.a.o.j.JpaBaseConfiguration$JpaWebConfiguration$JpaWebMvcConfiguration - spring.jpa.open-in-view is enabled by default. Therefore, database queries may be performed during view rendering. Explicitly configure spring.jpa.open-in-view to disable this warning
2023-04-24 15:52:08.771 [main] WARN  o.s.b.a.freemarker.FreeMarkerAutoConfiguration - Cannot find template location(s): [classpath:/templates/] (please add some templates, check your FreeMarker configuration, or set spring.freemarker.checkTemplateLocation=false)
2023-04-24 15:52:31.544 [http-nio-8091-exec-3] WARN  org.hibernate.dialect.function.TemplateRenderer - HHH000174: Function template anticipated 4 arguments, but 1 arguments encountered
2023-04-24 16:04:14.023 [main] WARN  o.s.b.f.a.AutowiredAnnotationBeanPostProcessor - Autowired annotation is not supported on static fields: private static com.gt.quartzService.GenerateDayPaper com.gt.quartzService.GenerateDayPaper.createChildTable
2023-04-24 16:04:14.025 [main] WARN  o.s.b.f.a.AutowiredAnnotationBeanPostProcessor - Autowired annotation is not supported on static fields: private static com.gt.quartzService.GenerateManhourAssess com.gt.quartzService.GenerateManhourAssess.createChildTable
2023-04-24 16:04:14.026 [main] WARN  o.s.b.f.a.AutowiredAnnotationBeanPostProcessor - Autowired annotation is not supported on static fields: private static com.gt.quartzService.GenerateMeritAssess com.gt.quartzService.GenerateMeritAssess.createChildTable
2023-04-24 16:04:14.028 [main] WARN  o.s.b.f.a.AutowiredAnnotationBeanPostProcessor - Autowired annotation is not supported on static fields: private static com.gt.quartzService.GenerateMonthPaper com.gt.quartzService.GenerateMonthPaper.createChildTable
2023-04-24 16:04:14.030 [main] WARN  o.s.b.f.a.AutowiredAnnotationBeanPostProcessor - Autowired annotation is not supported on static fields: private static com.gt.quartzService.GenerateProjectAssess com.gt.quartzService.GenerateProjectAssess.createChildTable
2023-04-24 16:04:14.031 [main] WARN  o.s.b.f.a.AutowiredAnnotationBeanPostProcessor - Autowired annotation is not supported on static fields: private static com.gt.quartzService.GenerateWeekPaper com.gt.quartzService.GenerateWeekPaper.createChildTable
2023-04-24 16:04:14.502 [main] WARN  o.s.b.a.o.j.JpaBaseConfiguration$JpaWebConfiguration$JpaWebMvcConfiguration - spring.jpa.open-in-view is enabled by default. Therefore, database queries may be performed during view rendering. Explicitly configure spring.jpa.open-in-view to disable this warning
2023-04-24 16:04:15.266 [main] WARN  o.s.b.a.freemarker.FreeMarkerAutoConfiguration - Cannot find template location(s): [classpath:/templates/] (please add some templates, check your FreeMarker configuration, or set spring.freemarker.checkTemplateLocation=false)
2023-04-24 16:04:29.047 [http-nio-8091-exec-3] WARN  org.hibernate.dialect.function.TemplateRenderer - HHH000174: Function template anticipated 4 arguments, but 1 arguments encountered
2023-04-24 16:07:56.901 [main] WARN  o.s.b.f.a.AutowiredAnnotationBeanPostProcessor - Autowired annotation is not supported on static fields: private static com.gt.quartzService.GenerateDayPaper com.gt.quartzService.GenerateDayPaper.createChildTable
2023-04-24 16:07:56.903 [main] WARN  o.s.b.f.a.AutowiredAnnotationBeanPostProcessor - Autowired annotation is not supported on static fields: private static com.gt.quartzService.GenerateManhourAssess com.gt.quartzService.GenerateManhourAssess.createChildTable
2023-04-24 16:07:56.904 [main] WARN  o.s.b.f.a.AutowiredAnnotationBeanPostProcessor - Autowired annotation is not supported on static fields: private static com.gt.quartzService.GenerateMeritAssess com.gt.quartzService.GenerateMeritAssess.createChildTable
2023-04-24 16:07:56.905 [main] WARN  o.s.b.f.a.AutowiredAnnotationBeanPostProcessor - Autowired annotation is not supported on static fields: private static com.gt.quartzService.GenerateMonthPaper com.gt.quartzService.GenerateMonthPaper.createChildTable
2023-04-24 16:07:56.907 [main] WARN  o.s.b.f.a.AutowiredAnnotationBeanPostProcessor - Autowired annotation is not supported on static fields: private static com.gt.quartzService.GenerateProjectAssess com.gt.quartzService.GenerateProjectAssess.createChildTable
2023-04-24 16:07:56.908 [main] WARN  o.s.b.f.a.AutowiredAnnotationBeanPostProcessor - Autowired annotation is not supported on static fields: private static com.gt.quartzService.GenerateWeekPaper com.gt.quartzService.GenerateWeekPaper.createChildTable
2023-04-24 16:07:57.375 [main] WARN  o.s.b.a.o.j.JpaBaseConfiguration$JpaWebConfiguration$JpaWebMvcConfiguration - spring.jpa.open-in-view is enabled by default. Therefore, database queries may be performed during view rendering. Explicitly configure spring.jpa.open-in-view to disable this warning
2023-04-24 16:07:58.209 [main] WARN  o.s.b.a.freemarker.FreeMarkerAutoConfiguration - Cannot find template location(s): [classpath:/templates/] (please add some templates, check your FreeMarker configuration, or set spring.freemarker.checkTemplateLocation=false)
2023-04-24 16:08:28.979 [http-nio-8091-exec-3] WARN  org.hibernate.dialect.function.TemplateRenderer - HHH000174: Function template anticipated 4 arguments, but 1 arguments encountered
2023-04-24 16:25:56.907 [http-nio-8091-exec-9] WARN  org.hibernate.dialect.function.TemplateRenderer - HHH000174: Function template anticipated 4 arguments, but 1 arguments encountered
