2023-04-26 07:50:22.442 [main] WARN  o.s.b.f.a.AutowiredAnnotationBeanPostProcessor - Autowired annotation is not supported on static fields: private static com.gt.quartzService.GenerateDayPaper com.gt.quartzService.GenerateDayPaper.createChildTable
2023-04-26 07:50:22.446 [main] WARN  o.s.b.f.a.AutowiredAnnotationBeanPostProcessor - Autowired annotation is not supported on static fields: private static com.gt.quartzService.GenerateManhourAssess com.gt.quartzService.GenerateManhourAssess.createChildTable
2023-04-26 07:50:22.447 [main] WARN  o.s.b.f.a.AutowiredAnnotationBeanPostProcessor - Autowired annotation is not supported on static fields: private static com.gt.quartzService.GenerateMeritAssess com.gt.quartzService.GenerateMeritAssess.createChildTable
2023-04-26 07:50:22.449 [main] WARN  o.s.b.f.a.AutowiredAnnotationBeanPostProcessor - Autowired annotation is not supported on static fields: private static com.gt.quartzService.GenerateMonthPaper com.gt.quartzService.GenerateMonthPaper.createChildTable
2023-04-26 07:50:22.451 [main] WARN  o.s.b.f.a.AutowiredAnnotationBeanPostProcessor - Autowired annotation is not supported on static fields: private static com.gt.quartzService.GenerateProjectAssess com.gt.quartzService.GenerateProjectAssess.createChildTable
2023-04-26 07:50:22.453 [main] WARN  o.s.b.f.a.AutowiredAnnotationBeanPostProcessor - Autowired annotation is not supported on static fields: private static com.gt.quartzService.GenerateWeekPaper com.gt.quartzService.GenerateWeekPaper.createChildTable
2023-04-26 07:50:22.907 [main] WARN  o.s.b.a.o.j.JpaBaseConfiguration$JpaWebConfiguration$JpaWebMvcConfiguration - spring.jpa.open-in-view is enabled by default. Therefore, database queries may be performed during view rendering. Explicitly configure spring.jpa.open-in-view to disable this warning
2023-04-26 07:50:23.841 [main] WARN  o.s.b.a.freemarker.FreeMarkerAutoConfiguration - Cannot find template location(s): [classpath:/templates/] (please add some templates, check your FreeMarker configuration, or set spring.freemarker.checkTemplateLocation=false)
2023-04-26 07:52:50.706 [http-nio-8091-exec-6] WARN  org.hibernate.dialect.function.TemplateRenderer - HHH000174: Function template anticipated 4 arguments, but 1 arguments encountered
2023-04-26 07:53:20.292 [http-nio-8091-exec-1] WARN  org.hibernate.dialect.function.TemplateRenderer - HHH000174: Function template anticipated 4 arguments, but 1 arguments encountered
2023-04-26 08:24:00.755 [main] WARN  o.s.b.f.a.AutowiredAnnotationBeanPostProcessor - Autowired annotation is not supported on static fields: private static com.gt.quartzService.GenerateDayPaper com.gt.quartzService.GenerateDayPaper.createChildTable
2023-04-26 08:24:00.757 [main] WARN  o.s.b.f.a.AutowiredAnnotationBeanPostProcessor - Autowired annotation is not supported on static fields: private static com.gt.quartzService.GenerateManhourAssess com.gt.quartzService.GenerateManhourAssess.createChildTable
2023-04-26 08:24:00.758 [main] WARN  o.s.b.f.a.AutowiredAnnotationBeanPostProcessor - Autowired annotation is not supported on static fields: private static com.gt.quartzService.GenerateMeritAssess com.gt.quartzService.GenerateMeritAssess.createChildTable
2023-04-26 08:24:00.759 [main] WARN  o.s.b.f.a.AutowiredAnnotationBeanPostProcessor - Autowired annotation is not supported on static fields: private static com.gt.quartzService.GenerateMonthPaper com.gt.quartzService.GenerateMonthPaper.createChildTable
2023-04-26 08:24:00.760 [main] WARN  o.s.b.f.a.AutowiredAnnotationBeanPostProcessor - Autowired annotation is not supported on static fields: private static com.gt.quartzService.GenerateProjectAssess com.gt.quartzService.GenerateProjectAssess.createChildTable
2023-04-26 08:24:00.762 [main] WARN  o.s.b.f.a.AutowiredAnnotationBeanPostProcessor - Autowired annotation is not supported on static fields: private static com.gt.quartzService.GenerateWeekPaper com.gt.quartzService.GenerateWeekPaper.createChildTable
2023-04-26 08:24:01.238 [main] WARN  o.s.b.a.o.j.JpaBaseConfiguration$JpaWebConfiguration$JpaWebMvcConfiguration - spring.jpa.open-in-view is enabled by default. Therefore, database queries may be performed during view rendering. Explicitly configure spring.jpa.open-in-view to disable this warning
2023-04-26 08:24:02.146 [main] WARN  o.s.b.a.freemarker.FreeMarkerAutoConfiguration - Cannot find template location(s): [classpath:/templates/] (please add some templates, check your FreeMarker configuration, or set spring.freemarker.checkTemplateLocation=false)
2023-04-26 08:24:04.897 [http-nio-8091-exec-3] WARN  org.hibernate.dialect.function.TemplateRenderer - HHH000174: Function template anticipated 4 arguments, but 1 arguments encountered
2023-04-26 08:24:24.555 [http-nio-8091-exec-10] WARN  org.hibernate.dialect.function.TemplateRenderer - HHH000174: Function template anticipated 4 arguments, but 1 arguments encountered
2023-04-26 09:05:31.431 [main] WARN  o.s.b.f.a.AutowiredAnnotationBeanPostProcessor - Autowired annotation is not supported on static fields: private static com.gt.quartzService.GenerateDayPaper com.gt.quartzService.GenerateDayPaper.createChildTable
2023-04-26 09:05:31.433 [main] WARN  o.s.b.f.a.AutowiredAnnotationBeanPostProcessor - Autowired annotation is not supported on static fields: private static com.gt.quartzService.GenerateManhourAssess com.gt.quartzService.GenerateManhourAssess.createChildTable
2023-04-26 09:05:31.434 [main] WARN  o.s.b.f.a.AutowiredAnnotationBeanPostProcessor - Autowired annotation is not supported on static fields: private static com.gt.quartzService.GenerateMeritAssess com.gt.quartzService.GenerateMeritAssess.createChildTable
2023-04-26 09:05:31.436 [main] WARN  o.s.b.f.a.AutowiredAnnotationBeanPostProcessor - Autowired annotation is not supported on static fields: private static com.gt.quartzService.GenerateMonthPaper com.gt.quartzService.GenerateMonthPaper.createChildTable
2023-04-26 09:05:31.437 [main] WARN  o.s.b.f.a.AutowiredAnnotationBeanPostProcessor - Autowired annotation is not supported on static fields: private static com.gt.quartzService.GenerateProjectAssess com.gt.quartzService.GenerateProjectAssess.createChildTable
2023-04-26 09:05:31.439 [main] WARN  o.s.b.f.a.AutowiredAnnotationBeanPostProcessor - Autowired annotation is not supported on static fields: private static com.gt.quartzService.GenerateWeekPaper com.gt.quartzService.GenerateWeekPaper.createChildTable
2023-04-26 09:05:31.881 [main] WARN  o.s.b.a.o.j.JpaBaseConfiguration$JpaWebConfiguration$JpaWebMvcConfiguration - spring.jpa.open-in-view is enabled by default. Therefore, database queries may be performed during view rendering. Explicitly configure spring.jpa.open-in-view to disable this warning
2023-04-26 09:05:32.686 [main] WARN  o.s.b.a.freemarker.FreeMarkerAutoConfiguration - Cannot find template location(s): [classpath:/templates/] (please add some templates, check your FreeMarker configuration, or set spring.freemarker.checkTemplateLocation=false)
2023-04-26 09:06:51.207 [http-nio-8091-exec-9] WARN  org.hibernate.dialect.function.TemplateRenderer - HHH000174: Function template anticipated 4 arguments, but 1 arguments encountered
2023-04-26 09:08:01.475 [http-nio-8091-exec-5] WARN  org.hibernate.dialect.function.TemplateRenderer - HHH000174: Function template anticipated 4 arguments, but 1 arguments encountered
2023-04-26 09:09:49.241 [main] WARN  o.s.b.f.a.AutowiredAnnotationBeanPostProcessor - Autowired annotation is not supported on static fields: private static com.gt.quartzService.GenerateDayPaper com.gt.quartzService.GenerateDayPaper.createChildTable
2023-04-26 09:09:49.243 [main] WARN  o.s.b.f.a.AutowiredAnnotationBeanPostProcessor - Autowired annotation is not supported on static fields: private static com.gt.quartzService.GenerateManhourAssess com.gt.quartzService.GenerateManhourAssess.createChildTable
2023-04-26 09:09:49.244 [main] WARN  o.s.b.f.a.AutowiredAnnotationBeanPostProcessor - Autowired annotation is not supported on static fields: private static com.gt.quartzService.GenerateMeritAssess com.gt.quartzService.GenerateMeritAssess.createChildTable
2023-04-26 09:09:49.245 [main] WARN  o.s.b.f.a.AutowiredAnnotationBeanPostProcessor - Autowired annotation is not supported on static fields: private static com.gt.quartzService.GenerateMonthPaper com.gt.quartzService.GenerateMonthPaper.createChildTable
2023-04-26 09:09:49.246 [main] WARN  o.s.b.f.a.AutowiredAnnotationBeanPostProcessor - Autowired annotation is not supported on static fields: private static com.gt.quartzService.GenerateProjectAssess com.gt.quartzService.GenerateProjectAssess.createChildTable
2023-04-26 09:09:49.248 [main] WARN  o.s.b.f.a.AutowiredAnnotationBeanPostProcessor - Autowired annotation is not supported on static fields: private static com.gt.quartzService.GenerateWeekPaper com.gt.quartzService.GenerateWeekPaper.createChildTable
2023-04-26 09:09:49.722 [main] WARN  o.s.b.a.o.j.JpaBaseConfiguration$JpaWebConfiguration$JpaWebMvcConfiguration - spring.jpa.open-in-view is enabled by default. Therefore, database queries may be performed during view rendering. Explicitly configure spring.jpa.open-in-view to disable this warning
2023-04-26 09:09:50.815 [main] WARN  o.s.b.a.freemarker.FreeMarkerAutoConfiguration - Cannot find template location(s): [classpath:/templates/] (please add some templates, check your FreeMarker configuration, or set spring.freemarker.checkTemplateLocation=false)
2023-04-26 09:10:02.784 [http-nio-8091-exec-3] WARN  org.hibernate.dialect.function.TemplateRenderer - HHH000174: Function template anticipated 4 arguments, but 1 arguments encountered
2023-04-26 09:10:43.566 [http-nio-8091-exec-9] WARN  org.hibernate.dialect.function.TemplateRenderer - HHH000174: Function template anticipated 4 arguments, but 1 arguments encountered
2023-04-26 09:21:03.781 [main] WARN  o.s.b.f.a.AutowiredAnnotationBeanPostProcessor - Autowired annotation is not supported on static fields: private static com.gt.quartzService.GenerateDayPaper com.gt.quartzService.GenerateDayPaper.createChildTable
2023-04-26 09:21:03.783 [main] WARN  o.s.b.f.a.AutowiredAnnotationBeanPostProcessor - Autowired annotation is not supported on static fields: private static com.gt.quartzService.GenerateManhourAssess com.gt.quartzService.GenerateManhourAssess.createChildTable
2023-04-26 09:21:03.784 [main] WARN  o.s.b.f.a.AutowiredAnnotationBeanPostProcessor - Autowired annotation is not supported on static fields: private static com.gt.quartzService.GenerateMeritAssess com.gt.quartzService.GenerateMeritAssess.createChildTable
2023-04-26 09:21:03.786 [main] WARN  o.s.b.f.a.AutowiredAnnotationBeanPostProcessor - Autowired annotation is not supported on static fields: private static com.gt.quartzService.GenerateMonthPaper com.gt.quartzService.GenerateMonthPaper.createChildTable
2023-04-26 09:21:03.788 [main] WARN  o.s.b.f.a.AutowiredAnnotationBeanPostProcessor - Autowired annotation is not supported on static fields: private static com.gt.quartzService.GenerateProjectAssess com.gt.quartzService.GenerateProjectAssess.createChildTable
2023-04-26 09:21:03.790 [main] WARN  o.s.b.f.a.AutowiredAnnotationBeanPostProcessor - Autowired annotation is not supported on static fields: private static com.gt.quartzService.GenerateWeekPaper com.gt.quartzService.GenerateWeekPaper.createChildTable
2023-04-26 09:21:04.354 [main] WARN  o.s.b.a.o.j.JpaBaseConfiguration$JpaWebConfiguration$JpaWebMvcConfiguration - spring.jpa.open-in-view is enabled by default. Therefore, database queries may be performed during view rendering. Explicitly configure spring.jpa.open-in-view to disable this warning
2023-04-26 09:21:05.425 [main] WARN  o.s.b.a.freemarker.FreeMarkerAutoConfiguration - Cannot find template location(s): [classpath:/templates/] (please add some templates, check your FreeMarker configuration, or set spring.freemarker.checkTemplateLocation=false)
2023-04-26 09:21:21.607 [http-nio-8091-exec-3] WARN  org.hibernate.dialect.function.TemplateRenderer - HHH000174: Function template anticipated 4 arguments, but 1 arguments encountered
2023-04-26 09:21:47.005 [http-nio-8091-exec-5] WARN  org.hibernate.dialect.function.TemplateRenderer - HHH000174: Function template anticipated 4 arguments, but 1 arguments encountered
2023-04-26 09:28:47.780 [HikariPool-1 housekeeper] WARN  com.zaxxer.hikari.pool.HikariPool - HikariPool-1 - Thread starvation or clock leap detected (housekeeper delta=2m15s270ms40µs100ns).
2023-04-26 09:41:24.549 [HikariPool-1 housekeeper] WARN  com.zaxxer.hikari.pool.HikariPool - HikariPool-1 - Thread starvation or clock leap detected (housekeeper delta=7m35s896ms110µs600ns).
2023-04-26 09:53:23.662 [main] WARN  o.s.b.f.a.AutowiredAnnotationBeanPostProcessor - Autowired annotation is not supported on static fields: private static com.gt.quartzService.GenerateDayPaper com.gt.quartzService.GenerateDayPaper.createChildTable
2023-04-26 09:53:23.665 [main] WARN  o.s.b.f.a.AutowiredAnnotationBeanPostProcessor - Autowired annotation is not supported on static fields: private static com.gt.quartzService.GenerateManhourAssess com.gt.quartzService.GenerateManhourAssess.createChildTable
2023-04-26 09:53:23.667 [main] WARN  o.s.b.f.a.AutowiredAnnotationBeanPostProcessor - Autowired annotation is not supported on static fields: private static com.gt.quartzService.GenerateMeritAssess com.gt.quartzService.GenerateMeritAssess.createChildTable
2023-04-26 09:53:23.669 [main] WARN  o.s.b.f.a.AutowiredAnnotationBeanPostProcessor - Autowired annotation is not supported on static fields: private static com.gt.quartzService.GenerateMonthPaper com.gt.quartzService.GenerateMonthPaper.createChildTable
2023-04-26 09:53:23.672 [main] WARN  o.s.b.f.a.AutowiredAnnotationBeanPostProcessor - Autowired annotation is not supported on static fields: private static com.gt.quartzService.GenerateProjectAssess com.gt.quartzService.GenerateProjectAssess.createChildTable
2023-04-26 09:53:23.674 [main] WARN  o.s.b.f.a.AutowiredAnnotationBeanPostProcessor - Autowired annotation is not supported on static fields: private static com.gt.quartzService.GenerateWeekPaper com.gt.quartzService.GenerateWeekPaper.createChildTable
2023-04-26 09:53:24.519 [main] WARN  o.s.b.a.o.j.JpaBaseConfiguration$JpaWebConfiguration$JpaWebMvcConfiguration - spring.jpa.open-in-view is enabled by default. Therefore, database queries may be performed during view rendering. Explicitly configure spring.jpa.open-in-view to disable this warning
2023-04-26 09:53:25.334 [main] WARN  o.s.b.a.freemarker.FreeMarkerAutoConfiguration - Cannot find template location(s): [classpath:/templates/] (please add some templates, check your FreeMarker configuration, or set spring.freemarker.checkTemplateLocation=false)
2023-04-26 09:53:35.086 [http-nio-8091-exec-3] WARN  org.hibernate.dialect.function.TemplateRenderer - HHH000174: Function template anticipated 4 arguments, but 1 arguments encountered
2023-04-26 09:54:14.528 [http-nio-8091-exec-3] WARN  org.hibernate.dialect.function.TemplateRenderer - HHH000174: Function template anticipated 4 arguments, but 1 arguments encountered
2023-04-26 09:55:09.913 [main] WARN  o.s.b.f.a.AutowiredAnnotationBeanPostProcessor - Autowired annotation is not supported on static fields: private static com.gt.quartzService.GenerateDayPaper com.gt.quartzService.GenerateDayPaper.createChildTable
2023-04-26 09:55:09.915 [main] WARN  o.s.b.f.a.AutowiredAnnotationBeanPostProcessor - Autowired annotation is not supported on static fields: private static com.gt.quartzService.GenerateManhourAssess com.gt.quartzService.GenerateManhourAssess.createChildTable
2023-04-26 09:55:09.917 [main] WARN  o.s.b.f.a.AutowiredAnnotationBeanPostProcessor - Autowired annotation is not supported on static fields: private static com.gt.quartzService.GenerateMeritAssess com.gt.quartzService.GenerateMeritAssess.createChildTable
2023-04-26 09:55:09.919 [main] WARN  o.s.b.f.a.AutowiredAnnotationBeanPostProcessor - Autowired annotation is not supported on static fields: private static com.gt.quartzService.GenerateMonthPaper com.gt.quartzService.GenerateMonthPaper.createChildTable
2023-04-26 09:55:09.923 [main] WARN  o.s.b.f.a.AutowiredAnnotationBeanPostProcessor - Autowired annotation is not supported on static fields: private static com.gt.quartzService.GenerateProjectAssess com.gt.quartzService.GenerateProjectAssess.createChildTable
2023-04-26 09:55:09.925 [main] WARN  o.s.b.f.a.AutowiredAnnotationBeanPostProcessor - Autowired annotation is not supported on static fields: private static com.gt.quartzService.GenerateWeekPaper com.gt.quartzService.GenerateWeekPaper.createChildTable
2023-04-26 09:55:10.366 [main] WARN  o.s.b.a.o.j.JpaBaseConfiguration$JpaWebConfiguration$JpaWebMvcConfiguration - spring.jpa.open-in-view is enabled by default. Therefore, database queries may be performed during view rendering. Explicitly configure spring.jpa.open-in-view to disable this warning
2023-04-26 09:55:11.481 [main] WARN  o.s.b.a.freemarker.FreeMarkerAutoConfiguration - Cannot find template location(s): [classpath:/templates/] (please add some templates, check your FreeMarker configuration, or set spring.freemarker.checkTemplateLocation=false)
2023-04-26 09:55:29.110 [http-nio-8091-exec-2] WARN  org.hibernate.dialect.function.TemplateRenderer - HHH000174: Function template anticipated 4 arguments, but 1 arguments encountered
2023-04-26 09:55:59.439 [http-nio-8091-exec-3] WARN  org.hibernate.dialect.function.TemplateRenderer - HHH000174: Function template anticipated 4 arguments, but 1 arguments encountered
2023-04-26 10:12:39.729 [main] WARN  o.s.b.f.a.AutowiredAnnotationBeanPostProcessor - Autowired annotation is not supported on static fields: private static com.gt.quartzService.GenerateDayPaper com.gt.quartzService.GenerateDayPaper.createChildTable
2023-04-26 10:12:39.731 [main] WARN  o.s.b.f.a.AutowiredAnnotationBeanPostProcessor - Autowired annotation is not supported on static fields: private static com.gt.quartzService.GenerateManhourAssess com.gt.quartzService.GenerateManhourAssess.createChildTable
2023-04-26 10:12:39.732 [main] WARN  o.s.b.f.a.AutowiredAnnotationBeanPostProcessor - Autowired annotation is not supported on static fields: private static com.gt.quartzService.GenerateMeritAssess com.gt.quartzService.GenerateMeritAssess.createChildTable
2023-04-26 10:12:39.734 [main] WARN  o.s.b.f.a.AutowiredAnnotationBeanPostProcessor - Autowired annotation is not supported on static fields: private static com.gt.quartzService.GenerateMonthPaper com.gt.quartzService.GenerateMonthPaper.createChildTable
2023-04-26 10:12:39.736 [main] WARN  o.s.b.f.a.AutowiredAnnotationBeanPostProcessor - Autowired annotation is not supported on static fields: private static com.gt.quartzService.GenerateProjectAssess com.gt.quartzService.GenerateProjectAssess.createChildTable
2023-04-26 10:12:39.738 [main] WARN  o.s.b.f.a.AutowiredAnnotationBeanPostProcessor - Autowired annotation is not supported on static fields: private static com.gt.quartzService.GenerateWeekPaper com.gt.quartzService.GenerateWeekPaper.createChildTable
2023-04-26 10:12:40.301 [main] WARN  o.s.b.a.o.j.JpaBaseConfiguration$JpaWebConfiguration$JpaWebMvcConfiguration - spring.jpa.open-in-view is enabled by default. Therefore, database queries may be performed during view rendering. Explicitly configure spring.jpa.open-in-view to disable this warning
2023-04-26 10:12:41.207 [main] WARN  o.s.b.a.freemarker.FreeMarkerAutoConfiguration - Cannot find template location(s): [classpath:/templates/] (please add some templates, check your FreeMarker configuration, or set spring.freemarker.checkTemplateLocation=false)
2023-04-26 10:13:21.430 [http-nio-8091-exec-5] WARN  org.hibernate.dialect.function.TemplateRenderer - HHH000174: Function template anticipated 4 arguments, but 1 arguments encountered
2023-04-26 10:13:49.684 [http-nio-8091-exec-9] WARN  org.hibernate.dialect.function.TemplateRenderer - HHH000174: Function template anticipated 4 arguments, but 1 arguments encountered
2023-04-26 10:22:22.310 [main] WARN  o.s.b.f.a.AutowiredAnnotationBeanPostProcessor - Autowired annotation is not supported on static fields: private static com.gt.quartzService.GenerateDayPaper com.gt.quartzService.GenerateDayPaper.createChildTable
2023-04-26 10:22:22.313 [main] WARN  o.s.b.f.a.AutowiredAnnotationBeanPostProcessor - Autowired annotation is not supported on static fields: private static com.gt.quartzService.GenerateManhourAssess com.gt.quartzService.GenerateManhourAssess.createChildTable
2023-04-26 10:22:22.315 [main] WARN  o.s.b.f.a.AutowiredAnnotationBeanPostProcessor - Autowired annotation is not supported on static fields: private static com.gt.quartzService.GenerateMeritAssess com.gt.quartzService.GenerateMeritAssess.createChildTable
2023-04-26 10:22:22.317 [main] WARN  o.s.b.f.a.AutowiredAnnotationBeanPostProcessor - Autowired annotation is not supported on static fields: private static com.gt.quartzService.GenerateMonthPaper com.gt.quartzService.GenerateMonthPaper.createChildTable
2023-04-26 10:22:22.319 [main] WARN  o.s.b.f.a.AutowiredAnnotationBeanPostProcessor - Autowired annotation is not supported on static fields: private static com.gt.quartzService.GenerateProjectAssess com.gt.quartzService.GenerateProjectAssess.createChildTable
2023-04-26 10:22:22.321 [main] WARN  o.s.b.f.a.AutowiredAnnotationBeanPostProcessor - Autowired annotation is not supported on static fields: private static com.gt.quartzService.GenerateWeekPaper com.gt.quartzService.GenerateWeekPaper.createChildTable
2023-04-26 10:22:23.107 [main] WARN  o.s.b.a.o.j.JpaBaseConfiguration$JpaWebConfiguration$JpaWebMvcConfiguration - spring.jpa.open-in-view is enabled by default. Therefore, database queries may be performed during view rendering. Explicitly configure spring.jpa.open-in-view to disable this warning
2023-04-26 10:22:24.417 [main] WARN  o.s.b.a.freemarker.FreeMarkerAutoConfiguration - Cannot find template location(s): [classpath:/templates/] (please add some templates, check your FreeMarker configuration, or set spring.freemarker.checkTemplateLocation=false)
2023-04-26 10:22:26.056 [http-nio-8091-exec-3] WARN  org.hibernate.dialect.function.TemplateRenderer - HHH000174: Function template anticipated 4 arguments, but 1 arguments encountered
2023-04-26 10:22:46.085 [http-nio-8091-exec-1] WARN  org.hibernate.dialect.function.TemplateRenderer - HHH000174: Function template anticipated 4 arguments, but 1 arguments encountered
2023-04-26 10:23:29.147 [main] WARN  o.s.b.f.a.AutowiredAnnotationBeanPostProcessor - Autowired annotation is not supported on static fields: private static com.gt.quartzService.GenerateDayPaper com.gt.quartzService.GenerateDayPaper.createChildTable
2023-04-26 10:23:29.149 [main] WARN  o.s.b.f.a.AutowiredAnnotationBeanPostProcessor - Autowired annotation is not supported on static fields: private static com.gt.quartzService.GenerateManhourAssess com.gt.quartzService.GenerateManhourAssess.createChildTable
2023-04-26 10:23:29.150 [main] WARN  o.s.b.f.a.AutowiredAnnotationBeanPostProcessor - Autowired annotation is not supported on static fields: private static com.gt.quartzService.GenerateMeritAssess com.gt.quartzService.GenerateMeritAssess.createChildTable
2023-04-26 10:23:29.152 [main] WARN  o.s.b.f.a.AutowiredAnnotationBeanPostProcessor - Autowired annotation is not supported on static fields: private static com.gt.quartzService.GenerateMonthPaper com.gt.quartzService.GenerateMonthPaper.createChildTable
2023-04-26 10:23:29.154 [main] WARN  o.s.b.f.a.AutowiredAnnotationBeanPostProcessor - Autowired annotation is not supported on static fields: private static com.gt.quartzService.GenerateProjectAssess com.gt.quartzService.GenerateProjectAssess.createChildTable
2023-04-26 10:23:29.155 [main] WARN  o.s.b.f.a.AutowiredAnnotationBeanPostProcessor - Autowired annotation is not supported on static fields: private static com.gt.quartzService.GenerateWeekPaper com.gt.quartzService.GenerateWeekPaper.createChildTable
2023-04-26 10:23:30.234 [main] WARN  o.s.b.a.o.j.JpaBaseConfiguration$JpaWebConfiguration$JpaWebMvcConfiguration - spring.jpa.open-in-view is enabled by default. Therefore, database queries may be performed during view rendering. Explicitly configure spring.jpa.open-in-view to disable this warning
2023-04-26 10:23:31.220 [main] WARN  o.s.b.a.freemarker.FreeMarkerAutoConfiguration - Cannot find template location(s): [classpath:/templates/] (please add some templates, check your FreeMarker configuration, or set spring.freemarker.checkTemplateLocation=false)
2023-04-26 10:23:32.758 [http-nio-8091-exec-3] WARN  org.hibernate.dialect.function.TemplateRenderer - HHH000174: Function template anticipated 4 arguments, but 1 arguments encountered
2023-04-26 10:23:51.101 [http-nio-8091-exec-10] WARN  org.hibernate.dialect.function.TemplateRenderer - HHH000174: Function template anticipated 4 arguments, but 1 arguments encountered
2023-04-26 10:29:13.563 [HikariPool-1 housekeeper] WARN  com.zaxxer.hikari.pool.HikariPool - HikariPool-1 - Thread starvation or clock leap detected (housekeeper delta=2m45s710ms512µs400ns).
2023-04-26 10:59:23.864 [main] WARN  o.s.b.f.a.AutowiredAnnotationBeanPostProcessor - Autowired annotation is not supported on static fields: private static com.gt.quartzService.GenerateDayPaper com.gt.quartzService.GenerateDayPaper.createChildTable
2023-04-26 10:59:23.866 [main] WARN  o.s.b.f.a.AutowiredAnnotationBeanPostProcessor - Autowired annotation is not supported on static fields: private static com.gt.quartzService.GenerateManhourAssess com.gt.quartzService.GenerateManhourAssess.createChildTable
2023-04-26 10:59:23.868 [main] WARN  o.s.b.f.a.AutowiredAnnotationBeanPostProcessor - Autowired annotation is not supported on static fields: private static com.gt.quartzService.GenerateMeritAssess com.gt.quartzService.GenerateMeritAssess.createChildTable
2023-04-26 10:59:23.870 [main] WARN  o.s.b.f.a.AutowiredAnnotationBeanPostProcessor - Autowired annotation is not supported on static fields: private static com.gt.quartzService.GenerateMonthPaper com.gt.quartzService.GenerateMonthPaper.createChildTable
2023-04-26 10:59:23.872 [main] WARN  o.s.b.f.a.AutowiredAnnotationBeanPostProcessor - Autowired annotation is not supported on static fields: private static com.gt.quartzService.GenerateProjectAssess com.gt.quartzService.GenerateProjectAssess.createChildTable
2023-04-26 10:59:23.875 [main] WARN  o.s.b.f.a.AutowiredAnnotationBeanPostProcessor - Autowired annotation is not supported on static fields: private static com.gt.quartzService.GenerateWeekPaper com.gt.quartzService.GenerateWeekPaper.createChildTable
2023-04-26 10:59:25.111 [main] WARN  o.s.b.a.o.j.JpaBaseConfiguration$JpaWebConfiguration$JpaWebMvcConfiguration - spring.jpa.open-in-view is enabled by default. Therefore, database queries may be performed during view rendering. Explicitly configure spring.jpa.open-in-view to disable this warning
2023-04-26 10:59:25.986 [main] WARN  o.s.b.a.freemarker.FreeMarkerAutoConfiguration - Cannot find template location(s): [classpath:/templates/] (please add some templates, check your FreeMarker configuration, or set spring.freemarker.checkTemplateLocation=false)
2023-04-26 10:59:31.998 [http-nio-8091-exec-3] WARN  org.hibernate.dialect.function.TemplateRenderer - HHH000174: Function template anticipated 4 arguments, but 1 arguments encountered
2023-04-26 10:59:58.076 [http-nio-8091-exec-3] WARN  org.hibernate.dialect.function.TemplateRenderer - HHH000174: Function template anticipated 4 arguments, but 1 arguments encountered
2023-04-26 11:04:01.773 [main] WARN  o.s.b.f.a.AutowiredAnnotationBeanPostProcessor - Autowired annotation is not supported on static fields: private static com.gt.quartzService.GenerateDayPaper com.gt.quartzService.GenerateDayPaper.createChildTable
2023-04-26 11:04:01.775 [main] WARN  o.s.b.f.a.AutowiredAnnotationBeanPostProcessor - Autowired annotation is not supported on static fields: private static com.gt.quartzService.GenerateManhourAssess com.gt.quartzService.GenerateManhourAssess.createChildTable
2023-04-26 11:04:01.777 [main] WARN  o.s.b.f.a.AutowiredAnnotationBeanPostProcessor - Autowired annotation is not supported on static fields: private static com.gt.quartzService.GenerateMeritAssess com.gt.quartzService.GenerateMeritAssess.createChildTable
2023-04-26 11:04:01.779 [main] WARN  o.s.b.f.a.AutowiredAnnotationBeanPostProcessor - Autowired annotation is not supported on static fields: private static com.gt.quartzService.GenerateMonthPaper com.gt.quartzService.GenerateMonthPaper.createChildTable
2023-04-26 11:04:01.782 [main] WARN  o.s.b.f.a.AutowiredAnnotationBeanPostProcessor - Autowired annotation is not supported on static fields: private static com.gt.quartzService.GenerateProjectAssess com.gt.quartzService.GenerateProjectAssess.createChildTable
2023-04-26 11:04:01.784 [main] WARN  o.s.b.f.a.AutowiredAnnotationBeanPostProcessor - Autowired annotation is not supported on static fields: private static com.gt.quartzService.GenerateWeekPaper com.gt.quartzService.GenerateWeekPaper.createChildTable
2023-04-26 11:04:02.562 [main] WARN  o.s.b.a.o.j.JpaBaseConfiguration$JpaWebConfiguration$JpaWebMvcConfiguration - spring.jpa.open-in-view is enabled by default. Therefore, database queries may be performed during view rendering. Explicitly configure spring.jpa.open-in-view to disable this warning
2023-04-26 11:04:03.509 [main] WARN  o.s.b.a.freemarker.FreeMarkerAutoConfiguration - Cannot find template location(s): [classpath:/templates/] (please add some templates, check your FreeMarker configuration, or set spring.freemarker.checkTemplateLocation=false)
2023-04-26 11:04:09.356 [http-nio-8091-exec-2] WARN  org.hibernate.dialect.function.TemplateRenderer - HHH000174: Function template anticipated 4 arguments, but 1 arguments encountered
2023-04-26 11:04:42.812 [http-nio-8091-exec-7] WARN  org.hibernate.dialect.function.TemplateRenderer - HHH000174: Function template anticipated 4 arguments, but 1 arguments encountered
2023-04-26 11:21:20.090 [main] WARN  o.s.b.f.a.AutowiredAnnotationBeanPostProcessor - Autowired annotation is not supported on static fields: private static com.gt.quartzService.GenerateDayPaper com.gt.quartzService.GenerateDayPaper.createChildTable
2023-04-26 11:21:20.092 [main] WARN  o.s.b.f.a.AutowiredAnnotationBeanPostProcessor - Autowired annotation is not supported on static fields: private static com.gt.quartzService.GenerateManhourAssess com.gt.quartzService.GenerateManhourAssess.createChildTable
2023-04-26 11:21:20.093 [main] WARN  o.s.b.f.a.AutowiredAnnotationBeanPostProcessor - Autowired annotation is not supported on static fields: private static com.gt.quartzService.GenerateMeritAssess com.gt.quartzService.GenerateMeritAssess.createChildTable
2023-04-26 11:21:20.094 [main] WARN  o.s.b.f.a.AutowiredAnnotationBeanPostProcessor - Autowired annotation is not supported on static fields: private static com.gt.quartzService.GenerateMonthPaper com.gt.quartzService.GenerateMonthPaper.createChildTable
2023-04-26 11:21:20.096 [main] WARN  o.s.b.f.a.AutowiredAnnotationBeanPostProcessor - Autowired annotation is not supported on static fields: private static com.gt.quartzService.GenerateProjectAssess com.gt.quartzService.GenerateProjectAssess.createChildTable
2023-04-26 11:21:20.097 [main] WARN  o.s.b.f.a.AutowiredAnnotationBeanPostProcessor - Autowired annotation is not supported on static fields: private static com.gt.quartzService.GenerateWeekPaper com.gt.quartzService.GenerateWeekPaper.createChildTable
2023-04-26 11:21:20.536 [main] WARN  o.s.b.a.o.j.JpaBaseConfiguration$JpaWebConfiguration$JpaWebMvcConfiguration - spring.jpa.open-in-view is enabled by default. Therefore, database queries may be performed during view rendering. Explicitly configure spring.jpa.open-in-view to disable this warning
2023-04-26 11:21:21.471 [main] WARN  o.s.b.a.freemarker.FreeMarkerAutoConfiguration - Cannot find template location(s): [classpath:/templates/] (please add some templates, check your FreeMarker configuration, or set spring.freemarker.checkTemplateLocation=false)
2023-04-26 11:21:42.126 [http-nio-8091-exec-3] WARN  org.hibernate.dialect.function.TemplateRenderer - HHH000174: Function template anticipated 4 arguments, but 1 arguments encountered
2023-04-26 11:31:00.560 [main] WARN  o.s.b.f.a.AutowiredAnnotationBeanPostProcessor - Autowired annotation is not supported on static fields: private static com.gt.quartzService.GenerateDayPaper com.gt.quartzService.GenerateDayPaper.createChildTable
2023-04-26 11:31:00.562 [main] WARN  o.s.b.f.a.AutowiredAnnotationBeanPostProcessor - Autowired annotation is not supported on static fields: private static com.gt.quartzService.GenerateManhourAssess com.gt.quartzService.GenerateManhourAssess.createChildTable
2023-04-26 11:31:00.563 [main] WARN  o.s.b.f.a.AutowiredAnnotationBeanPostProcessor - Autowired annotation is not supported on static fields: private static com.gt.quartzService.GenerateMeritAssess com.gt.quartzService.GenerateMeritAssess.createChildTable
2023-04-26 11:31:00.565 [main] WARN  o.s.b.f.a.AutowiredAnnotationBeanPostProcessor - Autowired annotation is not supported on static fields: private static com.gt.quartzService.GenerateMonthPaper com.gt.quartzService.GenerateMonthPaper.createChildTable
2023-04-26 11:31:00.567 [main] WARN  o.s.b.f.a.AutowiredAnnotationBeanPostProcessor - Autowired annotation is not supported on static fields: private static com.gt.quartzService.GenerateProjectAssess com.gt.quartzService.GenerateProjectAssess.createChildTable
2023-04-26 11:31:00.569 [main] WARN  o.s.b.f.a.AutowiredAnnotationBeanPostProcessor - Autowired annotation is not supported on static fields: private static com.gt.quartzService.GenerateWeekPaper com.gt.quartzService.GenerateWeekPaper.createChildTable
2023-04-26 11:31:01.110 [main] WARN  o.s.b.a.o.j.JpaBaseConfiguration$JpaWebConfiguration$JpaWebMvcConfiguration - spring.jpa.open-in-view is enabled by default. Therefore, database queries may be performed during view rendering. Explicitly configure spring.jpa.open-in-view to disable this warning
2023-04-26 11:31:02.152 [main] WARN  o.s.b.a.freemarker.FreeMarkerAutoConfiguration - Cannot find template location(s): [classpath:/templates/] (please add some templates, check your FreeMarker configuration, or set spring.freemarker.checkTemplateLocation=false)
2023-04-26 11:31:12.088 [http-nio-8091-exec-3] WARN  org.hibernate.dialect.function.TemplateRenderer - HHH000174: Function template anticipated 4 arguments, but 1 arguments encountered
2023-04-26 11:32:29.858 [http-nio-8091-exec-8] WARN  org.hibernate.dialect.function.TemplateRenderer - HHH000174: Function template anticipated 4 arguments, but 1 arguments encountered
2023-04-26 11:44:05.114 [main] WARN  o.s.b.f.a.AutowiredAnnotationBeanPostProcessor - Autowired annotation is not supported on static fields: private static com.gt.quartzService.GenerateDayPaper com.gt.quartzService.GenerateDayPaper.createChildTable
2023-04-26 11:44:05.115 [main] WARN  o.s.b.f.a.AutowiredAnnotationBeanPostProcessor - Autowired annotation is not supported on static fields: private static com.gt.quartzService.GenerateManhourAssess com.gt.quartzService.GenerateManhourAssess.createChildTable
2023-04-26 11:44:05.117 [main] WARN  o.s.b.f.a.AutowiredAnnotationBeanPostProcessor - Autowired annotation is not supported on static fields: private static com.gt.quartzService.GenerateMeritAssess com.gt.quartzService.GenerateMeritAssess.createChildTable
2023-04-26 11:44:05.118 [main] WARN  o.s.b.f.a.AutowiredAnnotationBeanPostProcessor - Autowired annotation is not supported on static fields: private static com.gt.quartzService.GenerateMonthPaper com.gt.quartzService.GenerateMonthPaper.createChildTable
2023-04-26 11:44:05.119 [main] WARN  o.s.b.f.a.AutowiredAnnotationBeanPostProcessor - Autowired annotation is not supported on static fields: private static com.gt.quartzService.GenerateProjectAssess com.gt.quartzService.GenerateProjectAssess.createChildTable
2023-04-26 11:44:05.121 [main] WARN  o.s.b.f.a.AutowiredAnnotationBeanPostProcessor - Autowired annotation is not supported on static fields: private static com.gt.quartzService.GenerateWeekPaper com.gt.quartzService.GenerateWeekPaper.createChildTable
2023-04-26 11:44:05.550 [main] WARN  o.s.b.a.o.j.JpaBaseConfiguration$JpaWebConfiguration$JpaWebMvcConfiguration - spring.jpa.open-in-view is enabled by default. Therefore, database queries may be performed during view rendering. Explicitly configure spring.jpa.open-in-view to disable this warning
2023-04-26 11:44:06.394 [main] WARN  o.s.b.a.freemarker.FreeMarkerAutoConfiguration - Cannot find template location(s): [classpath:/templates/] (please add some templates, check your FreeMarker configuration, or set spring.freemarker.checkTemplateLocation=false)
2023-04-26 11:44:20.613 [http-nio-8091-exec-6] WARN  org.hibernate.dialect.function.TemplateRenderer - HHH000174: Function template anticipated 4 arguments, but 1 arguments encountered
2023-04-26 11:44:46.448 [http-nio-8091-exec-1] WARN  org.hibernate.dialect.function.TemplateRenderer - HHH000174: Function template anticipated 4 arguments, but 1 arguments encountered
2023-04-26 11:49:34.478 [main] WARN  o.s.b.f.a.AutowiredAnnotationBeanPostProcessor - Autowired annotation is not supported on static fields: private static com.gt.quartzService.GenerateDayPaper com.gt.quartzService.GenerateDayPaper.createChildTable
2023-04-26 11:49:34.480 [main] WARN  o.s.b.f.a.AutowiredAnnotationBeanPostProcessor - Autowired annotation is not supported on static fields: private static com.gt.quartzService.GenerateManhourAssess com.gt.quartzService.GenerateManhourAssess.createChildTable
2023-04-26 11:49:34.481 [main] WARN  o.s.b.f.a.AutowiredAnnotationBeanPostProcessor - Autowired annotation is not supported on static fields: private static com.gt.quartzService.GenerateMeritAssess com.gt.quartzService.GenerateMeritAssess.createChildTable
2023-04-26 11:49:34.483 [main] WARN  o.s.b.f.a.AutowiredAnnotationBeanPostProcessor - Autowired annotation is not supported on static fields: private static com.gt.quartzService.GenerateMonthPaper com.gt.quartzService.GenerateMonthPaper.createChildTable
2023-04-26 11:49:34.485 [main] WARN  o.s.b.f.a.AutowiredAnnotationBeanPostProcessor - Autowired annotation is not supported on static fields: private static com.gt.quartzService.GenerateProjectAssess com.gt.quartzService.GenerateProjectAssess.createChildTable
2023-04-26 11:49:34.487 [main] WARN  o.s.b.f.a.AutowiredAnnotationBeanPostProcessor - Autowired annotation is not supported on static fields: private static com.gt.quartzService.GenerateWeekPaper com.gt.quartzService.GenerateWeekPaper.createChildTable
2023-04-26 11:49:35.064 [main] WARN  o.s.b.a.o.j.JpaBaseConfiguration$JpaWebConfiguration$JpaWebMvcConfiguration - spring.jpa.open-in-view is enabled by default. Therefore, database queries may be performed during view rendering. Explicitly configure spring.jpa.open-in-view to disable this warning
2023-04-26 11:49:36.065 [main] WARN  o.s.b.a.freemarker.FreeMarkerAutoConfiguration - Cannot find template location(s): [classpath:/templates/] (please add some templates, check your FreeMarker configuration, or set spring.freemarker.checkTemplateLocation=false)
2023-04-26 11:50:59.820 [http-nio-8091-exec-3] WARN  org.hibernate.dialect.function.TemplateRenderer - HHH000174: Function template anticipated 4 arguments, but 1 arguments encountered
2023-04-26 11:51:41.585 [http-nio-8091-exec-9] WARN  org.hibernate.dialect.function.TemplateRenderer - HHH000174: Function template anticipated 4 arguments, but 1 arguments encountered
2023-04-26 11:52:48.840 [HikariPool-1 housekeeper] WARN  com.zaxxer.hikari.pool.HikariPool - HikariPool-1 - Thread starvation or clock leap detected (housekeeper delta=45s655ms319µs100ns).
2023-04-26 14:31:26.023 [main] WARN  o.s.b.f.a.AutowiredAnnotationBeanPostProcessor - Autowired annotation is not supported on static fields: private static com.gt.quartzService.GenerateDayPaper com.gt.quartzService.GenerateDayPaper.createChildTable
2023-04-26 14:31:26.025 [main] WARN  o.s.b.f.a.AutowiredAnnotationBeanPostProcessor - Autowired annotation is not supported on static fields: private static com.gt.quartzService.GenerateManhourAssess com.gt.quartzService.GenerateManhourAssess.createChildTable
2023-04-26 14:31:26.027 [main] WARN  o.s.b.f.a.AutowiredAnnotationBeanPostProcessor - Autowired annotation is not supported on static fields: private static com.gt.quartzService.GenerateMeritAssess com.gt.quartzService.GenerateMeritAssess.createChildTable
2023-04-26 14:31:26.028 [main] WARN  o.s.b.f.a.AutowiredAnnotationBeanPostProcessor - Autowired annotation is not supported on static fields: private static com.gt.quartzService.GenerateMonthPaper com.gt.quartzService.GenerateMonthPaper.createChildTable
2023-04-26 14:31:26.030 [main] WARN  o.s.b.f.a.AutowiredAnnotationBeanPostProcessor - Autowired annotation is not supported on static fields: private static com.gt.quartzService.GenerateProjectAssess com.gt.quartzService.GenerateProjectAssess.createChildTable
2023-04-26 14:31:26.032 [main] WARN  o.s.b.f.a.AutowiredAnnotationBeanPostProcessor - Autowired annotation is not supported on static fields: private static com.gt.quartzService.GenerateWeekPaper com.gt.quartzService.GenerateWeekPaper.createChildTable
2023-04-26 14:31:26.596 [main] WARN  o.s.b.a.o.j.JpaBaseConfiguration$JpaWebConfiguration$JpaWebMvcConfiguration - spring.jpa.open-in-view is enabled by default. Therefore, database queries may be performed during view rendering. Explicitly configure spring.jpa.open-in-view to disable this warning
2023-04-26 14:31:27.539 [main] WARN  o.s.b.a.freemarker.FreeMarkerAutoConfiguration - Cannot find template location(s): [classpath:/templates/] (please add some templates, check your FreeMarker configuration, or set spring.freemarker.checkTemplateLocation=false)
2023-04-26 14:31:32.032 [http-nio-8091-exec-3] WARN  org.hibernate.dialect.function.TemplateRenderer - HHH000174: Function template anticipated 4 arguments, but 1 arguments encountered
2023-04-26 14:33:56.483 [HikariPool-1 housekeeper] WARN  com.zaxxer.hikari.pool.HikariPool - HikariPool-1 - Thread starvation or clock leap detected (housekeeper delta=1m51s120ms973µs800ns).
2023-04-26 14:34:57.622 [HikariPool-1 housekeeper] WARN  com.zaxxer.hikari.pool.HikariPool - HikariPool-1 - Thread starvation or clock leap detected (housekeeper delta=1m1s139ms740µs300ns).
2023-04-26 14:36:26.085 [HikariPool-1 housekeeper] WARN  com.zaxxer.hikari.pool.HikariPool - HikariPool-1 - Thread starvation or clock leap detected (housekeeper delta=1m28s462ms255µs900ns).
2023-04-26 14:37:38.414 [HikariPool-1 housekeeper] WARN  com.zaxxer.hikari.pool.HikariPool - HikariPool-1 - Thread starvation or clock leap detected (housekeeper delta=1m12s329ms236µs300ns).
2023-04-26 14:43:14.822 [HikariPool-1 housekeeper] WARN  com.zaxxer.hikari.pool.HikariPool - HikariPool-1 - Thread starvation or clock leap detected (housekeeper delta=5m3s345ms361µs400ns).
2023-04-26 14:43:26.227 [main] WARN  o.s.b.f.a.AutowiredAnnotationBeanPostProcessor - Autowired annotation is not supported on static fields: private static com.gt.quartzService.GenerateDayPaper com.gt.quartzService.GenerateDayPaper.createChildTable
2023-04-26 14:43:26.229 [main] WARN  o.s.b.f.a.AutowiredAnnotationBeanPostProcessor - Autowired annotation is not supported on static fields: private static com.gt.quartzService.GenerateManhourAssess com.gt.quartzService.GenerateManhourAssess.createChildTable
2023-04-26 14:43:26.231 [main] WARN  o.s.b.f.a.AutowiredAnnotationBeanPostProcessor - Autowired annotation is not supported on static fields: private static com.gt.quartzService.GenerateMeritAssess com.gt.quartzService.GenerateMeritAssess.createChildTable
2023-04-26 14:43:26.233 [main] WARN  o.s.b.f.a.AutowiredAnnotationBeanPostProcessor - Autowired annotation is not supported on static fields: private static com.gt.quartzService.GenerateMonthPaper com.gt.quartzService.GenerateMonthPaper.createChildTable
2023-04-26 14:43:26.235 [main] WARN  o.s.b.f.a.AutowiredAnnotationBeanPostProcessor - Autowired annotation is not supported on static fields: private static com.gt.quartzService.GenerateProjectAssess com.gt.quartzService.GenerateProjectAssess.createChildTable
2023-04-26 14:43:26.237 [main] WARN  o.s.b.f.a.AutowiredAnnotationBeanPostProcessor - Autowired annotation is not supported on static fields: private static com.gt.quartzService.GenerateWeekPaper com.gt.quartzService.GenerateWeekPaper.createChildTable
2023-04-26 14:43:26.689 [main] WARN  o.s.b.a.o.j.JpaBaseConfiguration$JpaWebConfiguration$JpaWebMvcConfiguration - spring.jpa.open-in-view is enabled by default. Therefore, database queries may be performed during view rendering. Explicitly configure spring.jpa.open-in-view to disable this warning
2023-04-26 14:43:27.577 [main] WARN  o.s.b.a.freemarker.FreeMarkerAutoConfiguration - Cannot find template location(s): [classpath:/templates/] (please add some templates, check your FreeMarker configuration, or set spring.freemarker.checkTemplateLocation=false)
2023-04-26 14:43:30.711 [http-nio-8091-exec-4] WARN  org.hibernate.dialect.function.TemplateRenderer - HHH000174: Function template anticipated 4 arguments, but 1 arguments encountered
2023-04-26 14:44:01.705 [http-nio-8091-exec-8] WARN  org.hibernate.dialect.function.TemplateRenderer - HHH000174: Function template anticipated 4 arguments, but 1 arguments encountered
2023-04-26 17:30:56.340 [main] WARN  o.s.b.f.a.AutowiredAnnotationBeanPostProcessor - Autowired annotation is not supported on static fields: private static com.gt.quartzService.GenerateDayPaper com.gt.quartzService.GenerateDayPaper.createChildTable
2023-04-26 17:30:56.344 [main] WARN  o.s.b.f.a.AutowiredAnnotationBeanPostProcessor - Autowired annotation is not supported on static fields: private static com.gt.quartzService.GenerateManhourAssess com.gt.quartzService.GenerateManhourAssess.createChildTable
2023-04-26 17:30:56.347 [main] WARN  o.s.b.f.a.AutowiredAnnotationBeanPostProcessor - Autowired annotation is not supported on static fields: private static com.gt.quartzService.GenerateMeritAssess com.gt.quartzService.GenerateMeritAssess.createChildTable
2023-04-26 17:30:56.350 [main] WARN  o.s.b.f.a.AutowiredAnnotationBeanPostProcessor - Autowired annotation is not supported on static fields: private static com.gt.quartzService.GenerateMonthPaper com.gt.quartzService.GenerateMonthPaper.createChildTable
2023-04-26 17:30:56.353 [main] WARN  o.s.b.f.a.AutowiredAnnotationBeanPostProcessor - Autowired annotation is not supported on static fields: private static com.gt.quartzService.GenerateProjectAssess com.gt.quartzService.GenerateProjectAssess.createChildTable
2023-04-26 17:30:56.356 [main] WARN  o.s.b.f.a.AutowiredAnnotationBeanPostProcessor - Autowired annotation is not supported on static fields: private static com.gt.quartzService.GenerateWeekPaper com.gt.quartzService.GenerateWeekPaper.createChildTable
2023-04-26 17:30:57.094 [main] WARN  o.s.b.a.o.j.JpaBaseConfiguration$JpaWebConfiguration$JpaWebMvcConfiguration - spring.jpa.open-in-view is enabled by default. Therefore, database queries may be performed during view rendering. Explicitly configure spring.jpa.open-in-view to disable this warning
2023-04-26 17:30:58.139 [main] WARN  o.s.b.a.freemarker.FreeMarkerAutoConfiguration - Cannot find template location(s): [classpath:/templates/] (please add some templates, check your FreeMarker configuration, or set spring.freemarker.checkTemplateLocation=false)
2023-04-26 17:33:04.111 [http-nio-8091-exec-3] WARN  org.hibernate.dialect.function.TemplateRenderer - HHH000174: Function template anticipated 4 arguments, but 1 arguments encountered
2023-04-26 17:37:23.632 [main] WARN  o.s.b.f.a.AutowiredAnnotationBeanPostProcessor - Autowired annotation is not supported on static fields: private static com.gt.quartzService.GenerateDayPaper com.gt.quartzService.GenerateDayPaper.createChildTable
2023-04-26 17:37:23.635 [main] WARN  o.s.b.f.a.AutowiredAnnotationBeanPostProcessor - Autowired annotation is not supported on static fields: private static com.gt.quartzService.GenerateManhourAssess com.gt.quartzService.GenerateManhourAssess.createChildTable
2023-04-26 17:37:23.636 [main] WARN  o.s.b.f.a.AutowiredAnnotationBeanPostProcessor - Autowired annotation is not supported on static fields: private static com.gt.quartzService.GenerateMeritAssess com.gt.quartzService.GenerateMeritAssess.createChildTable
2023-04-26 17:37:23.638 [main] WARN  o.s.b.f.a.AutowiredAnnotationBeanPostProcessor - Autowired annotation is not supported on static fields: private static com.gt.quartzService.GenerateMonthPaper com.gt.quartzService.GenerateMonthPaper.createChildTable
2023-04-26 17:37:23.641 [main] WARN  o.s.b.f.a.AutowiredAnnotationBeanPostProcessor - Autowired annotation is not supported on static fields: private static com.gt.quartzService.GenerateProjectAssess com.gt.quartzService.GenerateProjectAssess.createChildTable
2023-04-26 17:37:23.643 [main] WARN  o.s.b.f.a.AutowiredAnnotationBeanPostProcessor - Autowired annotation is not supported on static fields: private static com.gt.quartzService.GenerateWeekPaper com.gt.quartzService.GenerateWeekPaper.createChildTable
2023-04-26 17:37:24.656 [main] WARN  o.s.b.a.o.j.JpaBaseConfiguration$JpaWebConfiguration$JpaWebMvcConfiguration - spring.jpa.open-in-view is enabled by default. Therefore, database queries may be performed during view rendering. Explicitly configure spring.jpa.open-in-view to disable this warning
2023-04-26 17:37:26.649 [main] WARN  o.s.b.a.freemarker.FreeMarkerAutoConfiguration - Cannot find template location(s): [classpath:/templates/] (please add some templates, check your FreeMarker configuration, or set spring.freemarker.checkTemplateLocation=false)
2023-04-26 17:37:28.255 [http-nio-8091-exec-8] WARN  org.hibernate.dialect.function.TemplateRenderer - HHH000174: Function template anticipated 4 arguments, but 1 arguments encountered
2023-04-26 17:39:38.006 [main] WARN  o.s.b.f.a.AutowiredAnnotationBeanPostProcessor - Autowired annotation is not supported on static fields: private static com.gt.quartzService.GenerateDayPaper com.gt.quartzService.GenerateDayPaper.createChildTable
2023-04-26 17:39:38.008 [main] WARN  o.s.b.f.a.AutowiredAnnotationBeanPostProcessor - Autowired annotation is not supported on static fields: private static com.gt.quartzService.GenerateManhourAssess com.gt.quartzService.GenerateManhourAssess.createChildTable
2023-04-26 17:39:38.010 [main] WARN  o.s.b.f.a.AutowiredAnnotationBeanPostProcessor - Autowired annotation is not supported on static fields: private static com.gt.quartzService.GenerateMeritAssess com.gt.quartzService.GenerateMeritAssess.createChildTable
2023-04-26 17:39:38.012 [main] WARN  o.s.b.f.a.AutowiredAnnotationBeanPostProcessor - Autowired annotation is not supported on static fields: private static com.gt.quartzService.GenerateMonthPaper com.gt.quartzService.GenerateMonthPaper.createChildTable
2023-04-26 17:39:38.015 [main] WARN  o.s.b.f.a.AutowiredAnnotationBeanPostProcessor - Autowired annotation is not supported on static fields: private static com.gt.quartzService.GenerateProjectAssess com.gt.quartzService.GenerateProjectAssess.createChildTable
2023-04-26 17:39:38.017 [main] WARN  o.s.b.f.a.AutowiredAnnotationBeanPostProcessor - Autowired annotation is not supported on static fields: private static com.gt.quartzService.GenerateWeekPaper com.gt.quartzService.GenerateWeekPaper.createChildTable
2023-04-26 17:39:38.486 [main] WARN  o.s.b.a.o.j.JpaBaseConfiguration$JpaWebConfiguration$JpaWebMvcConfiguration - spring.jpa.open-in-view is enabled by default. Therefore, database queries may be performed during view rendering. Explicitly configure spring.jpa.open-in-view to disable this warning
2023-04-26 17:39:39.298 [main] WARN  o.s.b.a.freemarker.FreeMarkerAutoConfiguration - Cannot find template location(s): [classpath:/templates/] (please add some templates, check your FreeMarker configuration, or set spring.freemarker.checkTemplateLocation=false)
2023-04-26 17:39:40.618 [http-nio-8091-exec-3] WARN  org.hibernate.dialect.function.TemplateRenderer - HHH000174: Function template anticipated 4 arguments, but 1 arguments encountered
2023-04-26 17:41:32.185 [main] WARN  o.s.b.f.a.AutowiredAnnotationBeanPostProcessor - Autowired annotation is not supported on static fields: private static com.gt.quartzService.GenerateDayPaper com.gt.quartzService.GenerateDayPaper.createChildTable
2023-04-26 17:41:32.187 [main] WARN  o.s.b.f.a.AutowiredAnnotationBeanPostProcessor - Autowired annotation is not supported on static fields: private static com.gt.quartzService.GenerateManhourAssess com.gt.quartzService.GenerateManhourAssess.createChildTable
2023-04-26 17:41:32.188 [main] WARN  o.s.b.f.a.AutowiredAnnotationBeanPostProcessor - Autowired annotation is not supported on static fields: private static com.gt.quartzService.GenerateMeritAssess com.gt.quartzService.GenerateMeritAssess.createChildTable
2023-04-26 17:41:32.190 [main] WARN  o.s.b.f.a.AutowiredAnnotationBeanPostProcessor - Autowired annotation is not supported on static fields: private static com.gt.quartzService.GenerateMonthPaper com.gt.quartzService.GenerateMonthPaper.createChildTable
2023-04-26 17:41:32.192 [main] WARN  o.s.b.f.a.AutowiredAnnotationBeanPostProcessor - Autowired annotation is not supported on static fields: private static com.gt.quartzService.GenerateProjectAssess com.gt.quartzService.GenerateProjectAssess.createChildTable
2023-04-26 17:41:32.194 [main] WARN  o.s.b.f.a.AutowiredAnnotationBeanPostProcessor - Autowired annotation is not supported on static fields: private static com.gt.quartzService.GenerateWeekPaper com.gt.quartzService.GenerateWeekPaper.createChildTable
2023-04-26 17:41:32.712 [main] WARN  o.s.b.a.o.j.JpaBaseConfiguration$JpaWebConfiguration$JpaWebMvcConfiguration - spring.jpa.open-in-view is enabled by default. Therefore, database queries may be performed during view rendering. Explicitly configure spring.jpa.open-in-view to disable this warning
2023-04-26 17:41:33.653 [main] WARN  o.s.b.a.freemarker.FreeMarkerAutoConfiguration - Cannot find template location(s): [classpath:/templates/] (please add some templates, check your FreeMarker configuration, or set spring.freemarker.checkTemplateLocation=false)
2023-04-26 17:42:25.847 [main] WARN  o.s.b.f.a.AutowiredAnnotationBeanPostProcessor - Autowired annotation is not supported on static fields: private static com.gt.quartzService.GenerateDayPaper com.gt.quartzService.GenerateDayPaper.createChildTable
2023-04-26 17:42:25.849 [main] WARN  o.s.b.f.a.AutowiredAnnotationBeanPostProcessor - Autowired annotation is not supported on static fields: private static com.gt.quartzService.GenerateManhourAssess com.gt.quartzService.GenerateManhourAssess.createChildTable
2023-04-26 17:42:25.851 [main] WARN  o.s.b.f.a.AutowiredAnnotationBeanPostProcessor - Autowired annotation is not supported on static fields: private static com.gt.quartzService.GenerateMeritAssess com.gt.quartzService.GenerateMeritAssess.createChildTable
2023-04-26 17:42:25.852 [main] WARN  o.s.b.f.a.AutowiredAnnotationBeanPostProcessor - Autowired annotation is not supported on static fields: private static com.gt.quartzService.GenerateMonthPaper com.gt.quartzService.GenerateMonthPaper.createChildTable
2023-04-26 17:42:25.853 [main] WARN  o.s.b.f.a.AutowiredAnnotationBeanPostProcessor - Autowired annotation is not supported on static fields: private static com.gt.quartzService.GenerateProjectAssess com.gt.quartzService.GenerateProjectAssess.createChildTable
2023-04-26 17:42:25.855 [main] WARN  o.s.b.f.a.AutowiredAnnotationBeanPostProcessor - Autowired annotation is not supported on static fields: private static com.gt.quartzService.GenerateWeekPaper com.gt.quartzService.GenerateWeekPaper.createChildTable
2023-04-26 17:42:26.345 [main] WARN  o.s.b.a.o.j.JpaBaseConfiguration$JpaWebConfiguration$JpaWebMvcConfiguration - spring.jpa.open-in-view is enabled by default. Therefore, database queries may be performed during view rendering. Explicitly configure spring.jpa.open-in-view to disable this warning
2023-04-26 17:42:27.226 [main] WARN  o.s.b.a.freemarker.FreeMarkerAutoConfiguration - Cannot find template location(s): [classpath:/templates/] (please add some templates, check your FreeMarker configuration, or set spring.freemarker.checkTemplateLocation=false)
2023-04-26 17:42:49.291 [http-nio-8091-exec-3] WARN  org.hibernate.dialect.function.TemplateRenderer - HHH000174: Function template anticipated 4 arguments, but 1 arguments encountered
2023-04-26 17:44:24.820 [main] WARN  o.s.b.f.a.AutowiredAnnotationBeanPostProcessor - Autowired annotation is not supported on static fields: private static com.gt.quartzService.GenerateDayPaper com.gt.quartzService.GenerateDayPaper.createChildTable
2023-04-26 17:44:24.822 [main] WARN  o.s.b.f.a.AutowiredAnnotationBeanPostProcessor - Autowired annotation is not supported on static fields: private static com.gt.quartzService.GenerateManhourAssess com.gt.quartzService.GenerateManhourAssess.createChildTable
2023-04-26 17:44:24.823 [main] WARN  o.s.b.f.a.AutowiredAnnotationBeanPostProcessor - Autowired annotation is not supported on static fields: private static com.gt.quartzService.GenerateMeritAssess com.gt.quartzService.GenerateMeritAssess.createChildTable
2023-04-26 17:44:24.824 [main] WARN  o.s.b.f.a.AutowiredAnnotationBeanPostProcessor - Autowired annotation is not supported on static fields: private static com.gt.quartzService.GenerateMonthPaper com.gt.quartzService.GenerateMonthPaper.createChildTable
2023-04-26 17:44:24.825 [main] WARN  o.s.b.f.a.AutowiredAnnotationBeanPostProcessor - Autowired annotation is not supported on static fields: private static com.gt.quartzService.GenerateProjectAssess com.gt.quartzService.GenerateProjectAssess.createChildTable
2023-04-26 17:44:24.827 [main] WARN  o.s.b.f.a.AutowiredAnnotationBeanPostProcessor - Autowired annotation is not supported on static fields: private static com.gt.quartzService.GenerateWeekPaper com.gt.quartzService.GenerateWeekPaper.createChildTable
2023-04-26 17:44:25.271 [main] WARN  o.s.b.a.o.j.JpaBaseConfiguration$JpaWebConfiguration$JpaWebMvcConfiguration - spring.jpa.open-in-view is enabled by default. Therefore, database queries may be performed during view rendering. Explicitly configure spring.jpa.open-in-view to disable this warning
2023-04-26 17:44:26.267 [main] WARN  o.s.b.a.freemarker.FreeMarkerAutoConfiguration - Cannot find template location(s): [classpath:/templates/] (please add some templates, check your FreeMarker configuration, or set spring.freemarker.checkTemplateLocation=false)
2023-04-26 17:44:35.910 [http-nio-8091-exec-3] WARN  org.hibernate.dialect.function.TemplateRenderer - HHH000174: Function template anticipated 4 arguments, but 1 arguments encountered
2023-04-26 17:51:12.521 [http-nio-8091-exec-3] WARN  org.hibernate.dialect.function.TemplateRenderer - HHH000174: Function template anticipated 4 arguments, but 1 arguments encountered
2023-04-26 17:58:31.204 [main] WARN  o.s.b.f.a.AutowiredAnnotationBeanPostProcessor - Autowired annotation is not supported on static fields: private static com.gt.quartzService.GenerateDayPaper com.gt.quartzService.GenerateDayPaper.createChildTable
2023-04-26 17:58:31.206 [main] WARN  o.s.b.f.a.AutowiredAnnotationBeanPostProcessor - Autowired annotation is not supported on static fields: private static com.gt.quartzService.GenerateManhourAssess com.gt.quartzService.GenerateManhourAssess.createChildTable
2023-04-26 17:58:31.207 [main] WARN  o.s.b.f.a.AutowiredAnnotationBeanPostProcessor - Autowired annotation is not supported on static fields: private static com.gt.quartzService.GenerateMeritAssess com.gt.quartzService.GenerateMeritAssess.createChildTable
2023-04-26 17:58:31.209 [main] WARN  o.s.b.f.a.AutowiredAnnotationBeanPostProcessor - Autowired annotation is not supported on static fields: private static com.gt.quartzService.GenerateMonthPaper com.gt.quartzService.GenerateMonthPaper.createChildTable
2023-04-26 17:58:31.211 [main] WARN  o.s.b.f.a.AutowiredAnnotationBeanPostProcessor - Autowired annotation is not supported on static fields: private static com.gt.quartzService.GenerateProjectAssess com.gt.quartzService.GenerateProjectAssess.createChildTable
2023-04-26 17:58:31.212 [main] WARN  o.s.b.f.a.AutowiredAnnotationBeanPostProcessor - Autowired annotation is not supported on static fields: private static com.gt.quartzService.GenerateWeekPaper com.gt.quartzService.GenerateWeekPaper.createChildTable
2023-04-26 17:58:31.814 [main] WARN  o.s.b.a.o.j.JpaBaseConfiguration$JpaWebConfiguration$JpaWebMvcConfiguration - spring.jpa.open-in-view is enabled by default. Therefore, database queries may be performed during view rendering. Explicitly configure spring.jpa.open-in-view to disable this warning
2023-04-26 17:58:32.983 [main] WARN  o.s.b.a.freemarker.FreeMarkerAutoConfiguration - Cannot find template location(s): [classpath:/templates/] (please add some templates, check your FreeMarker configuration, or set spring.freemarker.checkTemplateLocation=false)
