2023-05-06 08:49:13.525 [main] WARN  o.s.b.f.a.AutowiredAnnotationBeanPostProcessor - Autowired annotation is not supported on static fields: private static com.gt.quartzService.GenerateDayPaper com.gt.quartzService.GenerateDayPaper.createChildTable
2023-05-06 08:49:13.529 [main] WARN  o.s.b.f.a.AutowiredAnnotationBeanPostProcessor - Autowired annotation is not supported on static fields: private static com.gt.quartzService.GenerateManhourAssess com.gt.quartzService.GenerateManhourAssess.createChildTable
2023-05-06 08:49:13.530 [main] WARN  o.s.b.f.a.AutowiredAnnotationBeanPostProcessor - Autowired annotation is not supported on static fields: private static com.gt.quartzService.GenerateMeritAssess com.gt.quartzService.GenerateMeritAssess.createChildTable
2023-05-06 08:49:13.534 [main] WARN  o.s.b.f.a.AutowiredAnnotationBeanPostProcessor - Autowired annotation is not supported on static fields: private static com.gt.quartzService.GenerateMonthPaper com.gt.quartzService.GenerateMonthPaper.createChildTable
2023-05-06 08:49:13.536 [main] WARN  o.s.b.f.a.AutowiredAnnotationBeanPostProcessor - Autowired annotation is not supported on static fields: private static com.gt.quartzService.GenerateProjectAssess com.gt.quartzService.GenerateProjectAssess.createChildTable
2023-05-06 08:49:13.539 [main] WARN  o.s.b.f.a.AutowiredAnnotationBeanPostProcessor - Autowired annotation is not supported on static fields: private static com.gt.quartzService.GenerateWeekPaper com.gt.quartzService.GenerateWeekPaper.createChildTable
2023-05-06 08:49:14.182 [main] WARN  o.s.b.a.o.j.JpaBaseConfiguration$JpaWebConfiguration$JpaWebMvcConfiguration - spring.jpa.open-in-view is enabled by default. Therefore, database queries may be performed during view rendering. Explicitly configure spring.jpa.open-in-view to disable this warning
2023-05-06 08:49:15.014 [main] WARN  o.s.b.a.freemarker.FreeMarkerAutoConfiguration - Cannot find template location(s): [classpath:/templates/] (please add some templates, check your FreeMarker configuration, or set spring.freemarker.checkTemplateLocation=false)
2023-05-06 08:50:37.383 [main] WARN  o.s.b.f.a.AutowiredAnnotationBeanPostProcessor - Autowired annotation is not supported on static fields: private static com.gt.quartzService.GenerateDayPaper com.gt.quartzService.GenerateDayPaper.createChildTable
2023-05-06 08:50:37.385 [main] WARN  o.s.b.f.a.AutowiredAnnotationBeanPostProcessor - Autowired annotation is not supported on static fields: private static com.gt.quartzService.GenerateManhourAssess com.gt.quartzService.GenerateManhourAssess.createChildTable
2023-05-06 08:50:37.386 [main] WARN  o.s.b.f.a.AutowiredAnnotationBeanPostProcessor - Autowired annotation is not supported on static fields: private static com.gt.quartzService.GenerateMeritAssess com.gt.quartzService.GenerateMeritAssess.createChildTable
2023-05-06 08:50:37.388 [main] WARN  o.s.b.f.a.AutowiredAnnotationBeanPostProcessor - Autowired annotation is not supported on static fields: private static com.gt.quartzService.GenerateMonthPaper com.gt.quartzService.GenerateMonthPaper.createChildTable
2023-05-06 08:50:37.390 [main] WARN  o.s.b.f.a.AutowiredAnnotationBeanPostProcessor - Autowired annotation is not supported on static fields: private static com.gt.quartzService.GenerateProjectAssess com.gt.quartzService.GenerateProjectAssess.createChildTable
2023-05-06 08:50:37.392 [main] WARN  o.s.b.f.a.AutowiredAnnotationBeanPostProcessor - Autowired annotation is not supported on static fields: private static com.gt.quartzService.GenerateWeekPaper com.gt.quartzService.GenerateWeekPaper.createChildTable
2023-05-06 08:50:37.881 [main] WARN  o.s.b.a.o.j.JpaBaseConfiguration$JpaWebConfiguration$JpaWebMvcConfiguration - spring.jpa.open-in-view is enabled by default. Therefore, database queries may be performed during view rendering. Explicitly configure spring.jpa.open-in-view to disable this warning
2023-05-06 08:50:38.710 [main] WARN  o.s.b.a.freemarker.FreeMarkerAutoConfiguration - Cannot find template location(s): [classpath:/templates/] (please add some templates, check your FreeMarker configuration, or set spring.freemarker.checkTemplateLocation=false)
2023-05-06 08:51:26.442 [http-nio-8091-exec-1] WARN  org.hibernate.dialect.function.TemplateRenderer - HHH000174: Function template anticipated 4 arguments, but 1 arguments encountered
2023-05-06 08:58:43.039 [HikariPool-1 housekeeper] WARN  com.zaxxer.hikari.pool.HikariPool - HikariPool-1 - Thread starvation or clock leap detected (housekeeper delta=1m23s83ms877µs800ns).
2023-05-06 09:01:26.834 [HikariPool-1 housekeeper] WARN  com.zaxxer.hikari.pool.HikariPool - HikariPool-1 - Thread starvation or clock leap detected (housekeeper delta=3m36s207ms440µs700ns).
2023-05-06 09:02:17.222 [HikariPool-1 housekeeper] WARN  com.zaxxer.hikari.pool.HikariPool - HikariPool-1 - Thread starvation or clock leap detected (housekeeper delta=50s385ms917µs900ns).
2023-05-06 09:02:30.727 [main] WARN  o.s.b.f.a.AutowiredAnnotationBeanPostProcessor - Autowired annotation is not supported on static fields: private static com.gt.quartzService.GenerateDayPaper com.gt.quartzService.GenerateDayPaper.createChildTable
2023-05-06 09:02:30.729 [main] WARN  o.s.b.f.a.AutowiredAnnotationBeanPostProcessor - Autowired annotation is not supported on static fields: private static com.gt.quartzService.GenerateManhourAssess com.gt.quartzService.GenerateManhourAssess.createChildTable
2023-05-06 09:02:30.730 [main] WARN  o.s.b.f.a.AutowiredAnnotationBeanPostProcessor - Autowired annotation is not supported on static fields: private static com.gt.quartzService.GenerateMeritAssess com.gt.quartzService.GenerateMeritAssess.createChildTable
2023-05-06 09:02:30.732 [main] WARN  o.s.b.f.a.AutowiredAnnotationBeanPostProcessor - Autowired annotation is not supported on static fields: private static com.gt.quartzService.GenerateMonthPaper com.gt.quartzService.GenerateMonthPaper.createChildTable
2023-05-06 09:02:30.733 [main] WARN  o.s.b.f.a.AutowiredAnnotationBeanPostProcessor - Autowired annotation is not supported on static fields: private static com.gt.quartzService.GenerateProjectAssess com.gt.quartzService.GenerateProjectAssess.createChildTable
2023-05-06 09:02:30.735 [main] WARN  o.s.b.f.a.AutowiredAnnotationBeanPostProcessor - Autowired annotation is not supported on static fields: private static com.gt.quartzService.GenerateWeekPaper com.gt.quartzService.GenerateWeekPaper.createChildTable
2023-05-06 09:02:31.250 [main] WARN  o.s.b.a.o.j.JpaBaseConfiguration$JpaWebConfiguration$JpaWebMvcConfiguration - spring.jpa.open-in-view is enabled by default. Therefore, database queries may be performed during view rendering. Explicitly configure spring.jpa.open-in-view to disable this warning
2023-05-06 09:02:32.253 [main] WARN  o.s.b.a.freemarker.FreeMarkerAutoConfiguration - Cannot find template location(s): [classpath:/templates/] (please add some templates, check your FreeMarker configuration, or set spring.freemarker.checkTemplateLocation=false)
2023-05-06 09:03:46.555 [http-nio-8091-exec-2] WARN  org.hibernate.dialect.function.TemplateRenderer - HHH000174: Function template anticipated 4 arguments, but 1 arguments encountered
2023-05-06 09:04:54.381 [http-nio-8091-exec-6] WARN  org.hibernate.dialect.function.TemplateRenderer - HHH000174: Function template anticipated 4 arguments, but 1 arguments encountered
2023-05-06 09:12:51.618 [HikariPool-1 housekeeper] WARN  com.zaxxer.hikari.pool.HikariPool - HikariPool-1 - Thread starvation or clock leap detected (housekeeper delta=6m48s356ms503µs700ns).
2023-05-06 09:20:08.610 [main] WARN  o.s.b.f.a.AutowiredAnnotationBeanPostProcessor - Autowired annotation is not supported on static fields: private static com.gt.quartzService.GenerateDayPaper com.gt.quartzService.GenerateDayPaper.createChildTable
2023-05-06 09:20:08.612 [main] WARN  o.s.b.f.a.AutowiredAnnotationBeanPostProcessor - Autowired annotation is not supported on static fields: private static com.gt.quartzService.GenerateManhourAssess com.gt.quartzService.GenerateManhourAssess.createChildTable
2023-05-06 09:20:08.613 [main] WARN  o.s.b.f.a.AutowiredAnnotationBeanPostProcessor - Autowired annotation is not supported on static fields: private static com.gt.quartzService.GenerateMeritAssess com.gt.quartzService.GenerateMeritAssess.createChildTable
2023-05-06 09:20:08.615 [main] WARN  o.s.b.f.a.AutowiredAnnotationBeanPostProcessor - Autowired annotation is not supported on static fields: private static com.gt.quartzService.GenerateMonthPaper com.gt.quartzService.GenerateMonthPaper.createChildTable
2023-05-06 09:20:08.618 [main] WARN  o.s.b.f.a.AutowiredAnnotationBeanPostProcessor - Autowired annotation is not supported on static fields: private static com.gt.quartzService.GenerateProjectAssess com.gt.quartzService.GenerateProjectAssess.createChildTable
2023-05-06 09:20:08.619 [main] WARN  o.s.b.f.a.AutowiredAnnotationBeanPostProcessor - Autowired annotation is not supported on static fields: private static com.gt.quartzService.GenerateWeekPaper com.gt.quartzService.GenerateWeekPaper.createChildTable
2023-05-06 09:20:09.191 [main] WARN  o.s.b.a.o.j.JpaBaseConfiguration$JpaWebConfiguration$JpaWebMvcConfiguration - spring.jpa.open-in-view is enabled by default. Therefore, database queries may be performed during view rendering. Explicitly configure spring.jpa.open-in-view to disable this warning
2023-05-06 09:20:10.150 [main] WARN  o.s.b.a.freemarker.FreeMarkerAutoConfiguration - Cannot find template location(s): [classpath:/templates/] (please add some templates, check your FreeMarker configuration, or set spring.freemarker.checkTemplateLocation=false)
2023-05-06 09:21:36.854 [http-nio-8091-exec-3] WARN  org.hibernate.dialect.function.TemplateRenderer - HHH000174: Function template anticipated 4 arguments, but 1 arguments encountered
2023-05-06 09:55:46.697 [http-nio-8091-exec-3] WARN  org.hibernate.dialect.function.TemplateRenderer - HHH000174: Function template anticipated 4 arguments, but 1 arguments encountered
2023-05-06 10:06:29.675 [http-nio-8091-exec-8] WARN  org.hibernate.dialect.function.TemplateRenderer - HHH000174: Function template anticipated 4 arguments, but 1 arguments encountered
2023-05-06 10:29:30.679 [main] WARN  o.s.b.f.a.AutowiredAnnotationBeanPostProcessor - Autowired annotation is not supported on static fields: private static com.gt.quartzService.GenerateDayPaper com.gt.quartzService.GenerateDayPaper.createChildTable
2023-05-06 10:29:30.680 [main] WARN  o.s.b.f.a.AutowiredAnnotationBeanPostProcessor - Autowired annotation is not supported on static fields: private static com.gt.quartzService.GenerateManhourAssess com.gt.quartzService.GenerateManhourAssess.createChildTable
2023-05-06 10:29:30.681 [main] WARN  o.s.b.f.a.AutowiredAnnotationBeanPostProcessor - Autowired annotation is not supported on static fields: private static com.gt.quartzService.GenerateMeritAssess com.gt.quartzService.GenerateMeritAssess.createChildTable
2023-05-06 10:29:30.682 [main] WARN  o.s.b.f.a.AutowiredAnnotationBeanPostProcessor - Autowired annotation is not supported on static fields: private static com.gt.quartzService.GenerateMonthPaper com.gt.quartzService.GenerateMonthPaper.createChildTable
2023-05-06 10:29:30.683 [main] WARN  o.s.b.f.a.AutowiredAnnotationBeanPostProcessor - Autowired annotation is not supported on static fields: private static com.gt.quartzService.GenerateProjectAssess com.gt.quartzService.GenerateProjectAssess.createChildTable
2023-05-06 10:29:30.685 [main] WARN  o.s.b.f.a.AutowiredAnnotationBeanPostProcessor - Autowired annotation is not supported on static fields: private static com.gt.quartzService.GenerateWeekPaper com.gt.quartzService.GenerateWeekPaper.createChildTable
2023-05-06 10:29:31.120 [main] WARN  o.s.b.a.o.j.JpaBaseConfiguration$JpaWebConfiguration$JpaWebMvcConfiguration - spring.jpa.open-in-view is enabled by default. Therefore, database queries may be performed during view rendering. Explicitly configure spring.jpa.open-in-view to disable this warning
2023-05-06 10:29:32.007 [main] WARN  o.s.b.a.freemarker.FreeMarkerAutoConfiguration - Cannot find template location(s): [classpath:/templates/] (please add some templates, check your FreeMarker configuration, or set spring.freemarker.checkTemplateLocation=false)
2023-05-06 10:29:39.622 [http-nio-8091-exec-4] WARN  org.hibernate.dialect.function.TemplateRenderer - HHH000174: Function template anticipated 4 arguments, but 1 arguments encountered
2023-05-06 10:30:11.482 [http-nio-8091-exec-10] WARN  org.hibernate.dialect.function.TemplateRenderer - HHH000174: Function template anticipated 4 arguments, but 1 arguments encountered
2023-05-06 15:31:32.513 [main] WARN  o.s.b.f.a.AutowiredAnnotationBeanPostProcessor - Autowired annotation is not supported on static fields: private static com.gt.quartzService.GenerateDayPaper com.gt.quartzService.GenerateDayPaper.createChildTable
2023-05-06 15:31:32.514 [main] WARN  o.s.b.f.a.AutowiredAnnotationBeanPostProcessor - Autowired annotation is not supported on static fields: private static com.gt.quartzService.GenerateManhourAssess com.gt.quartzService.GenerateManhourAssess.createChildTable
2023-05-06 15:31:32.516 [main] WARN  o.s.b.f.a.AutowiredAnnotationBeanPostProcessor - Autowired annotation is not supported on static fields: private static com.gt.quartzService.GenerateMeritAssess com.gt.quartzService.GenerateMeritAssess.createChildTable
2023-05-06 15:31:32.516 [main] WARN  o.s.b.f.a.AutowiredAnnotationBeanPostProcessor - Autowired annotation is not supported on static fields: private static com.gt.quartzService.GenerateMonthPaper com.gt.quartzService.GenerateMonthPaper.createChildTable
2023-05-06 15:31:32.518 [main] WARN  o.s.b.f.a.AutowiredAnnotationBeanPostProcessor - Autowired annotation is not supported on static fields: private static com.gt.quartzService.GenerateProjectAssess com.gt.quartzService.GenerateProjectAssess.createChildTable
2023-05-06 15:31:32.520 [main] WARN  o.s.b.f.a.AutowiredAnnotationBeanPostProcessor - Autowired annotation is not supported on static fields: private static com.gt.quartzService.GenerateWeekPaper com.gt.quartzService.GenerateWeekPaper.createChildTable
2023-05-06 15:31:33.017 [main] WARN  o.s.b.a.o.j.JpaBaseConfiguration$JpaWebConfiguration$JpaWebMvcConfiguration - spring.jpa.open-in-view is enabled by default. Therefore, database queries may be performed during view rendering. Explicitly configure spring.jpa.open-in-view to disable this warning
2023-05-06 15:31:33.919 [main] WARN  o.s.b.a.freemarker.FreeMarkerAutoConfiguration - Cannot find template location(s): [classpath:/templates/] (please add some templates, check your FreeMarker configuration, or set spring.freemarker.checkTemplateLocation=false)
2023-05-06 15:31:35.378 [http-nio-8091-exec-3] WARN  org.hibernate.dialect.function.TemplateRenderer - HHH000174: Function template anticipated 4 arguments, but 1 arguments encountered
2023-05-06 15:57:35.949 [main] WARN  o.s.b.f.a.AutowiredAnnotationBeanPostProcessor - Autowired annotation is not supported on static fields: private static com.gt.quartzService.GenerateDayPaper com.gt.quartzService.GenerateDayPaper.createChildTable
2023-05-06 15:57:35.950 [main] WARN  o.s.b.f.a.AutowiredAnnotationBeanPostProcessor - Autowired annotation is not supported on static fields: private static com.gt.quartzService.GenerateManhourAssess com.gt.quartzService.GenerateManhourAssess.createChildTable
2023-05-06 15:57:35.951 [main] WARN  o.s.b.f.a.AutowiredAnnotationBeanPostProcessor - Autowired annotation is not supported on static fields: private static com.gt.quartzService.GenerateMeritAssess com.gt.quartzService.GenerateMeritAssess.createChildTable
2023-05-06 15:57:35.952 [main] WARN  o.s.b.f.a.AutowiredAnnotationBeanPostProcessor - Autowired annotation is not supported on static fields: private static com.gt.quartzService.GenerateMonthPaper com.gt.quartzService.GenerateMonthPaper.createChildTable
2023-05-06 15:57:35.954 [main] WARN  o.s.b.f.a.AutowiredAnnotationBeanPostProcessor - Autowired annotation is not supported on static fields: private static com.gt.quartzService.GenerateProjectAssess com.gt.quartzService.GenerateProjectAssess.createChildTable
2023-05-06 15:57:35.955 [main] WARN  o.s.b.f.a.AutowiredAnnotationBeanPostProcessor - Autowired annotation is not supported on static fields: private static com.gt.quartzService.GenerateWeekPaper com.gt.quartzService.GenerateWeekPaper.createChildTable
2023-05-06 15:57:36.361 [main] WARN  o.s.b.a.o.j.JpaBaseConfiguration$JpaWebConfiguration$JpaWebMvcConfiguration - spring.jpa.open-in-view is enabled by default. Therefore, database queries may be performed during view rendering. Explicitly configure spring.jpa.open-in-view to disable this warning
2023-05-06 15:57:37.121 [main] WARN  o.s.b.a.freemarker.FreeMarkerAutoConfiguration - Cannot find template location(s): [classpath:/templates/] (please add some templates, check your FreeMarker configuration, or set spring.freemarker.checkTemplateLocation=false)
2023-05-06 15:57:40.649 [http-nio-8091-exec-4] WARN  org.hibernate.dialect.function.TemplateRenderer - HHH000174: Function template anticipated 4 arguments, but 1 arguments encountered
2023-05-06 16:13:51.257 [main] WARN  o.s.b.f.a.AutowiredAnnotationBeanPostProcessor - Autowired annotation is not supported on static fields: private static com.gt.quartzService.GenerateDayPaper com.gt.quartzService.GenerateDayPaper.createChildTable
2023-05-06 16:13:51.258 [main] WARN  o.s.b.f.a.AutowiredAnnotationBeanPostProcessor - Autowired annotation is not supported on static fields: private static com.gt.quartzService.GenerateManhourAssess com.gt.quartzService.GenerateManhourAssess.createChildTable
2023-05-06 16:13:51.261 [main] WARN  o.s.b.f.a.AutowiredAnnotationBeanPostProcessor - Autowired annotation is not supported on static fields: private static com.gt.quartzService.GenerateMeritAssess com.gt.quartzService.GenerateMeritAssess.createChildTable
2023-05-06 16:13:51.261 [main] WARN  o.s.b.f.a.AutowiredAnnotationBeanPostProcessor - Autowired annotation is not supported on static fields: private static com.gt.quartzService.GenerateMonthPaper com.gt.quartzService.GenerateMonthPaper.createChildTable
2023-05-06 16:13:51.264 [main] WARN  o.s.b.f.a.AutowiredAnnotationBeanPostProcessor - Autowired annotation is not supported on static fields: private static com.gt.quartzService.GenerateProjectAssess com.gt.quartzService.GenerateProjectAssess.createChildTable
2023-05-06 16:13:51.266 [main] WARN  o.s.b.f.a.AutowiredAnnotationBeanPostProcessor - Autowired annotation is not supported on static fields: private static com.gt.quartzService.GenerateWeekPaper com.gt.quartzService.GenerateWeekPaper.createChildTable
2023-05-06 16:13:51.750 [main] WARN  o.s.b.a.o.j.JpaBaseConfiguration$JpaWebConfiguration$JpaWebMvcConfiguration - spring.jpa.open-in-view is enabled by default. Therefore, database queries may be performed during view rendering. Explicitly configure spring.jpa.open-in-view to disable this warning
2023-05-06 16:13:52.608 [main] WARN  o.s.b.a.freemarker.FreeMarkerAutoConfiguration - Cannot find template location(s): [classpath:/templates/] (please add some templates, check your FreeMarker configuration, or set spring.freemarker.checkTemplateLocation=false)
2023-05-06 16:13:59.408 [http-nio-8091-exec-4] WARN  org.hibernate.dialect.function.TemplateRenderer - HHH000174: Function template anticipated 4 arguments, but 1 arguments encountered
2023-05-06 17:15:28.264 [main] WARN  o.s.b.f.a.AutowiredAnnotationBeanPostProcessor - Autowired annotation is not supported on static fields: private static com.gt.quartzService.GenerateDayPaper com.gt.quartzService.GenerateDayPaper.createChildTable
2023-05-06 17:15:28.266 [main] WARN  o.s.b.f.a.AutowiredAnnotationBeanPostProcessor - Autowired annotation is not supported on static fields: private static com.gt.quartzService.GenerateManhourAssess com.gt.quartzService.GenerateManhourAssess.createChildTable
2023-05-06 17:15:28.267 [main] WARN  o.s.b.f.a.AutowiredAnnotationBeanPostProcessor - Autowired annotation is not supported on static fields: private static com.gt.quartzService.GenerateMeritAssess com.gt.quartzService.GenerateMeritAssess.createChildTable
2023-05-06 17:15:28.269 [main] WARN  o.s.b.f.a.AutowiredAnnotationBeanPostProcessor - Autowired annotation is not supported on static fields: private static com.gt.quartzService.GenerateMonthPaper com.gt.quartzService.GenerateMonthPaper.createChildTable
2023-05-06 17:15:28.270 [main] WARN  o.s.b.f.a.AutowiredAnnotationBeanPostProcessor - Autowired annotation is not supported on static fields: private static com.gt.quartzService.GenerateProjectAssess com.gt.quartzService.GenerateProjectAssess.createChildTable
2023-05-06 17:15:28.271 [main] WARN  o.s.b.f.a.AutowiredAnnotationBeanPostProcessor - Autowired annotation is not supported on static fields: private static com.gt.quartzService.GenerateWeekPaper com.gt.quartzService.GenerateWeekPaper.createChildTable
2023-05-06 17:15:28.684 [main] WARN  o.s.b.a.o.j.JpaBaseConfiguration$JpaWebConfiguration$JpaWebMvcConfiguration - spring.jpa.open-in-view is enabled by default. Therefore, database queries may be performed during view rendering. Explicitly configure spring.jpa.open-in-view to disable this warning
2023-05-06 17:15:29.477 [main] WARN  o.s.b.a.freemarker.FreeMarkerAutoConfiguration - Cannot find template location(s): [classpath:/templates/] (please add some templates, check your FreeMarker configuration, or set spring.freemarker.checkTemplateLocation=false)
2023-05-06 17:15:33.189 [http-nio-8091-exec-3] WARN  org.hibernate.dialect.function.TemplateRenderer - HHH000174: Function template anticipated 4 arguments, but 1 arguments encountered
2023-05-06 17:17:07.973 [main] WARN  o.s.b.f.a.AutowiredAnnotationBeanPostProcessor - Autowired annotation is not supported on static fields: private static com.gt.quartzService.GenerateDayPaper com.gt.quartzService.GenerateDayPaper.createChildTable
2023-05-06 17:17:07.975 [main] WARN  o.s.b.f.a.AutowiredAnnotationBeanPostProcessor - Autowired annotation is not supported on static fields: private static com.gt.quartzService.GenerateManhourAssess com.gt.quartzService.GenerateManhourAssess.createChildTable
2023-05-06 17:17:07.976 [main] WARN  o.s.b.f.a.AutowiredAnnotationBeanPostProcessor - Autowired annotation is not supported on static fields: private static com.gt.quartzService.GenerateMeritAssess com.gt.quartzService.GenerateMeritAssess.createChildTable
2023-05-06 17:17:07.977 [main] WARN  o.s.b.f.a.AutowiredAnnotationBeanPostProcessor - Autowired annotation is not supported on static fields: private static com.gt.quartzService.GenerateMonthPaper com.gt.quartzService.GenerateMonthPaper.createChildTable
2023-05-06 17:17:07.979 [main] WARN  o.s.b.f.a.AutowiredAnnotationBeanPostProcessor - Autowired annotation is not supported on static fields: private static com.gt.quartzService.GenerateProjectAssess com.gt.quartzService.GenerateProjectAssess.createChildTable
2023-05-06 17:17:07.980 [main] WARN  o.s.b.f.a.AutowiredAnnotationBeanPostProcessor - Autowired annotation is not supported on static fields: private static com.gt.quartzService.GenerateWeekPaper com.gt.quartzService.GenerateWeekPaper.createChildTable
2023-05-06 17:17:08.447 [main] WARN  o.s.b.a.o.j.JpaBaseConfiguration$JpaWebConfiguration$JpaWebMvcConfiguration - spring.jpa.open-in-view is enabled by default. Therefore, database queries may be performed during view rendering. Explicitly configure spring.jpa.open-in-view to disable this warning
2023-05-06 17:17:09.377 [main] WARN  o.s.b.a.freemarker.FreeMarkerAutoConfiguration - Cannot find template location(s): [classpath:/templates/] (please add some templates, check your FreeMarker configuration, or set spring.freemarker.checkTemplateLocation=false)
2023-05-06 17:17:18.649 [http-nio-8091-exec-3] WARN  org.hibernate.dialect.function.TemplateRenderer - HHH000174: Function template anticipated 4 arguments, but 1 arguments encountered
2023-05-06 17:17:52.733 [main] WARN  o.s.b.f.a.AutowiredAnnotationBeanPostProcessor - Autowired annotation is not supported on static fields: private static com.gt.quartzService.GenerateDayPaper com.gt.quartzService.GenerateDayPaper.createChildTable
2023-05-06 17:17:52.735 [main] WARN  o.s.b.f.a.AutowiredAnnotationBeanPostProcessor - Autowired annotation is not supported on static fields: private static com.gt.quartzService.GenerateManhourAssess com.gt.quartzService.GenerateManhourAssess.createChildTable
2023-05-06 17:17:52.736 [main] WARN  o.s.b.f.a.AutowiredAnnotationBeanPostProcessor - Autowired annotation is not supported on static fields: private static com.gt.quartzService.GenerateMeritAssess com.gt.quartzService.GenerateMeritAssess.createChildTable
2023-05-06 17:17:52.737 [main] WARN  o.s.b.f.a.AutowiredAnnotationBeanPostProcessor - Autowired annotation is not supported on static fields: private static com.gt.quartzService.GenerateMonthPaper com.gt.quartzService.GenerateMonthPaper.createChildTable
2023-05-06 17:17:52.738 [main] WARN  o.s.b.f.a.AutowiredAnnotationBeanPostProcessor - Autowired annotation is not supported on static fields: private static com.gt.quartzService.GenerateProjectAssess com.gt.quartzService.GenerateProjectAssess.createChildTable
2023-05-06 17:17:52.740 [main] WARN  o.s.b.f.a.AutowiredAnnotationBeanPostProcessor - Autowired annotation is not supported on static fields: private static com.gt.quartzService.GenerateWeekPaper com.gt.quartzService.GenerateWeekPaper.createChildTable
2023-05-06 17:17:53.189 [main] WARN  o.s.b.a.o.j.JpaBaseConfiguration$JpaWebConfiguration$JpaWebMvcConfiguration - spring.jpa.open-in-view is enabled by default. Therefore, database queries may be performed during view rendering. Explicitly configure spring.jpa.open-in-view to disable this warning
2023-05-06 17:17:53.998 [main] WARN  o.s.b.a.freemarker.FreeMarkerAutoConfiguration - Cannot find template location(s): [classpath:/templates/] (please add some templates, check your FreeMarker configuration, or set spring.freemarker.checkTemplateLocation=false)
2023-05-06 17:18:22.843 [http-nio-8091-exec-7] WARN  org.hibernate.dialect.function.TemplateRenderer - HHH000174: Function template anticipated 4 arguments, but 1 arguments encountered
2023-05-06 17:29:46.409 [main] WARN  o.s.b.f.a.AutowiredAnnotationBeanPostProcessor - Autowired annotation is not supported on static fields: private static com.gt.quartzService.GenerateDayPaper com.gt.quartzService.GenerateDayPaper.createChildTable
2023-05-06 17:29:46.410 [main] WARN  o.s.b.f.a.AutowiredAnnotationBeanPostProcessor - Autowired annotation is not supported on static fields: private static com.gt.quartzService.GenerateManhourAssess com.gt.quartzService.GenerateManhourAssess.createChildTable
2023-05-06 17:29:46.411 [main] WARN  o.s.b.f.a.AutowiredAnnotationBeanPostProcessor - Autowired annotation is not supported on static fields: private static com.gt.quartzService.GenerateMeritAssess com.gt.quartzService.GenerateMeritAssess.createChildTable
2023-05-06 17:29:46.412 [main] WARN  o.s.b.f.a.AutowiredAnnotationBeanPostProcessor - Autowired annotation is not supported on static fields: private static com.gt.quartzService.GenerateMonthPaper com.gt.quartzService.GenerateMonthPaper.createChildTable
2023-05-06 17:29:46.413 [main] WARN  o.s.b.f.a.AutowiredAnnotationBeanPostProcessor - Autowired annotation is not supported on static fields: private static com.gt.quartzService.GenerateProjectAssess com.gt.quartzService.GenerateProjectAssess.createChildTable
2023-05-06 17:29:46.414 [main] WARN  o.s.b.f.a.AutowiredAnnotationBeanPostProcessor - Autowired annotation is not supported on static fields: private static com.gt.quartzService.GenerateWeekPaper com.gt.quartzService.GenerateWeekPaper.createChildTable
2023-05-06 17:29:46.891 [main] WARN  o.s.b.a.o.j.JpaBaseConfiguration$JpaWebConfiguration$JpaWebMvcConfiguration - spring.jpa.open-in-view is enabled by default. Therefore, database queries may be performed during view rendering. Explicitly configure spring.jpa.open-in-view to disable this warning
2023-05-06 17:29:47.680 [main] WARN  o.s.b.a.freemarker.FreeMarkerAutoConfiguration - Cannot find template location(s): [classpath:/templates/] (please add some templates, check your FreeMarker configuration, or set spring.freemarker.checkTemplateLocation=false)
2023-05-06 17:29:50.838 [http-nio-8091-exec-3] WARN  org.hibernate.dialect.function.TemplateRenderer - HHH000174: Function template anticipated 4 arguments, but 1 arguments encountered
2023-05-06 17:30:37.789 [main] WARN  o.s.b.f.a.AutowiredAnnotationBeanPostProcessor - Autowired annotation is not supported on static fields: private static com.gt.quartzService.GenerateDayPaper com.gt.quartzService.GenerateDayPaper.createChildTable
2023-05-06 17:30:37.790 [main] WARN  o.s.b.f.a.AutowiredAnnotationBeanPostProcessor - Autowired annotation is not supported on static fields: private static com.gt.quartzService.GenerateManhourAssess com.gt.quartzService.GenerateManhourAssess.createChildTable
2023-05-06 17:30:37.791 [main] WARN  o.s.b.f.a.AutowiredAnnotationBeanPostProcessor - Autowired annotation is not supported on static fields: private static com.gt.quartzService.GenerateMeritAssess com.gt.quartzService.GenerateMeritAssess.createChildTable
2023-05-06 17:30:37.792 [main] WARN  o.s.b.f.a.AutowiredAnnotationBeanPostProcessor - Autowired annotation is not supported on static fields: private static com.gt.quartzService.GenerateMonthPaper com.gt.quartzService.GenerateMonthPaper.createChildTable
2023-05-06 17:30:37.794 [main] WARN  o.s.b.f.a.AutowiredAnnotationBeanPostProcessor - Autowired annotation is not supported on static fields: private static com.gt.quartzService.GenerateProjectAssess com.gt.quartzService.GenerateProjectAssess.createChildTable
2023-05-06 17:30:37.795 [main] WARN  o.s.b.f.a.AutowiredAnnotationBeanPostProcessor - Autowired annotation is not supported on static fields: private static com.gt.quartzService.GenerateWeekPaper com.gt.quartzService.GenerateWeekPaper.createChildTable
2023-05-06 17:30:38.243 [main] WARN  o.s.b.a.o.j.JpaBaseConfiguration$JpaWebConfiguration$JpaWebMvcConfiguration - spring.jpa.open-in-view is enabled by default. Therefore, database queries may be performed during view rendering. Explicitly configure spring.jpa.open-in-view to disable this warning
2023-05-06 17:30:39.220 [main] WARN  o.s.b.a.freemarker.FreeMarkerAutoConfiguration - Cannot find template location(s): [classpath:/templates/] (please add some templates, check your FreeMarker configuration, or set spring.freemarker.checkTemplateLocation=false)
2023-05-06 17:30:46.638 [http-nio-8091-exec-3] WARN  org.hibernate.dialect.function.TemplateRenderer - HHH000174: Function template anticipated 4 arguments, but 1 arguments encountered
2023-05-06 17:33:24.535 [main] WARN  o.s.b.f.a.AutowiredAnnotationBeanPostProcessor - Autowired annotation is not supported on static fields: private static com.gt.quartzService.GenerateDayPaper com.gt.quartzService.GenerateDayPaper.createChildTable
2023-05-06 17:33:24.537 [main] WARN  o.s.b.f.a.AutowiredAnnotationBeanPostProcessor - Autowired annotation is not supported on static fields: private static com.gt.quartzService.GenerateManhourAssess com.gt.quartzService.GenerateManhourAssess.createChildTable
2023-05-06 17:33:24.538 [main] WARN  o.s.b.f.a.AutowiredAnnotationBeanPostProcessor - Autowired annotation is not supported on static fields: private static com.gt.quartzService.GenerateMeritAssess com.gt.quartzService.GenerateMeritAssess.createChildTable
2023-05-06 17:33:24.539 [main] WARN  o.s.b.f.a.AutowiredAnnotationBeanPostProcessor - Autowired annotation is not supported on static fields: private static com.gt.quartzService.GenerateMonthPaper com.gt.quartzService.GenerateMonthPaper.createChildTable
2023-05-06 17:33:24.541 [main] WARN  o.s.b.f.a.AutowiredAnnotationBeanPostProcessor - Autowired annotation is not supported on static fields: private static com.gt.quartzService.GenerateProjectAssess com.gt.quartzService.GenerateProjectAssess.createChildTable
2023-05-06 17:33:24.542 [main] WARN  o.s.b.f.a.AutowiredAnnotationBeanPostProcessor - Autowired annotation is not supported on static fields: private static com.gt.quartzService.GenerateWeekPaper com.gt.quartzService.GenerateWeekPaper.createChildTable
2023-05-06 17:33:24.971 [main] WARN  o.s.b.a.o.j.JpaBaseConfiguration$JpaWebConfiguration$JpaWebMvcConfiguration - spring.jpa.open-in-view is enabled by default. Therefore, database queries may be performed during view rendering. Explicitly configure spring.jpa.open-in-view to disable this warning
2023-05-06 17:33:25.768 [main] WARN  o.s.b.a.freemarker.FreeMarkerAutoConfiguration - Cannot find template location(s): [classpath:/templates/] (please add some templates, check your FreeMarker configuration, or set spring.freemarker.checkTemplateLocation=false)
2023-05-06 17:33:38.017 [main] WARN  o.s.b.f.a.AutowiredAnnotationBeanPostProcessor - Autowired annotation is not supported on static fields: private static com.gt.quartzService.GenerateDayPaper com.gt.quartzService.GenerateDayPaper.createChildTable
2023-05-06 17:33:38.019 [main] WARN  o.s.b.f.a.AutowiredAnnotationBeanPostProcessor - Autowired annotation is not supported on static fields: private static com.gt.quartzService.GenerateManhourAssess com.gt.quartzService.GenerateManhourAssess.createChildTable
2023-05-06 17:33:38.019 [main] WARN  o.s.b.f.a.AutowiredAnnotationBeanPostProcessor - Autowired annotation is not supported on static fields: private static com.gt.quartzService.GenerateMeritAssess com.gt.quartzService.GenerateMeritAssess.createChildTable
2023-05-06 17:33:38.020 [main] WARN  o.s.b.f.a.AutowiredAnnotationBeanPostProcessor - Autowired annotation is not supported on static fields: private static com.gt.quartzService.GenerateMonthPaper com.gt.quartzService.GenerateMonthPaper.createChildTable
2023-05-06 17:33:38.022 [main] WARN  o.s.b.f.a.AutowiredAnnotationBeanPostProcessor - Autowired annotation is not supported on static fields: private static com.gt.quartzService.GenerateProjectAssess com.gt.quartzService.GenerateProjectAssess.createChildTable
2023-05-06 17:33:38.023 [main] WARN  o.s.b.f.a.AutowiredAnnotationBeanPostProcessor - Autowired annotation is not supported on static fields: private static com.gt.quartzService.GenerateWeekPaper com.gt.quartzService.GenerateWeekPaper.createChildTable
2023-05-06 17:33:38.436 [main] WARN  o.s.b.a.o.j.JpaBaseConfiguration$JpaWebConfiguration$JpaWebMvcConfiguration - spring.jpa.open-in-view is enabled by default. Therefore, database queries may be performed during view rendering. Explicitly configure spring.jpa.open-in-view to disable this warning
2023-05-06 17:33:39.176 [main] WARN  o.s.b.a.freemarker.FreeMarkerAutoConfiguration - Cannot find template location(s): [classpath:/templates/] (please add some templates, check your FreeMarker configuration, or set spring.freemarker.checkTemplateLocation=false)
2023-05-06 17:33:48.829 [http-nio-8091-exec-6] WARN  org.hibernate.dialect.function.TemplateRenderer - HHH000174: Function template anticipated 4 arguments, but 1 arguments encountered
2023-05-06 17:34:44.829 [main] WARN  o.s.b.f.a.AutowiredAnnotationBeanPostProcessor - Autowired annotation is not supported on static fields: private static com.gt.quartzService.GenerateDayPaper com.gt.quartzService.GenerateDayPaper.createChildTable
2023-05-06 17:34:44.831 [main] WARN  o.s.b.f.a.AutowiredAnnotationBeanPostProcessor - Autowired annotation is not supported on static fields: private static com.gt.quartzService.GenerateManhourAssess com.gt.quartzService.GenerateManhourAssess.createChildTable
2023-05-06 17:34:44.832 [main] WARN  o.s.b.f.a.AutowiredAnnotationBeanPostProcessor - Autowired annotation is not supported on static fields: private static com.gt.quartzService.GenerateMeritAssess com.gt.quartzService.GenerateMeritAssess.createChildTable
2023-05-06 17:34:44.833 [main] WARN  o.s.b.f.a.AutowiredAnnotationBeanPostProcessor - Autowired annotation is not supported on static fields: private static com.gt.quartzService.GenerateMonthPaper com.gt.quartzService.GenerateMonthPaper.createChildTable
2023-05-06 17:34:44.834 [main] WARN  o.s.b.f.a.AutowiredAnnotationBeanPostProcessor - Autowired annotation is not supported on static fields: private static com.gt.quartzService.GenerateProjectAssess com.gt.quartzService.GenerateProjectAssess.createChildTable
2023-05-06 17:34:44.836 [main] WARN  o.s.b.f.a.AutowiredAnnotationBeanPostProcessor - Autowired annotation is not supported on static fields: private static com.gt.quartzService.GenerateWeekPaper com.gt.quartzService.GenerateWeekPaper.createChildTable
2023-05-06 17:34:45.309 [main] WARN  o.s.b.a.o.j.JpaBaseConfiguration$JpaWebConfiguration$JpaWebMvcConfiguration - spring.jpa.open-in-view is enabled by default. Therefore, database queries may be performed during view rendering. Explicitly configure spring.jpa.open-in-view to disable this warning
2023-05-06 17:34:46.592 [main] WARN  o.s.b.a.freemarker.FreeMarkerAutoConfiguration - Cannot find template location(s): [classpath:/templates/] (please add some templates, check your FreeMarker configuration, or set spring.freemarker.checkTemplateLocation=false)
2023-05-06 17:34:48.342 [http-nio-8091-exec-4] WARN  org.hibernate.dialect.function.TemplateRenderer - HHH000174: Function template anticipated 4 arguments, but 1 arguments encountered
2023-05-06 17:35:51.390 [main] WARN  o.s.b.f.a.AutowiredAnnotationBeanPostProcessor - Autowired annotation is not supported on static fields: private static com.gt.quartzService.GenerateDayPaper com.gt.quartzService.GenerateDayPaper.createChildTable
2023-05-06 17:35:51.394 [main] WARN  o.s.b.f.a.AutowiredAnnotationBeanPostProcessor - Autowired annotation is not supported on static fields: private static com.gt.quartzService.GenerateManhourAssess com.gt.quartzService.GenerateManhourAssess.createChildTable
2023-05-06 17:35:51.396 [main] WARN  o.s.b.f.a.AutowiredAnnotationBeanPostProcessor - Autowired annotation is not supported on static fields: private static com.gt.quartzService.GenerateMeritAssess com.gt.quartzService.GenerateMeritAssess.createChildTable
2023-05-06 17:35:51.399 [main] WARN  o.s.b.f.a.AutowiredAnnotationBeanPostProcessor - Autowired annotation is not supported on static fields: private static com.gt.quartzService.GenerateMonthPaper com.gt.quartzService.GenerateMonthPaper.createChildTable
2023-05-06 17:35:51.401 [main] WARN  o.s.b.f.a.AutowiredAnnotationBeanPostProcessor - Autowired annotation is not supported on static fields: private static com.gt.quartzService.GenerateProjectAssess com.gt.quartzService.GenerateProjectAssess.createChildTable
2023-05-06 17:35:51.405 [main] WARN  o.s.b.f.a.AutowiredAnnotationBeanPostProcessor - Autowired annotation is not supported on static fields: private static com.gt.quartzService.GenerateWeekPaper com.gt.quartzService.GenerateWeekPaper.createChildTable
2023-05-06 17:35:52.015 [main] WARN  o.s.b.a.o.j.JpaBaseConfiguration$JpaWebConfiguration$JpaWebMvcConfiguration - spring.jpa.open-in-view is enabled by default. Therefore, database queries may be performed during view rendering. Explicitly configure spring.jpa.open-in-view to disable this warning
2023-05-06 17:35:53.089 [main] WARN  o.s.b.a.freemarker.FreeMarkerAutoConfiguration - Cannot find template location(s): [classpath:/templates/] (please add some templates, check your FreeMarker configuration, or set spring.freemarker.checkTemplateLocation=false)
